<?xml version="1.0" encoding="UTF-8"?>
<testsuites>
  <testsuite name="char-support" timestamp="2026-05-08T12:35:06Z" hostname="bce85fa551e7" tests="6" skipped="0" failures="0" errors="0" time="3.189">
    <testcase time="1.101" classname="char_support" name="CRITDIR_is_factor_and_one_PARAMCD_is_not_available_on_all_AVISITS"/>
    <testcase time="0.331999999999999" classname="char_support" name="CRITDIR_is_factor_and_one_PARAMCD_is_not_available_on_all_AVISITS"/>
    <testcase time="0.565000000000001" classname="char_support" name="CRITDIR_is_not_factor_and_all_PARAMCD_available_on_all_AVISITS"/>
    <testcase time="0.356999999999999" classname="char_support" name="CRITDIR_is_not_factor_and_all_PARAMCD_available_on_all_AVISITS"/>
    <testcase time="0.57" classname="char_support" name="CRITDIR_is_not_factor_and_one_PARAMCD_is_not_available_on_all_AVISITS"/>
    <testcase time="0.264000000000001" classname="char_support" name="CRITDIR_is_not_factor_and_one_PARAMCD_is_not_available_on_all_AVISITS"/>
  </testsuite>
  <testsuite name="listing_adal02" timestamp="2026-05-08T12:35:09Z" hostname="bce85fa551e7" tests="1" skipped="0" failures="0" errors="0" time="0.164">
    <testcase time="0.164" classname="listing_adal02" name="ADAL02_listing_is_produced_correctly"/>
  </testsuite>
  <testsuite name="listing_ael01" timestamp="2026-05-08T12:35:09Z" hostname="bce85fa551e7" tests="1" skipped="0" failures="0" errors="0" time="0.109">
    <testcase time="0.109" classname="listing_ael01" name="AEL01_listing_is_produced_correctly"/>
  </testsuite>
  <testsuite name="listing_ael01_nollt" timestamp="2026-05-08T12:35:09Z" hostname="bce85fa551e7" tests="1" skipped="0" failures="0" errors="0" time="0.054">
    <testcase time="0.0540000000000003" classname="listing_ael01_nollt" name="AEL01_NOLLT_listing_is_produced_correctly"/>
  </testsuite>
  <testsuite name="listing_ael02" timestamp="2026-05-08T12:35:09Z" hostname="bce85fa551e7" tests="1" skipped="0" failures="0" errors="0" time="0.249">
    <testcase time="0.248999999999999" classname="listing_ael02" name="AEL02_listing_is_produced_correctly"/>
  </testsuite>
  <testsuite name="listing_ael02_ed" timestamp="2026-05-08T12:35:09Z" hostname="bce85fa551e7" tests="1" skipped="0" failures="0" errors="0" time="0.294">
    <testcase time="0.294" classname="listing_ael02_ed" name="AEL02_ED_listing_is_produced_correctly"/>
  </testsuite>
  <testsuite name="listing_ael03" timestamp="2026-05-08T12:35:09Z" hostname="bce85fa551e7" tests="1" skipped="0" failures="0" errors="0" time="0.243">
    <testcase time="0.243" classname="listing_ael03" name="AEL03_listing_is_produced_correctly"/>
  </testsuite>
  <testsuite name="listing_ael04" timestamp="2026-05-08T12:35:10Z" hostname="bce85fa551e7" tests="1" skipped="0" failures="0" errors="0" time="0.174">
    <testcase time="0.173999999999999" classname="listing_ael04" name="AEL04_listing_is_produced_correctly"/>
  </testsuite>
  <testsuite name="listing_cml01" timestamp="2026-05-08T12:35:10Z" hostname="bce85fa551e7" tests="1" skipped="0" failures="0" errors="0" time="0.302">
    <testcase time="0.302000000000001" classname="listing_cml01" name="CML01_listing_is_produced_correctly"/>
  </testsuite>
  <testsuite name="listing_cml02a_gl" timestamp="2026-05-08T12:35:10Z" hostname="bce85fa551e7" tests="1" skipped="0" failures="0" errors="0" time="0.102">
    <testcase time="0.102" classname="listing_cml02a_gl" name="CML02A_GL_listing_is_produced_correctly"/>
  </testsuite>
  <testsuite name="listing_cml02b_gl" timestamp="2026-05-08T12:35:10Z" hostname="bce85fa551e7" tests="1" skipped="0" failures="0" errors="0" time="0.15">
    <testcase time="0.149999999999999" classname="listing_cml02b_gl" name="CML02B_GL_listing_is_produced_correctly"/>
  </testsuite>
  <testsuite name="listing_dsl01" timestamp="2026-05-08T12:35:10Z" hostname="bce85fa551e7" tests="1" skipped="0" failures="0" errors="0" time="0.145">
    <testcase time="0.145000000000001" classname="listing_dsl01" name="DSL01_listing_is_produced_correctly"/>
  </testsuite>
  <testsuite name="listing_dsl02" timestamp="2026-05-08T12:35:11Z" hostname="bce85fa551e7" tests="1" skipped="0" failures="0" errors="0" time="0.062">
    <testcase time="0.0619999999999994" classname="listing_dsl02" name="DSL02_listing_is_produced_correctly"/>
  </testsuite>
  <testsuite name="listing_dsur4" timestamp="2026-05-08T12:35:11Z" hostname="bce85fa551e7" tests="1" skipped="0" failures="0" errors="0" time="0.086">
    <testcase time="0.0860000000000003" classname="listing_dsur4" name="DSUR4_listing_is_produced_correctly"/>
  </testsuite>
  <testsuite name="listing_egl01" timestamp="2026-05-08T12:35:11Z" hostname="bce85fa551e7" tests="1" skipped="0" failures="0" errors="0" time="0.41">
    <testcase time="0.41" classname="listing_egl01" name="EGL01_listing_is_produced_correctly"/>
  </testsuite>
  <testsuite name="listing_exl01" timestamp="2026-05-08T12:35:11Z" hostname="bce85fa551e7" tests="1" skipped="0" failures="0" errors="0" time="0.191">
    <testcase time="0.190999999999999" classname="listing_exl01" name="EXL01_listing_is_produced_correctly"/>
  </testsuite>
  <testsuite name="listing_lbl01" timestamp="2026-05-08T12:35:11Z" hostname="bce85fa551e7" tests="1" skipped="0" failures="0" errors="0" time="0.507">
    <testcase time="0.507" classname="listing_lbl01" name="LBL01_listing_is_produced_correctly"/>
  </testsuite>
  <testsuite name="listing_lbl01_rls" timestamp="2026-05-08T12:35:12Z" hostname="bce85fa551e7" tests="1" skipped="0" failures="0" errors="0" time="0.471">
    <testcase time="0.471000000000002" classname="listing_lbl01_rls" name="LBL01_RLS_listing_is_produced_correctly"/>
  </testsuite>
  <testsuite name="listing_lbl02a" timestamp="2026-05-08T12:35:12Z" hostname="bce85fa551e7" tests="1" skipped="0" failures="0" errors="0" time="0.23">
    <testcase time="0.23" classname="listing_lbl02a" name="LBL02A_listing_is_produced_correctly"/>
  </testsuite>
  <testsuite name="listing_lbl02a_rls" timestamp="2026-05-08T12:35:13Z" hostname="bce85fa551e7" tests="1" skipped="0" failures="0" errors="0" time="0.765">
    <testcase time="0.764999999999997" classname="listing_lbl02a_rls" name="LBL02A_RLS_listing_is_produced_correctly"/>
  </testsuite>
  <testsuite name="listing_lbl02b" timestamp="2026-05-08T12:35:13Z" hostname="bce85fa551e7" tests="1" skipped="0" failures="0" errors="0" time="0.23">
    <testcase time="0.23" classname="listing_lbl02b" name="LBL02B_listing_is_produced_correctly"/>
  </testsuite>
  <testsuite name="listing_mhl01" timestamp="2026-05-08T12:35:14Z" hostname="bce85fa551e7" tests="1" skipped="0" failures="0" errors="0" time="0.225">
    <testcase time="0.225000000000001" classname="listing_mhl01" name="MHL01_listing_is_produced_correctly"/>
  </testsuite>
  <testsuite name="listing_oncl01" timestamp="2026-05-08T12:35:14Z" hostname="bce85fa551e7" tests="1" skipped="0" failures="0" errors="0" time="0.19">
    <testcase time="0.190000000000001" classname="listing_oncl01" name="ONCL01_listing_is_produced_correctly"/>
  </testsuite>
  <testsuite name="listing_pkcl01" timestamp="2026-05-08T12:35:14Z" hostname="bce85fa551e7" tests="2" skipped="0" failures="0" errors="0" time="0.463">
    <testcase time="0.162999999999997" classname="listing_pkcl01" name="PKCL01_listing_is_produced_correctly"/>
    <testcase time="0.300000000000001" classname="listing_pkcl01" name="PKCL01_listing_key_columns_values_are_repeated_when_entries_span_multiple_pages"/>
  </testsuite>
  <testsuite name="listing_pkcl02" timestamp="2026-05-08T12:35:14Z" hostname="bce85fa551e7" tests="1" skipped="0" failures="0" errors="0" time="0.184">
    <testcase time="0.184000000000001" classname="listing_pkcl02" name="PKCL02_listing_is_produced_correctly"/>
  </testsuite>
  <testsuite name="listing_pkpl01" timestamp="2026-05-08T12:35:15Z" hostname="bce85fa551e7" tests="1" skipped="0" failures="0" errors="0" time="0.181">
    <testcase time="0.181000000000001" classname="listing_pkpl01" name="PKPL01_listing_is_produced_correctly"/>
  </testsuite>
  <testsuite name="listing_pkpl02" timestamp="2026-05-08T12:35:15Z" hostname="bce85fa551e7" tests="1" skipped="0" failures="0" errors="0" time="0.118">
    <testcase time="0.117999999999999" classname="listing_pkpl02" name="PKPL02_listing_is_produced_correctly"/>
  </testsuite>
  <testsuite name="listing_pkpl04" timestamp="2026-05-08T12:35:15Z" hostname="bce85fa551e7" tests="1" skipped="0" failures="0" errors="0" time="0.199">
    <testcase time="0.199000000000002" classname="listing_pkpl04" name="PKPL04_listing_is_produced_correctly"/>
  </testsuite>
  <testsuite name="listing_vsl01" timestamp="2026-05-08T12:35:15Z" hostname="bce85fa551e7" tests="1" skipped="0" failures="0" errors="0" time="0.389">
    <testcase time="0.388999999999999" classname="listing_vsl01" name="VSL01_listing_is_produced_correctly"/>
  </testsuite>
  <testsuite name="lsfae01" timestamp="2026-05-08T12:35:15Z" hostname="bce85fa551e7" tests="1" skipped="0" failures="0" errors="0" time="0.578">
    <testcase time="0.577999999999999" classname="lsfae01" name="lsfae01"/>
  </testsuite>
  <testsuite name="lsfae02" timestamp="2026-05-08T12:35:16Z" hostname="bce85fa551e7" tests="1" skipped="0" failures="0" errors="0" time="0.43">
    <testcase time="0.43" classname="lsfae02" name="lsfae02"/>
  </testsuite>
  <testsuite name="lsfae03" timestamp="2026-05-08T12:35:17Z" hostname="bce85fa551e7" tests="1" skipped="0" failures="0" errors="0" time="0.297">
    <testcase time="0.297000000000001" classname="lsfae03" name="lsfae03"/>
  </testsuite>
  <testsuite name="lsfae04" timestamp="2026-05-08T12:35:17Z" hostname="bce85fa551e7" tests="1" skipped="0" failures="0" errors="0" time="0.181">
    <testcase time="0.181000000000001" classname="lsfae04" name="lsfae04"/>
  </testsuite>
  <testsuite name="lsfae05" timestamp="2026-05-08T12:35:17Z" hostname="bce85fa551e7" tests="1" skipped="0" failures="0" errors="0" time="0.471">
    <testcase time="0.471" classname="lsfae05" name="lsfae05"/>
  </testsuite>
  <testsuite name="lsfae06a" timestamp="2026-05-08T12:35:17Z" hostname="bce85fa551e7" tests="1" skipped="0" failures="0" errors="0" time="0.397">
    <testcase time="0.396999999999998" classname="lsfae06a" name="lsfae06a"/>
  </testsuite>
  <testsuite name="lsfae06b" timestamp="2026-05-08T12:35:18Z" hostname="bce85fa551e7" tests="1" skipped="0" failures="0" errors="0" time="0.392">
    <testcase time="0.391999999999999" classname="lsfae06b" name="lsfae06b"/>
  </testsuite>
  <testsuite name="lsfdth01" timestamp="2026-05-08T12:35:18Z" hostname="bce85fa551e7" tests="1" skipped="0" failures="0" errors="0" time="0.193">
    <testcase time="0.193000000000001" classname="lsfdth01" name="lsfdth01"/>
  </testsuite>
  <testsuite name="lsfecg01" timestamp="2026-05-08T12:35:18Z" hostname="bce85fa551e7" tests="1" skipped="0" failures="0" errors="0" time="0.683">
    <testcase time="0.683" classname="lsfecg01" name="lsfecg01"/>
  </testsuite>
  <testsuite name="lsfecg02part1" timestamp="2026-05-08T12:35:19Z" hostname="bce85fa551e7" tests="1" skipped="0" failures="0" errors="0" time="1.759">
    <testcase time="1.759" classname="lsfecg02part1" name="lsfecg02part1of3"/>
  </testsuite>
  <testsuite name="lsfecg02part2" timestamp="2026-05-08T12:35:21Z" hostname="bce85fa551e7" tests="1" skipped="0" failures="0" errors="0" time="1.374">
    <testcase time="1.374" classname="lsfecg02part2" name="lsfecg02part2of3"/>
  </testsuite>
  <testsuite name="lsfecg02part3" timestamp="2026-05-08T12:35:22Z" hostname="bce85fa551e7" tests="1" skipped="0" failures="0" errors="0" time="1.372">
    <testcase time="1.372" classname="lsfecg02part3" name="lsfecg02part3of3"/>
  </testsuite>
  <testsuite name="lsflab01" timestamp="2026-05-08T12:35:24Z" hostname="bce85fa551e7" tests="1" skipped="0" failures="0" errors="0" time="0.519">
    <testcase time="0.519000000000002" classname="lsflab01" name="lsflab01"/>
  </testsuite>
  <testsuite name="lsfvit01" timestamp="2026-05-08T12:35:24Z" hostname="bce85fa551e7" tests="1" skipped="0" failures="0" errors="0" time="1.439">
    <testcase time="1.439" classname="lsfvit01" name="lsfvit01"/>
  </testsuite>
  <testsuite name="lsfvit02" timestamp="2026-05-08T12:35:26Z" hostname="bce85fa551e7" tests="1" skipped="0" failures="0" errors="0" time="1.876">
    <testcase time="1.876" classname="lsfvit02" name="lsfvit02"/>
  </testsuite>
  <testsuite name="lsicm01" timestamp="2026-05-08T12:35:27Z" hostname="bce85fa551e7" tests="1" skipped="0" failures="0" errors="0" time="0.565">
    <testcase time="0.565000000000001" classname="lsicm01" name="lsicm01"/>
  </testsuite>
  <testsuite name="lsidem01" timestamp="2026-05-08T12:35:28Z" hostname="bce85fa551e7" tests="1" skipped="0" failures="0" errors="0" time="0.395">
    <testcase time="0.394999999999996" classname="lsidem01" name="lsidem01"/>
  </testsuite>
  <testsuite name="lsidem02" timestamp="2026-05-08T12:35:28Z" hostname="bce85fa551e7" tests="1" skipped="0" failures="0" errors="0" time="0.345">
    <testcase time="0.345000000000006" classname="lsidem02" name="lsidem02"/>
  </testsuite>
  <testsuite name="lsids01" timestamp="2026-05-08T12:35:29Z" hostname="bce85fa551e7" tests="1" skipped="0" failures="0" errors="0" time="0.38">
    <testcase time="0.379999999999995" classname="lsids01" name="lsids01"/>
  </testsuite>
  <testsuite name="lsids02" timestamp="2026-05-08T12:35:29Z" hostname="bce85fa551e7" tests="1" skipped="0" failures="0" errors="0" time="0.385">
    <testcase time="0.384999999999998" classname="lsids02" name="lsids02"/>
  </testsuite>
  <testsuite name="lsids03" timestamp="2026-05-08T12:35:30Z" hostname="bce85fa551e7" tests="1" skipped="0" failures="0" errors="0" time="0.399">
    <testcase time="0.399000000000001" classname="lsids03" name="lsids03"/>
  </testsuite>
  <testsuite name="lsids04" timestamp="2026-05-08T12:35:30Z" hostname="bce85fa551e7" tests="1" skipped="0" failures="0" errors="0" time="0.141">
    <testcase time="0.141000000000005" classname="lsids04" name="lsids04"/>
  </testsuite>
  <testsuite name="lsids05" timestamp="2026-05-08T12:35:30Z" hostname="bce85fa551e7" tests="1" skipped="0" failures="0" errors="0" time="0.124">
    <testcase time="0.123999999999995" classname="lsids05" name="lsids05"/>
  </testsuite>
  <testsuite name="lsiex01" timestamp="2026-05-08T12:35:30Z" hostname="bce85fa551e7" tests="1" skipped="0" failures="0" errors="0" time="0.428">
    <testcase time="0.428000000000004" classname="lsiex01" name="lsiex01"/>
  </testsuite>
  <testsuite name="lsiex02" timestamp="2026-05-08T12:35:31Z" hostname="bce85fa551e7" tests="1" skipped="0" failures="0" errors="0" time="0.342">
    <testcase time="0.341999999999999" classname="lsiex02" name="lsiex02"/>
  </testsuite>
  <testsuite name="lsiex03" timestamp="2026-05-08T12:35:31Z" hostname="bce85fa551e7" tests="1" skipped="0" failures="0" errors="0" time="0.479">
    <testcase time="0.478999999999999" classname="lsiex03" name="lsiex03"/>
  </testsuite>
  <testsuite name="lsimh01" timestamp="2026-05-08T12:35:31Z" hostname="bce85fa551e7" tests="1" skipped="0" failures="0" errors="0" time="0.41">
    <testcase time="0.409999999999997" classname="lsimh01" name="lsimh01"/>
  </testsuite>
  <testsuite name="pagination_listing" timestamp="2026-05-08T12:35:32Z" hostname="bce85fa551e7" tests="13" skipped="0" failures="0" errors="0" time="3.435">
    <testcase time="0.0320000000000036" classname="pagination_listing" name="Direct_pagination_works_fine"/>
    <testcase time="0.558999999999997" classname="pagination_listing" name="Direct_pagination_works_fine"/>
    <testcase time="0.00300000000000011" classname="pagination_listing" name="Direct_pagination_works_fine"/>
    <testcase time="0.522999999999996" classname="pagination_listing" name="Direct_pagination_works_fine"/>
    <testcase time="0.881999999999998" classname="pagination_listing" name="Direct_pagination_works_fine"/>
    <testcase time="0.702000000000005" classname="pagination_listing" name="pagination_counts_the_right_number_of_lines_when_wrapping_on_keycols_is_present"/>
    <testcase time="0.0069999999999979" classname="pagination_listing" name="pagination_counts_the_right_number_of_lines_when_wrapping_on_keycols_is_present"/>
    <testcase time="0.00500000000000256" classname="pagination_listing" name="pagination_counts_the_right_number_of_lines_when_wrapping_on_keycols_is_present"/>
    <testcase time="0.00399999999999778" classname="pagination_listing" name="pagination_counts_the_right_number_of_lines_when_wrapping_on_keycols_is_present"/>
    <testcase time="0.704000000000001" classname="pagination_listing" name="pagination_counts_the_right_number_of_lines_when_wrapping_on_keycols_is_present"/>
    <testcase time="0.00600000000000023" classname="pagination_listing" name="pagination_counts_the_right_number_of_lines_when_wrapping_on_keycols_is_present"/>
    <testcase time="0.00399999999999778" classname="pagination_listing" name="pagination_counts_the_right_number_of_lines_when_wrapping_on_keycols_is_present"/>
    <testcase time="0.00399999999999778" classname="pagination_listing" name="pagination_counts_the_right_number_of_lines_when_wrapping_on_keycols_is_present"/>
  </testsuite>
  <testsuite name="pagination_table" timestamp="2026-05-08T12:35:36Z" hostname="bce85fa551e7" tests="30" skipped="0" failures="0" errors="0" time="13.015">
    <testcase time="1.687" classname="pagination_table" name="Direct_pagination_with_standard_values"/>
    <testcase time="0.00499999999999545" classname="pagination_table" name="Direct_pagination_with_standard_values"/>
    <testcase time="0.00300000000000011" classname="pagination_table" name="Direct_pagination_with_standard_values"/>
    <testcase time="1.21700000000001" classname="pagination_table" name="Pagination_with_specific_column_widths_and_minimum_lines_per_page"/>
    <testcase time="0.00399999999999778" classname="pagination_table" name="Pagination_with_specific_column_widths_and_minimum_lines_per_page"/>
    <testcase time="0.104999999999997" classname="pagination_table" name="Pagination_with_specific_column_widths_and_minimum_lines_per_page"/>
    <testcase time="0.955000000000005" classname="pagination_table" name="Pagination_works_also_if_table_is_decorated"/>
    <testcase time="0.512" classname="pagination_table" name="Pagination_works_also_if_table_is_decorated"/>
    <testcase time="1.05" classname="pagination_table" name="Pagination_works_also_if_table_is_decorated"/>
    <testcase time="0.558999999999997" classname="pagination_table" name="Pagination_works_also_if_table_is_decorated"/>
    <testcase time="1.178" classname="pagination_table" name="Pagination_works_also_if_table_is_decorated"/>
    <testcase time="0.266999999999996" classname="pagination_table" name="Pagination_works_also_if_table_is_decorated"/>
    <testcase time="0.00300000000000011" classname="pagination_table" name="Pagination_works_also_if_table_is_decorated"/>
    <testcase time="0.00900000000000034" classname="pagination_table" name="Pagination_works_also_if_table_is_decorated"/>
    <testcase time="0.115000000000002" classname="pagination_table" name="Pagination_works_also_if_table_is_decorated"/>
    <testcase time="0.0670000000000002" classname="pagination_table" name="Pagination_works_also_if_table_is_decorated"/>
    <testcase time="0.591999999999999" classname="pagination_table" name="Pagination_works_for_page_types"/>
    <testcase time="0.0570000000000022" classname="pagination_table" name="Pagination_works_for_page_types"/>
    <testcase time="0.611999999999995" classname="pagination_table" name="Pagination_works_for_page_types"/>
    <testcase time="0.0570000000000022" classname="pagination_table" name="Pagination_works_for_page_types"/>
    <testcase time="0.564999999999998" classname="pagination_table" name="Pagination_works_for_page_types"/>
    <testcase time="0.330000000000005" classname="pagination_table" name="Pagination_works_for_page_types"/>
    <testcase time="0.597999999999999" classname="pagination_table" name="Pagination_works_for_page_width_and_height"/>
    <testcase time="0.109999999999999" classname="pagination_table" name="Pagination_works_for_page_width_and_height"/>
    <testcase time="0.683" classname="pagination_table" name="Pagination_works_for_page_types"/>
    <testcase time="0.134999999999998" classname="pagination_table" name="Pagination_works_for_page_types"/>
    <testcase time="0.855000000000004" classname="pagination_table" name="AET04_variant_2_page_by_pagination_tests"/>
    <testcase time="0.556999999999995" classname="pagination_table" name="AET04_variant_2_page_by_pagination_tests"/>
    <testcase time="0.00200000000000244" classname="pagination_table" name="AET04_variant_2_page_by_pagination_tests"/>
    <testcase time="0.125999999999998" classname="pagination_table" name="AET04_variant_2_page_by_pagination_tests"/>
  </testsuite>
  <testsuite name="table_adat03" timestamp="2026-05-08T12:35:48Z" hostname="bce85fa551e7" tests="2" skipped="0" failures="0" errors="0" time="0.552">
    <testcase time="0.429000000000002" classname="table_adat03" name="ADAT03_is_produced_correctly"/>
    <testcase time="0.122999999999998" classname="table_adat03" name="ADAT03_is_produced_correctly"/>
  </testsuite>
  <testsuite name="table_aet01" timestamp="2026-05-08T12:35:49Z" hostname="bce85fa551e7" tests="8" skipped="0" failures="0" errors="0" time="1.729">
    <testcase time="0.385000000000005" classname="table_aet01" name="Safety_Summary_Variant_1_works_as_expected"/>
    <testcase time="0.0919999999999987" classname="table_aet01" name="Safety_Summary_Variant_1_works_as_expected"/>
    <testcase time="0.339999999999996" classname="table_aet01" name="Safety_Summary_Variant_2_with_Medical_Concepts_Section_works_as_expected"/>
    <testcase time="0.088000000000001" classname="table_aet01" name="Safety_Summary_Variant_2_with_Medical_Concepts_Section_works_as_expected"/>
    <testcase time="0.274999999999999" classname="table_aet01" name="Safety_Summary_Variant_3_with_Modified_Rows_works_as_expected"/>
    <testcase time="0.0680000000000049" classname="table_aet01" name="Safety_Summary_Variant_3_with_Modified_Rows_works_as_expected"/>
    <testcase time="0.373999999999995" classname="table_aet01" name="Safety_Summary_Variant_4_with_Rows_Counting_Events_and_Additional_Sections_works_as_expected"/>
    <testcase time="0.107000000000006" classname="table_aet01" name="Safety_Summary_Variant_4_with_Rows_Counting_Events_and_Additional_Sections_works_as_expected"/>
  </testsuite>
  <testsuite name="table_aet01_aesi" timestamp="2026-05-08T12:35:51Z" hostname="bce85fa551e7" tests="8" skipped="0" failures="0" errors="0" time="2.669">
    <testcase time="0.290999999999997" classname="table_aet01_aesi" name="AET01_AESI_Variant_1_works_as_expected"/>
    <testcase time="0.0750000000000028" classname="table_aet01_aesi" name="AET01_AESI_Variant_1_works_as_expected"/>
    <testcase time="0.515000000000001" classname="table_aet01_aesi" name="AET01_AESI_Variant_2_works_as_expected"/>
    <testcase time="0.116999999999997" classname="table_aet01_aesi" name="AET01_AESI_Variant_2_works_as_expected"/>
    <testcase time="0.713000000000001" classname="table_aet01_aesi" name="AET01_AESI_Variant_3_works_as_expected"/>
    <testcase time="0.174999999999997" classname="table_aet01_aesi" name="AET01_AESI_Variant_3_works_as_expected"/>
    <testcase time="0.605000000000004" classname="table_aet01_aesi" name="AET01_AESI_Variant_4_works_as_expected"/>
    <testcase time="0.177999999999997" classname="table_aet01_aesi" name="AET01_AESI_Variant_4_works_as_expected"/>
  </testsuite>
  <testsuite name="table_aet02" timestamp="2026-05-08T12:35:53Z" hostname="bce85fa551e7" tests="26" skipped="0" failures="0" errors="0" time="8.211">
    <testcase time="0.579999999999998" classname="table_aet02" name="AET02_variant_1_is_produced_correctly"/>
    <testcase time="0.152000000000001" classname="table_aet02" name="AET02_variant_1_is_produced_correctly"/>
    <testcase time="0.384" classname="table_aet02" name="AET02_variant_1_is_produced_correctly"/>
    <testcase time="0.100000000000001" classname="table_aet02" name="AET02_variant_1_is_produced_correctly"/>
    <testcase time="0.665999999999997" classname="table_aet02" name="AET02_variant_2_is_produced_correctly"/>
    <testcase time="0.147000000000006" classname="table_aet02" name="AET02_variant_2_is_produced_correctly"/>
    <testcase time="0.986999999999995" classname="table_aet02" name="AET02_variant_3_is_produced_correctly"/>
    <testcase time="0.273000000000003" classname="table_aet02" name="AET02_variant_3_is_produced_correctly"/>
    <testcase time="0.140000000000001" classname="table_aet02" name="AET02_variant_4_is_produced_correctly"/>
    <testcase time="0.0889999999999986" classname="table_aet02" name="AET02_variant_4_is_produced_correctly"/>
    <testcase time="0.421999999999997" classname="table_aet02" name="AET02_variant_5_is_produced_correctly"/>
    <testcase time="0.140000000000001" classname="table_aet02" name="AET02_variant_5_is_produced_correctly"/>
    <testcase time="0.413000000000004" classname="table_aet02" name="AET02_variant_6_is_produced_correctly"/>
    <testcase time="0.0949999999999989" classname="table_aet02" name="AET02_variant_6_is_produced_correctly"/>
    <testcase time="0.972000000000001" classname="table_aet02" name="AET02_variant_7_is_produced_correctly"/>
    <testcase time="0.140999999999998" classname="table_aet02" name="AET02_variant_7_is_produced_correctly"/>
    <testcase time="0.420999999999999" classname="table_aet02" name="AET02_variant_8_is_produced_correctly"/>
    <testcase time="0.0750000000000028" classname="table_aet02" name="AET02_variant_8_is_produced_correctly"/>
    <testcase time="0.419999999999995" classname="table_aet02" name="AET02_variant_9_is_produced_correctly"/>
    <testcase time="0.078000000000003" classname="table_aet02" name="AET02_variant_9_is_produced_correctly"/>
    <testcase time="0.443000000000005" classname="table_aet02" name="AET02_variant_10_is_produced_correctly"/>
    <testcase time="0.0659999999999883" classname="table_aet02" name="AET02_variant_10_is_produced_correctly"/>
    <testcase time="0.445000000000007" classname="table_aet02" name="AET02_variant_11_is_produced_correctly"/>
    <testcase time="0.0549999999999926" classname="table_aet02" name="AET02_variant_11_is_produced_correctly"/>
    <testcase time="0.425000000000011" classname="table_aet02" name="AET02_variant_12_is_produced_correctly"/>
    <testcase time="0.0819999999999936" classname="table_aet02" name="AET02_variant_12_is_produced_correctly"/>
  </testsuite>
  <testsuite name="table_aet02_smq" timestamp="2026-05-08T12:36:01Z" hostname="bce85fa551e7" tests="4" skipped="0" failures="0" errors="0" time="0.418">
    <testcase time="0.116" classname="table_aet02_smq" name="AET02SMQ_variant_1_is_produced_correctly"/>
    <testcase time="0.0720000000000027" classname="table_aet02_smq" name="AET02SMQ_variant_1_is_produced_correctly"/>
    <testcase time="0.165999999999997" classname="table_aet02_smq" name="AET02SMQ_variant_2_is_produced_correctly"/>
    <testcase time="0.0640000000000072" classname="table_aet02_smq" name="AET02SMQ_variant_2_is_produced_correctly"/>
  </testsuite>
  <testsuite name="table_aet03" timestamp="2026-05-08T12:36:02Z" hostname="bce85fa551e7" tests="6" skipped="0" failures="0" errors="0" time="4.753">
    <testcase time="1.46599999999999" classname="table_aet03" name="AET03_variant_1_is_produced_correctly"/>
    <testcase time="0.359999999999999" classname="table_aet03" name="AET03_variant_1_is_produced_correctly"/>
    <testcase time="1.191" classname="table_aet03" name="AET03_variant_1_is_produced_correctly"/>
    <testcase time="0.596000000000004" classname="table_aet03" name="AET03_variant_1_is_produced_correctly"/>
    <testcase time="0.953000000000003" classname="table_aet03" name="AET03_variant_1_is_produced_correctly"/>
    <testcase time="0.186999999999998" classname="table_aet03" name="AET03_variant_1_is_produced_correctly"/>
  </testsuite>
  <testsuite name="table_aet04" timestamp="2026-05-08T12:36:07Z" hostname="bce85fa551e7" tests="30" skipped="0" failures="0" errors="0" time="11.931">
    <testcase time="0.750999999999991" classname="table_aet04" name="AET04_variant_1_is_produced_correctly"/>
    <testcase time="0.277000000000001" classname="table_aet04" name="AET04_variant_1_is_produced_correctly"/>
    <testcase time="0.691000000000003" classname="table_aet04" name="AET04_variant_1_is_produced_correctly"/>
    <testcase time="0.0400000000000063" classname="table_aet04" name="AET04_variant_1_is_produced_correctly"/>
    <testcase time="0.046999999999997" classname="table_aet04" name="AET04_variant_1_is_produced_correctly"/>
    <testcase time="0.664000000000001" classname="table_aet04" name="AET04_variant_2_is_produced_correctly_Fill_in_of_Treatment_Groups_"/>
    <testcase time="0.245999999999995" classname="table_aet04" name="AET04_variant_2_is_produced_correctly_Fill_in_of_Treatment_Groups_"/>
    <testcase time="0.665999999999997" classname="table_aet04" name="AET04_variant_2_is_produced_correctly_Fill_in_of_Treatment_Groups_"/>
    <testcase time="0.0370000000000061" classname="table_aet04" name="AET04_variant_2_is_produced_correctly_Fill_in_of_Treatment_Groups_"/>
    <testcase time="0.0360000000000014" classname="table_aet04" name="AET04_variant_2_is_produced_correctly_Fill_in_of_Treatment_Groups_"/>
    <testcase time="0.706000000000003" classname="table_aet04" name="AET04_variant_3_is_produced_correctly_Fill_in_of_Grades_"/>
    <testcase time="0.298999999999992" classname="table_aet04" name="AET04_variant_3_is_produced_correctly_Fill_in_of_Grades_"/>
    <testcase time="0.742999999999995" classname="table_aet04" name="AET04_variant_3_is_produced_correctly_Fill_in_of_Grades_"/>
    <testcase time="0.0390000000000015" classname="table_aet04" name="AET04_variant_3_is_produced_correctly_Fill_in_of_Grades_"/>
    <testcase time="0.0380000000000109" classname="table_aet04" name="AET04_variant_3_is_produced_correctly_Fill_in_of_Grades_"/>
    <testcase time="0.717999999999989" classname="table_aet04" name="AET04_variant_4_is_produced_correctly_Collapsing_of_Grades_grades_1_2_grades_3_4_5_"/>
    <testcase time="0.284000000000006" classname="table_aet04" name="AET04_variant_4_is_produced_correctly_Collapsing_of_Grades_grades_1_2_grades_3_4_5_"/>
    <testcase time="0.727000000000004" classname="table_aet04" name="AET04_variant_4_is_produced_correctly_Collapsing_of_Grades_grades_1_2_grades_3_4_5_"/>
    <testcase time="0.771999999999991" classname="table_aet04" name="AET04_variant_6_is_produced_correctly_with_an_Incidence_Rate_of_at_Least_5_totals_restricted_"/>
    <testcase time="0.277000000000001" classname="table_aet04" name="AET04_variant_6_is_produced_correctly_with_an_Incidence_Rate_of_at_Least_5_totals_restricted_"/>
    <testcase time="0.743000000000009" classname="table_aet04" name="AET04_variant_6_is_produced_correctly_with_an_Incidence_Rate_of_at_Least_5_totals_restricted_"/>
    <testcase time="0.00999999999999091" classname="table_aet04" name="AET04_variant_8_is_produced_correctly_with_an_Incidence_Rate_of_at_Least_X_Patients_"/>
    <testcase time="0.275999999999996" classname="table_aet04" name="AET04_variant_8_is_produced_correctly_with_an_Incidence_Rate_of_at_Least_X_Patients_"/>
    <testcase time="0.742000000000004" classname="table_aet04" name="AET04_variant_8_is_produced_correctly_with_an_Incidence_Rate_of_at_Least_X_Patients_"/>
    <testcase time="0.0100000000000051" classname="table_aet04" name="AET04_variant_9_is_produced_correctly_with_a_Difference_in_Incidence_Rate_of_at_Least_X_"/>
    <testcase time="0.310999999999993" classname="table_aet04" name="AET04_variant_9_is_produced_correctly_with_a_Difference_in_Incidence_Rate_of_at_Least_X_"/>
    <testcase time="0.736000000000004" classname="table_aet04" name="AET04_variant_9_is_produced_correctly_with_a_Difference_in_Incidence_Rate_of_at_Least_X_"/>
    <testcase time="0.0100000000000051" classname="table_aet04" name="AET04_variant_11_is_produced_correctly_with_Incidence_Rate_of_at_Least_X_all_SOCs_w_o_preferred_terms_removed_"/>
    <testcase time="0.298999999999992" classname="table_aet04" name="AET04_variant_11_is_produced_correctly_with_Incidence_Rate_of_at_Least_X_all_SOCs_w_o_preferred_terms_removed_"/>
    <testcase time="0.736000000000004" classname="table_aet04" name="AET04_variant_11_is_produced_correctly_with_Incidence_Rate_of_at_Least_X_all_SOCs_w_o_preferred_terms_removed_"/>
  </testsuite>
  <testsuite name="table_aet04_pi" timestamp="2026-05-08T12:36:19Z" hostname="bce85fa551e7" tests="18" skipped="0" failures="0" errors="0" time="6.944">
    <testcase time="0.616" classname="table_aet04_pi" name="AET04_PI_full_table_is_produced_correctly"/>
    <testcase time="0.188999999999993" classname="table_aet04_pi" name="AET04_PI_full_table_is_produced_correctly"/>
    <testcase time="0.635000000000005" classname="table_aet04_pi" name="AET04_PI_variant_1_is_produced_correctly"/>
    <testcase time="0.150000000000006" classname="table_aet04_pi" name="AET04_PI_variant_1_is_produced_correctly"/>
    <testcase time="0.626999999999995" classname="table_aet04_pi" name="AET04_PI_variant_2_is_produced_correctly"/>
    <testcase time="0.108999999999995" classname="table_aet04_pi" name="AET04_PI_variant_2_is_produced_correctly"/>
    <testcase time="0.623000000000005" classname="table_aet04_pi" name="AET04_PI_variant_3_is_produced_correctly"/>
    <testcase time="0.123999999999995" classname="table_aet04_pi" name="AET04_PI_variant_3_is_produced_correctly"/>
    <testcase time="0.621000000000009" classname="table_aet04_pi" name="AET04_PI_variant_4_is_produced_correctly"/>
    <testcase time="0.0849999999999937" classname="table_aet04_pi" name="AET04_PI_variant_4_is_produced_correctly"/>
    <testcase time="0.638000000000005" classname="table_aet04_pi" name="AET04_PI_variant_5_is_produced_correctly"/>
    <testcase time="0.140000000000001" classname="table_aet04_pi" name="AET04_PI_variant_5_is_produced_correctly"/>
    <testcase time="0.771000000000001" classname="table_aet04_pi" name="AET04_PI_variant_6_is_produced_correctly"/>
    <testcase time="0.141999999999996" classname="table_aet04_pi" name="AET04_PI_variant_6_is_produced_correctly"/>
    <testcase time="1.038" classname="table_aet04_pi" name="AET04_PI_variant_7_is_produced_correctly"/>
    <testcase time="0.119" classname="table_aet04_pi" name="AET04_PI_variant_7_is_produced_correctly"/>
    <testcase time="0.219999999999999" classname="table_aet04_pi" name="AET04_PI_variant_8_is_produced_correctly"/>
    <testcase time="0.0970000000000084" classname="table_aet04_pi" name="AET04_PI_variant_8_is_produced_correctly"/>
  </testsuite>
  <testsuite name="table_aet05" timestamp="2026-05-08T12:36:26Z" hostname="bce85fa551e7" tests="4" skipped="0" failures="0" errors="0" time="0.251">
    <testcase time="0.108999999999995" classname="table_aet05" name="AET05_variant_1_is_produced_correctly"/>
    <testcase time="0.0420000000000016" classname="table_aet05" name="AET05_variant_1_is_produced_correctly"/>
    <testcase time="0.0579999999999927" classname="table_aet05" name="AET05_variant_2_is_produced_correctly"/>
    <testcase time="0.0420000000000016" classname="table_aet05" name="AET05_variant_2_is_produced_correctly"/>
  </testsuite>
  <testsuite name="table_aet05_all" timestamp="2026-05-08T12:36:26Z" hostname="bce85fa551e7" tests="4" skipped="0" failures="0" errors="0" time="0.27">
    <testcase time="0.118000000000009" classname="table_aet05_all" name="AET05_ALL_variant_1_is_produced_correctly"/>
    <testcase time="0.0420000000000016" classname="table_aet05_all" name="AET05_ALL_variant_1_is_produced_correctly"/>
    <testcase time="0.0599999999999881" classname="table_aet05_all" name="AET05_ALL_variant_2_is_produced_correctly"/>
    <testcase time="0.0500000000000114" classname="table_aet05_all" name="AET05_ALL_variant_2_is_produced_correctly"/>
  </testsuite>
  <testsuite name="table_aet06" timestamp="2026-05-08T12:36:26Z" hostname="bce85fa551e7" tests="6" skipped="0" failures="0" errors="0" time="3.448">
    <testcase time="0.562999999999988" classname="table_aet06" name="AET06_variant_1_is_produced_correctly"/>
    <testcase time="0.174000000000007" classname="table_aet06" name="AET06_variant_1_is_produced_correctly"/>
    <testcase time="0.924999999999997" classname="table_aet06" name="AET06_variant_3_is_produced_correctly"/>
    <testcase time="0.254000000000005" classname="table_aet06" name="AET06_variant_3_is_produced_correctly"/>
    <testcase time="1.215" classname="table_aet06" name="AET06_variant_5_is_produced_correctly"/>
    <testcase time="0.316999999999993" classname="table_aet06" name="AET06_variant_5_is_produced_correctly"/>
  </testsuite>
  <testsuite name="table_aet06_smq" timestamp="2026-05-08T12:36:29Z" hostname="bce85fa551e7" tests="4" skipped="0" failures="0" errors="0" time="0.926">
    <testcase time="0.355000000000004" classname="table_aet06_smq" name="AET06_SMQ_variant_1_is_produced_correctly"/>
    <testcase time="0.103999999999999" classname="table_aet06_smq" name="AET06_SMQ_variant_1_is_produced_correctly"/>
    <testcase time="0.352000000000004" classname="table_aet06_smq" name="AET06_SMQ_variant_2_is_produced_correctly"/>
    <testcase time="0.114999999999995" classname="table_aet06_smq" name="AET06_SMQ_variant_2_is_produced_correctly"/>
  </testsuite>
  <testsuite name="table_aet07" timestamp="2026-05-08T12:36:30Z" hostname="bce85fa551e7" tests="4" skipped="0" failures="0" errors="0" time="0.172">
    <testcase time="0.0570000000000022" classname="table_aet07" name="AET07_variant_1_is_produced_correctly"/>
    <testcase time="0.0279999999999916" classname="table_aet07" name="AET07_variant_1_is_produced_correctly"/>
    <testcase time="0.0600000000000023" classname="table_aet07" name="AET07_variant_2_is_produced_correctly"/>
    <testcase time="0.027000000000001" classname="table_aet07" name="AET07_variant_2_is_produced_correctly"/>
  </testsuite>
  <testsuite name="table_aet09" timestamp="2026-05-08T12:36:31Z" hostname="bce85fa551e7" tests="4" skipped="0" failures="0" errors="0" time="1.878">
    <testcase time="0.540000000000006" classname="table_aet09" name="AET09_variant_1_is_produced_correctly_AE_related_to_study_drug"/>
    <testcase time="0.147999999999996" classname="table_aet09" name="AET09_variant_1_is_produced_correctly_AE_related_to_study_drug"/>
    <testcase time="0.923000000000002" classname="table_aet09" name="AET09_variant_2_is_produced_correctly_AE_related_to_study_drug_including_high_level_terms_"/>
    <testcase time="0.266999999999996" classname="table_aet09" name="AET09_variant_2_is_produced_correctly_AE_related_to_study_drug_including_high_level_terms_"/>
  </testsuite>
  <testsuite name="table_aet09_smq" timestamp="2026-05-08T12:36:32Z" hostname="bce85fa551e7" tests="4" skipped="0" failures="0" errors="0" time="0.457">
    <testcase time="0.118000000000009" classname="table_aet09_smq" name="AET09_variant_1_AEs_related_to_study_drug_by_SMQ_is_produced_correctly"/>
    <testcase time="0.0499999999999972" classname="table_aet09_smq" name="AET09_variant_1_AEs_related_to_study_drug_by_SMQ_is_produced_correctly"/>
    <testcase time="0.216999999999999" classname="table_aet09_smq" name="AET09_variant_2_AEs_related_to_study_drug_by_SMQ_with_customized_queries_is_produced_correctly"/>
    <testcase time="0.0720000000000027" classname="table_aet09_smq" name="AET09_variant_2_AEs_related_to_study_drug_by_SMQ_with_customized_queries_is_produced_correctly"/>
  </testsuite>
  <testsuite name="table_aet10" timestamp="2026-05-08T12:36:33Z" hostname="bce85fa551e7" tests="2" skipped="0" failures="0" errors="0" time="0.16">
    <testcase time="0.119" classname="table_aet10" name="AET10_default_variant_is_produced_correctly"/>
    <testcase time="0.041000000000011" classname="table_aet10" name="AET10_default_variant_is_produced_correctly"/>
  </testsuite>
  <testsuite name="table_aovt01" timestamp="2026-05-08T12:36:33Z" hostname="bce85fa551e7" tests="6" skipped="0" failures="0" errors="0" time="1.878">
    <testcase time="0.324999999999989" classname="table_aovt01" name="AOVT01_variant_with_single_endpoint_is_produced_correctly"/>
    <testcase time="0.0650000000000119" classname="table_aovt01" name="AOVT01_variant_with_single_endpoint_is_produced_correctly"/>
    <testcase time="0.61699999999999" classname="table_aovt01" name="AOVT01_variant_with_multiple_endpoints_is_produced_correctly"/>
    <testcase time="0.132000000000005" classname="table_aovt01" name="AOVT01_variant_with_multiple_endpoints_is_produced_correctly"/>
    <testcase time="0.606999999999999" classname="table_aovt01" name="AOVT01_variant_with_proportional_weights_is_produced_correctly"/>
    <testcase time="0.132000000000005" classname="table_aovt01" name="AOVT01_variant_with_proportional_weights_is_produced_correctly"/>
  </testsuite>
  <testsuite name="table_aovt02" timestamp="2026-05-08T12:36:35Z" hostname="bce85fa551e7" tests="2" skipped="0" failures="0" errors="0" time="0.406">
    <testcase time="0.327999999999989" classname="table_aovt02" name="AOVT02_is_produced_correctly"/>
    <testcase time="0.078000000000003" classname="table_aovt02" name="AOVT02_is_produced_correctly"/>
  </testsuite>
  <testsuite name="table_aovt03" timestamp="2026-05-08T12:36:35Z" hostname="bce85fa551e7" tests="2" skipped="0" failures="0" errors="0" time="0.889">
    <testcase time="0.748000000000005" classname="table_aovt03" name="AOVT03_is_produced_correctly"/>
    <testcase time="0.140999999999991" classname="table_aovt03" name="AOVT03_is_produced_correctly"/>
  </testsuite>
  <testsuite name="table_cfbt01" timestamp="2026-05-08T12:36:36Z" hostname="bce85fa551e7" tests="2" skipped="0" failures="0" errors="0" time="0.661">
    <testcase time="0.444000000000003" classname="table_cfbt01" name="CFBT01_default_variant_is_produced_correctly"/>
    <testcase time="0.216999999999999" classname="table_cfbt01" name="CFBT01_default_variant_is_produced_correctly"/>
  </testsuite>
  <testsuite name="table_cmht01" timestamp="2026-05-08T12:36:37Z" hostname="bce85fa551e7" tests="4" skipped="0" failures="0" errors="0" time="1.67">
    <testcase time="0.391000000000005" classname="table_cmht01" name="CMHT01_variant_1_is_produced_correctly"/>
    <testcase time="0.0870000000000033" classname="table_cmht01" name="CMHT01_variant_1_is_produced_correctly"/>
    <testcase time="0.963999999999999" classname="table_cmht01" name="CMHT01_variant_2_is_produced_correctly"/>
    <testcase time="0.227999999999994" classname="table_cmht01" name="CMHT01_variant_2_is_produced_correctly"/>
  </testsuite>
  <testsuite name="table_cmt01" timestamp="2026-05-08T12:36:39Z" hostname="bce85fa551e7" tests="8" skipped="0" failures="0" errors="0" time="3.679">
    <testcase time="0.661000000000001" classname="table_cmt01" name="CMT01_default_variant_Concomitant_medications_is_produced_correctly"/>
    <testcase time="0.245000000000005" classname="table_cmt01" name="CMT01_default_variant_Concomitant_medications_is_produced_correctly"/>
    <testcase time="0.739999999999995" classname="table_cmt01" name="CMT01_variant_1_prior_medications_is_produced_correctly"/>
    <testcase time="0.251999999999995" classname="table_cmt01" name="CMT01_variant_1_prior_medications_is_produced_correctly"/>
    <testcase time="0.661000000000001" classname="table_cmt01" name="CMT01_variant_3_Concomitant_medications_is_produced_correctly"/>
    <testcase time="0.212000000000003" classname="table_cmt01" name="CMT01_variant_3_Concomitant_medications_is_produced_correctly"/>
    <testcase time="0.670000000000002" classname="table_cmt01" name="CMT01_variant_4_Concomitant_medications_is_produced_correctly"/>
    <testcase time="0.238" classname="table_cmt01" name="CMT01_variant_4_Concomitant_medications_is_produced_correctly"/>
  </testsuite>
  <testsuite name="table_cmt01a" timestamp="2026-05-08T12:36:42Z" hostname="bce85fa551e7" tests="8" skipped="0" failures="0" errors="0" time="4.833">
    <testcase time="1.084" classname="table_cmt01a" name="CMT01A_variant_1_is_produced_correctly"/>
    <testcase time="0.239000000000004" classname="table_cmt01a" name="CMT01A_variant_1_is_produced_correctly"/>
    <testcase time="0.937999999999988" classname="table_cmt01a" name="CMT01A_variant_2_is_produced_correctly"/>
    <testcase time="0.218000000000004" classname="table_cmt01a" name="CMT01A_variant_2_is_produced_correctly"/>
    <testcase time="0.983000000000004" classname="table_cmt01a" name="CMT01A_variant_3_is_produced_correctly"/>
    <testcase time="0.236000000000004" classname="table_cmt01a" name="CMT01A_variant_3_is_produced_correctly"/>
    <testcase time="0.923999999999992" classname="table_cmt01a" name="CMT01A_variant_4_is_produced_correctly"/>
    <testcase time="0.210999999999999" classname="table_cmt01a" name="CMT01A_variant_4_is_produced_correctly"/>
  </testsuite>
  <testsuite name="table_cmt01b" timestamp="2026-05-08T12:36:47Z" hostname="bce85fa551e7" tests="6" skipped="0" failures="0" errors="0" time="5.289">
    <testcase time="1.559" classname="table_cmt01b" name="CMT01B_variant_1_is_produced_correctly"/>
    <testcase time="0.382000000000005" classname="table_cmt01b" name="CMT01B_variant_1_is_produced_correctly"/>
    <testcase time="1.372" classname="table_cmt01b" name="CMT01B_variant_2_is_produced_correctly"/>
    <testcase time="0.265000000000001" classname="table_cmt01b" name="CMT01B_variant_2_is_produced_correctly"/>
    <testcase time="1.364" classname="table_cmt01b" name="CMT01B_variant_4_is_produced_correctly"/>
    <testcase time="0.346999999999994" classname="table_cmt01b" name="CMT01B_variant_4_is_produced_correctly"/>
  </testsuite>
  <testsuite name="table_cmt02_pt" timestamp="2026-05-08T12:36:53Z" hostname="bce85fa551e7" tests="2" skipped="0" failures="0" errors="0" time="0.544">
    <testcase time="0.402000000000001" classname="table_cmt02_pt" name="CMT02_PT_default_variant_is_produced_correctly"/>
    <testcase time="0.141999999999996" classname="table_cmt02_pt" name="CMT02_PT_default_variant_is_produced_correctly"/>
  </testsuite>
  <testsuite name="table_coxt01" timestamp="2026-05-08T12:36:53Z" hostname="bce85fa551e7" tests="8" skipped="0" failures="0" errors="0" time="1.743">
    <testcase time="0.283000000000001" classname="table_coxt01" name="1._Cox_Regression"/>
    <testcase time="0.0550000000000068" classname="table_coxt01" name="1._Cox_Regression"/>
    <testcase time="0.36099999999999" classname="table_coxt01" name="2._Cox_Regression_with_Interaction_Term_"/>
    <testcase time="0.109999999999999" classname="table_coxt01" name="2._Cox_Regression_with_Interaction_Term_"/>
    <testcase time="0.37700000000001" classname="table_coxt01" name="3._Cox_Regression_specifying_covariates_"/>
    <testcase time="0.0849999999999937" classname="table_coxt01" name="3._Cox_Regression_specifying_covariates_"/>
    <testcase time="0.38600000000001" classname="table_coxt01" name="4._Cox_Regression_setting_strata_ties_and_alpha_level_"/>
    <testcase time="0.0859999999999985" classname="table_coxt01" name="4._Cox_Regression_setting_strata_ties_and_alpha_level_"/>
  </testsuite>
  <testsuite name="table_coxt02" timestamp="2026-05-08T12:36:55Z" hostname="bce85fa551e7" tests="4" skipped="0" failures="0" errors="0" time="0.66">
    <testcase time="0.289000000000001" classname="table_coxt02" name="COXT02_default_variant_1_is_produced_correctly"/>
    <testcase time="0.0570000000000022" classname="table_coxt02" name="COXT02_default_variant_1_is_produced_correctly"/>
    <testcase time="0.248000000000005" classname="table_coxt02" name="COXT02_variant_5_is_produced_correctly"/>
    <testcase time="0.0660000000000025" classname="table_coxt02" name="COXT02_variant_5_is_produced_correctly"/>
  </testsuite>
  <testsuite name="table_disclosures" timestamp="2026-05-08T12:36:55Z" hostname="bce85fa551e7" tests="12" skipped="0" failures="0" errors="0" time="1.967">
    <testcase time="0.187999999999988" classname="table_disclosures" name="Patient_Disposition_table_is_produced_correctly"/>
    <testcase time="0.0710000000000122" classname="table_disclosures" name="Patient_Disposition_table_is_produced_correctly"/>
    <testcase time="0.262999999999991" classname="table_disclosures" name="Demographic_table_is_produced_correctly"/>
    <testcase time="0.129000000000005" classname="table_disclosures" name="Demographic_table_is_produced_correctly"/>
    <testcase time="0.0960000000000036" classname="table_disclosures" name="Enrollment_by_Country_Table_is_produced_correctly"/>
    <testcase time="0.0869999999999891" classname="table_disclosures" name="Enrollment_by_Country_Table_is_produced_correctly"/>
    <testcase time="0.0750000000000028" classname="table_disclosures" name="Death_table_is_produced_correctly"/>
    <testcase time="0.0550000000000068" classname="table_disclosures" name="Death_table_is_produced_correctly"/>
    <testcase time="0.366" classname="table_disclosures" name="Table_of_Serious_Adverse_Events_is_produced_correctly_for_one_specific_treatment_arm_"/>
    <testcase time="0.0719999999999885" classname="table_disclosures" name="Table_of_Serious_Adverse_Events_is_produced_correctly_for_one_specific_treatment_arm_"/>
    <testcase time="0.431000000000012" classname="table_disclosures" name="Table_of_Non_Serious_Adverse_Events_is_produced_correctly"/>
    <testcase time="0.134" classname="table_disclosures" name="Table_of_Non_Serious_Adverse_Events_is_produced_correctly"/>
  </testsuite>
  <testsuite name="table_dmt01" timestamp="2026-05-08T12:36:58Z" hostname="bce85fa551e7" tests="10" skipped="0" failures="0" errors="0" time="2.95">
    <testcase time="1.24799999999999" classname="table_dmt01" name="DMT01_variant_1_is_produced_correctly"/>
    <testcase time="0.150000000000006" classname="table_dmt01" name="DMT01_variant_1_is_produced_correctly"/>
    <testcase time="0.287999999999997" classname="table_dmt01" name="DMT01_variant_2_is_produced_correctly"/>
    <testcase time="0.123000000000005" classname="table_dmt01" name="DMT01_variant_2_is_produced_correctly"/>
    <testcase time="0.307999999999993" classname="table_dmt01" name="DMT01_variant_3_is_produced_correctly"/>
    <testcase time="0.143000000000001" classname="table_dmt01" name="DMT01_variant_3_is_produced_correctly"/>
    <testcase time="0.254000000000005" classname="table_dmt01" name="DMT01_variant_4_is_produced_correctly"/>
    <testcase time="0.120000000000005" classname="table_dmt01" name="DMT01_variant_4_is_produced_correctly"/>
    <testcase time="0.207999999999998" classname="table_dmt01" name="DMT01_variant_5_is_produced_correctly"/>
    <testcase time="0.10799999999999" classname="table_dmt01" name="DMT01_variant_5_is_produced_correctly"/>
  </testsuite>
  <testsuite name="table_dort01" timestamp="2026-05-08T12:37:00Z" hostname="bce85fa551e7" tests="8" skipped="0" failures="0" errors="0" time="1.538">
    <testcase time="0.314000000000007" classname="table_dort01" name="DORT01_variant_1_is_produced_correctly"/>
    <testcase time="0.0939999999999941" classname="table_dort01" name="DORT01_variant_1_is_produced_correctly"/>
    <testcase time="0.300000000000011" classname="table_dort01" name="DORT01_variant_2_selecting_sectons_is_produced_correctly"/>
    <testcase time="0.0769999999999982" classname="table_dort01" name="DORT01_variant_2_selecting_sectons_is_produced_correctly"/>
    <testcase time="0.280000000000001" classname="table_dort01" name="DORT01_variant_3_modifying_conftype_and_alpha_level_is_produced_correctly"/>
    <testcase time="0.0769999999999982" classname="table_dort01" name="DORT01_variant_3_modifying_conftype_and_alpha_level_is_produced_correctly"/>
    <testcase time="0.304000000000002" classname="table_dort01" name="DORT01_variant_4_modifying_time_point_for_the_xx_duration_is_produced_correctly"/>
    <testcase time="0.0919999999999987" classname="table_dort01" name="DORT01_variant_4_modifying_time_point_for_the_xx_duration_is_produced_correctly"/>
  </testsuite>
  <testsuite name="table_dst01" timestamp="2026-05-08T12:37:02Z" hostname="bce85fa551e7" tests="6" skipped="0" failures="0" errors="0" time="0.802">
    <testcase time="0.194000000000003" classname="table_dst01" name="DST01_default_variant_is_produced_correctly"/>
    <testcase time="0.0810000000000031" classname="table_dst01" name="DST01_default_variant_is_produced_correctly"/>
    <testcase time="0.259" classname="table_dst01" name="DST01_variants_2_and_3_are_produced_correctly"/>
    <testcase time="0.0829999999999984" classname="table_dst01" name="DST01_variants_2_and_3_are_produced_correctly"/>
    <testcase time="0.0969999999999942" classname="table_dst01" name="DST01_variants_2_and_3_are_produced_correctly"/>
    <testcase time="0.0880000000000081" classname="table_dst01" name="DST01_variants_2_and_3_are_produced_correctly"/>
  </testsuite>
  <testsuite name="table_dtht01" timestamp="2026-05-08T12:37:03Z" hostname="bce85fa551e7" tests="8" skipped="0" failures="0" errors="0" time="1.227">
    <testcase time="0.149999999999991" classname="table_dtht01" name="DTHT01_variant_1_is_produced_correctly"/>
    <testcase time="0.0560000000000116" classname="table_dtht01" name="DTHT01_variant_1_is_produced_correctly"/>
    <testcase time="0.314999999999998" classname="table_dtht01" name="DTHT01_variant_2_is_produced_correctly"/>
    <testcase time="0.135999999999996" classname="table_dtht01" name="DTHT01_variant_2_is_produced_correctly"/>
    <testcase time="0.177000000000007" classname="table_dtht01" name="DTHT01_variant_3_is_produced_correctly"/>
    <testcase time="0.0859999999999985" classname="table_dtht01" name="DTHT01_variant_3_is_produced_correctly"/>
    <testcase time="0.212000000000003" classname="table_dtht01" name="DTHT01_variant_4_is_produced_correctly"/>
    <testcase time="0.0949999999999989" classname="table_dtht01" name="DTHT01_variant_4_is_produced_correctly"/>
  </testsuite>
  <testsuite name="table_egt01" timestamp="2026-05-08T12:37:05Z" hostname="bce85fa551e7" tests="2" skipped="0" failures="0" errors="0" time="3.651">
    <testcase time="2.83299999999998" classname="table_egt01" name="EGT01_default_variant_is_produced_correctly"/>
    <testcase time="0.818000000000012" classname="table_egt01" name="EGT01_default_variant_is_produced_correctly"/>
  </testsuite>
  <testsuite name="table_egt02" timestamp="2026-05-08T12:37:09Z" hostname="bce85fa551e7" tests="4" skipped="0" failures="0" errors="0" time="1.585">
    <testcase time="1.25899999999999" classname="table_egt02" name="_EGT02_1._Regardless_of_Abnormality_at_Baseline"/>
    <testcase time="0.0690000000000168" classname="table_egt02" name="_EGT02_1._Regardless_of_Abnormality_at_Baseline"/>
    <testcase time="0.198999999999984" classname="table_egt02" name="_EGT02_2._Among_Subjects_Without_Abnormality_at_Baseline"/>
    <testcase time="0.0579999999999927" classname="table_egt02" name="_EGT02_2._Among_Subjects_Without_Abnormality_at_Baseline"/>
  </testsuite>
  <testsuite name="table_egt03" timestamp="2026-05-08T12:37:09Z" hostname="bce85fa551e7" tests="8" skipped="0" failures="0" errors="0" time="1.614">
    <testcase time="0.241000000000014" classname="table_egt03" name="EGT03_variant_1_is_produced_correctly"/>
    <testcase time="0.106999999999999" classname="table_egt03" name="EGT03_variant_1_is_produced_correctly"/>
    <testcase time="0.164999999999992" classname="table_egt03" name="EGT03_variant_2_is_produced_correctly"/>
    <testcase time="0.0980000000000132" classname="table_egt03" name="EGT03_variant_2_is_produced_correctly"/>
    <testcase time="0.216999999999985" classname="table_egt03" name="EGT03_variant_3_is_produced_correctly"/>
    <testcase time="0.119" classname="table_egt03" name="EGT03_variant_3_is_produced_correctly"/>
    <testcase time="0.217000000000013" classname="table_egt03" name="EGT03_variant_4_is_produced_correctly"/>
    <testcase time="0.449999999999989" classname="table_egt03" name="EGT03_variant_4_is_produced_correctly"/>
  </testsuite>
  <testsuite name="table_egt04" timestamp="2026-05-08T12:37:11Z" hostname="bce85fa551e7" tests="2" skipped="0" failures="0" errors="0" time="0.928">
    <testcase time="0.862000000000023" classname="table_egt04" name="EGT04_default_variant_is_produced_correctly"/>
    <testcase time="0.0659999999999741" classname="table_egt04" name="EGT04_default_variant_is_produced_correctly"/>
  </testsuite>
  <testsuite name="table_egt05_qtcat" timestamp="2026-05-08T12:37:13Z" hostname="bce85fa551e7" tests="2" skipped="0" failures="0" errors="0" time="2.169">
    <testcase time="1.76100000000002" classname="table_egt05_qtcat" name="EGT05_QTCAT_default_variant_is_produced_correctly"/>
    <testcase time="0.407999999999987" classname="table_egt05_qtcat" name="EGT05_QTCAT_default_variant_is_produced_correctly"/>
  </testsuite>
  <testsuite name="table_ent" timestamp="2026-05-08T12:37:14Z" hostname="bce85fa551e7" tests="8" skipped="0" failures="0" errors="0" time="14.686">
    <testcase time="3.59800000000001" classname="table_ent" name="ENT01_IT_is_produced_correctly"/>
    <testcase time="0.558999999999997" classname="table_ent" name="ENT01_IT_is_produced_correctly"/>
    <testcase time="2.375" classname="table_ent" name="ENT01a_IT_is_produced_correctly"/>
    <testcase time="0.526999999999987" classname="table_ent" name="ENT01a_IT_is_produced_correctly"/>
    <testcase time="3.87699999999998" classname="table_ent" name="ENT02_IT_is_produced_correctly"/>
    <testcase time="0.592000000000013" classname="table_ent" name="ENT02_IT_is_produced_correctly"/>
    <testcase time="2.578" classname="table_ent" name="ENT02a_IT_is_produced_correctly"/>
    <testcase time="0.579999999999984" classname="table_ent" name="ENT02a_IT_is_produced_correctly"/>
  </testsuite>
  <testsuite name="table_eudrat01" timestamp="2026-05-08T12:37:29Z" hostname="bce85fa551e7" tests="2" skipped="0" failures="0" errors="0" time="0.682">
    <testcase time="0.549000000000007" classname="table_eudrat01" name="EUDRAT01_is_produced_correctly"/>
    <testcase time="0.13300000000001" classname="table_eudrat01" name="EUDRAT01_is_produced_correctly"/>
  </testsuite>
  <testsuite name="table_eudrat02" timestamp="2026-05-08T12:37:29Z" hostname="bce85fa551e7" tests="2" skipped="0" failures="0" errors="0" time="0.532">
    <testcase time="0.436999999999983" classname="table_eudrat02" name="EUDRAT02_is_produced_correctly"/>
    <testcase time="0.0950000000000273" classname="table_eudrat02" name="EUDRAT02_is_produced_correctly"/>
  </testsuite>
  <testsuite name="table_ext01" timestamp="2026-05-08T12:37:30Z" hostname="bce85fa551e7" tests="6" skipped="0" failures="0" errors="0" time="2.082">
    <testcase time="0.439999999999998" classname="table_ext01" name="EXT01_default_variant_with_numeric_parameters_is_produced_correctly"/>
    <testcase time="0.157999999999987" classname="table_ext01" name="EXT01_default_variant_with_numeric_parameters_is_produced_correctly"/>
    <testcase time="0.330999999999989" classname="table_ext01" name="EXT01_variant_with_both_numeric_and_categorical_parameters"/>
    <testcase time="0.200000000000017" classname="table_ext01" name="EXT01_variant_with_both_numeric_and_categorical_parameters"/>
    <testcase time="0.411000000000001" classname="table_ext01" name="EXT01_variant_with_user_specified_categories_for_missed_doses"/>
    <testcase time="0.542000000000002" classname="table_ext01" name="EXT01_variant_with_user_specified_categories_for_missed_doses"/>
  </testsuite>
  <testsuite name="table_jnj_tbl1" timestamp="2026-05-08T12:37:32Z" hostname="bce85fa551e7" tests="2" skipped="0" failures="0" errors="0" time="0.27">
    <testcase time="0.199999999999989" classname="table_jnj_tbl1" name="DMT01_variant_factor_with_only_Missing_values"/>
    <testcase time="0.0699999999999932" classname="table_jnj_tbl1" name="DMT01_variant_factor_with_only_Missing_values"/>
  </testsuite>
  <testsuite name="table_lbt01" timestamp="2026-05-08T12:37:33Z" hostname="bce85fa551e7" tests="2" skipped="0" failures="0" errors="0" time="1.95">
    <testcase time="1.50700000000001" classname="table_lbt01" name="LBT01_default_variant_is_produced_correctly"/>
    <testcase time="0.443000000000012" classname="table_lbt01" name="LBT01_default_variant_is_produced_correctly"/>
  </testsuite>
  <testsuite name="table_lbt02" timestamp="2026-05-08T12:37:34Z" hostname="bce85fa551e7" tests="2" skipped="0" failures="0" errors="0" time="1.331">
    <testcase time="0.902999999999992" classname="table_lbt02" name="LBT02_default_variant_is_produced_correctly"/>
    <testcase time="0.427999999999997" classname="table_lbt02" name="LBT02_default_variant_is_produced_correctly"/>
  </testsuite>
  <testsuite name="table_lbt03" timestamp="2026-05-08T12:37:35Z" hostname="bce85fa551e7" tests="2" skipped="0" failures="0" errors="0" time="0.242">
    <testcase time="0.169000000000011" classname="table_lbt03" name="LBT03_default_variant_is_produced_correctly"/>
    <testcase time="0.0729999999999791" classname="table_lbt03" name="LBT03_default_variant_is_produced_correctly"/>
  </testsuite>
  <testsuite name="table_lbt04" timestamp="2026-05-08T12:37:36Z" hostname="bce85fa551e7" tests="2" skipped="0" failures="0" errors="0" time="1.217">
    <testcase time="1.06100000000001" classname="table_lbt04" name="LBT04_default_variant_is_produced_correctly"/>
    <testcase time="0.156000000000006" classname="table_lbt04" name="LBT04_default_variant_is_produced_correctly"/>
  </testsuite>
  <testsuite name="table_lbt05" timestamp="2026-05-08T12:37:37Z" hostname="bce85fa551e7" tests="6" skipped="0" failures="0" errors="0" time="6.611">
    <testcase time="2.12799999999999" classname="table_lbt05" name="LBT05_variant_1_is_produced_correctly"/>
    <testcase time="0.329000000000008" classname="table_lbt05" name="LBT05_variant_1_is_produced_correctly"/>
    <testcase time="1.529" classname="table_lbt05" name="LBT05_variant_2_is_produced_correctly"/>
    <testcase time="0.433000000000021" classname="table_lbt05" name="LBT05_variant_2_is_produced_correctly"/>
    <testcase time="1.87299999999999" classname="table_lbt05" name="LBT05_variant_4_is_produced_correctly"/>
    <testcase time="0.318999999999988" classname="table_lbt05" name="LBT05_variant_4_is_produced_correctly"/>
  </testsuite>
  <testsuite name="table_lbt06" timestamp="2026-05-08T12:37:43Z" hostname="bce85fa551e7" tests="2" skipped="0" failures="0" errors="0" time="0.517">
    <testcase time="0.370000000000005" classname="table_lbt06" name="LBT06_default_variant_is_produced_correctly"/>
    <testcase time="0.146999999999991" classname="table_lbt06" name="LBT06_default_variant_is_produced_correctly"/>
  </testsuite>
  <testsuite name="table_lbt07" timestamp="2026-05-08T12:37:44Z" hostname="bce85fa551e7" tests="2" skipped="0" failures="0" errors="0" time="2.494">
    <testcase time="2.20400000000001" classname="table_lbt07" name="LBT07_is_produced_correctly"/>
    <testcase time="0.289999999999992" classname="table_lbt07" name="LBT07_is_produced_correctly"/>
  </testsuite>
  <testsuite name="table_lbt08" timestamp="2026-05-08T12:37:46Z" hostname="bce85fa551e7" tests="2" skipped="0" failures="0" errors="0" time="0.418">
    <testcase time="0.330000000000013" classname="table_lbt08" name="LBT08_produce_correctly"/>
    <testcase time="0.0879999999999939" classname="table_lbt08" name="LBT08_produce_correctly"/>
  </testsuite>
  <testsuite name="table_lbt09" timestamp="2026-05-08T12:37:47Z" hostname="bce85fa551e7" tests="4" skipped="0" failures="0" errors="0" time="1.022">
    <testcase time="0.39500000000001" classname="table_lbt09" name="LBT09_variant_1_works_as_expected"/>
    <testcase time="0.132000000000005" classname="table_lbt09" name="LBT09_variant_1_works_as_expected"/>
    <testcase time="0.349999999999994" classname="table_lbt09" name="LBT09_variant_2_works_as_expected"/>
    <testcase time="0.14500000000001" classname="table_lbt09" name="LBT09_variant_2_works_as_expected"/>
  </testsuite>
  <testsuite name="table_lbt10" timestamp="2026-05-08T12:37:48Z" hostname="bce85fa551e7" tests="4" skipped="0" failures="0" errors="0" time="1.425">
    <testcase time="0.835999999999984" classname="table_lbt10" name="LBT10_variant_1_works_as_expected"/>
    <testcase time="0.0749999999999886" classname="table_lbt10" name="LBT10_variant_1_works_as_expected"/>
    <testcase time="0.469999999999999" classname="table_lbt10" name="LBT10_variant_2_works_as_expected"/>
    <testcase time="0.0440000000000111" classname="table_lbt10" name="LBT10_variant_2_works_as_expected"/>
  </testsuite>
  <testsuite name="table_lbt10_bl" timestamp="2026-05-08T12:37:49Z" hostname="bce85fa551e7" tests="4" skipped="0" failures="0" errors="0" time="0.53">
    <testcase time="0.288000000000011" classname="table_lbt10_bl" name="LBT10_BL_variant_1_works_as_expected"/>
    <testcase time="0.0559999999999832" classname="table_lbt10_bl" name="LBT10_BL_variant_1_works_as_expected"/>
    <testcase time="0.141999999999996" classname="table_lbt10_bl" name="LBT10_BL_variant_2_works_as_expected"/>
    <testcase time="0.0440000000000111" classname="table_lbt10_bl" name="LBT10_BL_variant_2_works_as_expected"/>
  </testsuite>
  <testsuite name="table_lbt11" timestamp="2026-05-08T12:37:50Z" hostname="bce85fa551e7" tests="6" skipped="0" failures="0" errors="0" time="0.797">
    <testcase time="0.206999999999994" classname="table_lbt11" name="LBT11_variant_1_works_as_expected"/>
    <testcase time="0.117000000000019" classname="table_lbt11" name="LBT11_variant_1_works_as_expected"/>
    <testcase time="0.106999999999999" classname="table_lbt11" name="LBT11_variant_2_works_as_expected"/>
    <testcase time="0.0749999999999886" classname="table_lbt11" name="LBT11_variant_2_works_as_expected"/>
    <testcase time="0.183999999999997" classname="table_lbt11" name="LBT11_variant_3_works_as_expected"/>
    <testcase time="0.106999999999999" classname="table_lbt11" name="LBT11_variant_3_works_as_expected"/>
  </testsuite>
  <testsuite name="table_lbt11_bl" timestamp="2026-05-08T12:37:51Z" hostname="bce85fa551e7" tests="6" skipped="0" failures="0" errors="0" time="0.863">
    <testcase time="0.241000000000014" classname="table_lbt11_bl" name="LBT11_BL_variant_1_works_as_expected"/>
    <testcase time="0.0809999999999889" classname="table_lbt11_bl" name="LBT11_BL_variant_1_works_as_expected"/>
    <testcase time="0.135999999999996" classname="table_lbt11_bl" name="LBT11_BL_variant_2_works_as_expected"/>
    <testcase time="0.0630000000000166" classname="table_lbt11_bl" name="LBT11_BL_variant_2_works_as_expected"/>
    <testcase time="0.251999999999981" classname="table_lbt11_bl" name="LBT11_BL_variant_3_works_as_expected"/>
    <testcase time="0.0900000000000034" classname="table_lbt11_bl" name="LBT11_BL_variant_3_works_as_expected"/>
  </testsuite>
  <testsuite name="table_lbt12" timestamp="2026-05-08T12:37:51Z" hostname="bce85fa551e7" tests="2" skipped="0" failures="0" errors="0" time="0.455">
    <testcase time="0.361999999999995" classname="table_lbt12" name="LBT12_works_as_expected"/>
    <testcase time="0.0930000000000177" classname="table_lbt12" name="LBT12_works_as_expected"/>
  </testsuite>
  <testsuite name="table_lbt12_bl" timestamp="2026-05-08T12:37:52Z" hostname="bce85fa551e7" tests="2" skipped="0" failures="0" errors="0" time="0.413">
    <testcase time="0.338999999999999" classname="table_lbt12_bl" name="LBT12_BL_works_as_expected"/>
    <testcase time="0.0739999999999839" classname="table_lbt12_bl" name="LBT12_BL_works_as_expected"/>
  </testsuite>
  <testsuite name="table_lbt13" timestamp="2026-05-08T12:37:53Z" hostname="bce85fa551e7" tests="10" skipped="0" failures="0" errors="0" time="2.749">
    <testcase time="0.858000000000004" classname="table_lbt13" name="LBT13_variant_1_LOW_works_as_expected"/>
    <testcase time="0.0720000000000027" classname="table_lbt13" name="LBT13_variant_1_LOW_works_as_expected"/>
    <testcase time="0.169000000000011" classname="table_lbt13" name="LBT13_variant_2_HIGH_works_as_expected"/>
    <testcase time="0.0689999999999884" classname="table_lbt13" name="LBT13_variant_2_HIGH_works_as_expected"/>
    <testcase time="0.27000000000001" classname="table_lbt13" name="LBT13_variant_3_LOW_without_baseline_missing_works_as_expected"/>
    <testcase time="0.0999999999999943" classname="table_lbt13" name="LBT13_variant_3_LOW_without_baseline_missing_works_as_expected"/>
    <testcase time="0.167000000000002" classname="table_lbt13" name="LBT13_variant_4_HIGH_with_missing_baseline_considered_as_grade_0_works_as_expected"/>
    <testcase time="0.0519999999999925" classname="table_lbt13" name="LBT13_variant_4_HIGH_with_missing_baseline_considered_as_grade_0_works_as_expected"/>
    <testcase time="0.805000000000007" classname="table_lbt13" name="LBT14_variant_5_HIGH_with_filled_in_grades_works_as_expected"/>
    <testcase time="0.187000000000012" classname="table_lbt13" name="LBT14_variant_5_HIGH_with_filled_in_grades_works_as_expected"/>
  </testsuite>
  <testsuite name="table_lbt14" timestamp="2026-05-08T12:37:56Z" hostname="bce85fa551e7" tests="10" skipped="0" failures="0" errors="0" time="31.219">
    <testcase time="5.999" classname="table_lbt14" name="LBT14_variant_1_HIGH_works_as_expected"/>
    <testcase time="0.455999999999989" classname="table_lbt14" name="LBT14_variant_1_HIGH_works_as_expected"/>
    <testcase time="5.803" classname="table_lbt14" name="LBT14_variant_2_LOW_works_as_expected"/>
    <testcase time="0.337000000000018" classname="table_lbt14" name="LBT14_variant_2_LOW_works_as_expected"/>
    <testcase time="4.04499999999999" classname="table_lbt14" name="LBT14_variant_3_LOW_without_baseline_missing_works_as_expected"/>
    <testcase time="0.433999999999997" classname="table_lbt14" name="LBT14_variant_3_LOW_without_baseline_missing_works_as_expected"/>
    <testcase time="5.565" classname="table_lbt14" name="LBT14_variant_4_LOW_and_force_1_missing_both_baseline_and_post_baseline_then_force_the_missing_baseline_as_0_as_expected"/>
    <testcase time="0.221000000000004" classname="table_lbt14" name="LBT14_variant_4_LOW_and_force_1_missing_both_baseline_and_post_baseline_then_force_the_missing_baseline_as_0_as_expected"/>
    <testcase time="5.733" classname="table_lbt14" name="LBT14_variant_5_HIGH_with_fillings_works_as_expected"/>
    <testcase time="2.626" classname="table_lbt14" name="LBT14_variant_5_HIGH_with_fillings_works_as_expected"/>
  </testsuite>
  <testsuite name="table_lbt15" timestamp="2026-05-08T12:38:26Z" hostname="bce85fa551e7" tests="4" skipped="0" failures="0" errors="0" time="1.642">
    <testcase time="0.671999999999997" classname="table_lbt15" name="LBT15_variant_1_works_as_expected"/>
    <testcase time="0.183999999999997" classname="table_lbt15" name="LBT15_variant_1_works_as_expected"/>
    <testcase time="0.582999999999998" classname="table_lbt15" name="LBT15_variant_2_works_as_expected"/>
    <testcase time="0.203000000000003" classname="table_lbt15" name="LBT15_variant_2_works_as_expected"/>
  </testsuite>
  <testsuite name="table_lgrt02" timestamp="2026-05-08T12:38:28Z" hostname="bce85fa551e7" tests="8" skipped="0" failures="0" errors="0" time="3.183">
    <testcase time="0.562999999999988" classname="table_lgrt02" name="LGRT02_without_interaction_term_is_produced_correctly"/>
    <testcase time="0.137" classname="table_lgrt02" name="LGRT02_without_interaction_term_is_produced_correctly"/>
    <testcase time="0.722000000000008" classname="table_lgrt02" name="LGRT02_with_categorical_interaction_is_produced_correctly"/>
    <testcase time="0.163999999999987" classname="table_lgrt02" name="LGRT02_with_categorical_interaction_is_produced_correctly"/>
    <testcase time="0.725000000000023" classname="table_lgrt02" name="LGRT02_with_continuous_interaction_is_produced_correctly"/>
    <testcase time="0.162999999999982" classname="table_lgrt02" name="LGRT02_with_continuous_interaction_is_produced_correctly"/>
    <testcase time="0.564999999999998" classname="table_lgrt02" name="LGRT02_with_setting_values_indicating_an_event_and_custom_alpha_level_is_produced_correctly"/>
    <testcase time="0.144000000000005" classname="table_lgrt02" name="LGRT02_with_setting_values_indicating_an_event_and_custom_alpha_level_is_produced_correctly"/>
  </testsuite>
  <testsuite name="table_mht01" timestamp="2026-05-08T12:38:31Z" hostname="bce85fa551e7" tests="8" skipped="0" failures="0" errors="0" time="1.88">
    <testcase time="0.37700000000001" classname="table_mht01" name="MHT01_variant_1_is_produced_accurately"/>
    <testcase time="0.119" classname="table_mht01" name="MHT01_variant_1_is_produced_accurately"/>
    <testcase time="0.126000000000005" classname="table_mht01" name="MHT01_variant_2_is_produced_accurately"/>
    <testcase time="0.0739999999999839" classname="table_mht01" name="MHT01_variant_2_is_produced_accurately"/>
    <testcase time="0.649000000000001" classname="table_mht01" name="MHT01_variant_3_is_produced_accurately"/>
    <testcase time="0.085000000000008" classname="table_mht01" name="MHT01_variant_3_is_produced_accurately"/>
    <testcase time="0.329999999999984" classname="table_mht01" name="MHT01_variant_5_is_produced_accurately"/>
    <testcase time="0.120000000000005" classname="table_mht01" name="MHT01_variant_5_is_produced_accurately"/>
  </testsuite>
  <testsuite name="table_onct05" timestamp="2026-05-08T12:38:33Z" hostname="bce85fa551e7" tests="10" skipped="0" failures="0" errors="0" time="2.548">
    <testcase time="0.477000000000004" classname="table_onct05" name="ONCT05_variant_1_Objective_Response_Rate_by_Subgroup_is_produced_correctly"/>
    <testcase time="0.0980000000000132" classname="table_onct05" name="ONCT05_variant_1_Objective_Response_Rate_by_Subgroup_is_produced_correctly"/>
    <testcase time="0.47199999999998" classname="table_onct05" name="ONCT05_variant_2_Specifying_class_variables_is_produced_correctly"/>
    <testcase time="0.0999999999999943" classname="table_onct05" name="ONCT05_variant_2_Specifying_class_variables_is_produced_correctly"/>
    <testcase time="0.204000000000008" classname="table_onct05" name="ONCT05_variant_3_selecting_columns_and_changing_the_alpha_level_is_produced_correctly"/>
    <testcase time="0.0620000000000118" classname="table_onct05" name="ONCT05_variant_3_selecting_columns_and_changing_the_alpha_level_is_produced_correctly"/>
    <testcase time="0.449999999999989" classname="table_onct05" name="ONCT05_variant_4_setting_values_indicating_response_is_produced_correctly"/>
    <testcase time="0.0970000000000084" classname="table_onct05" name="ONCT05_variant_4_setting_values_indicating_response_is_produced_correctly"/>
    <testcase time="0.48399999999998" classname="table_onct05" name="ONCT05_with_risk_difference_column_is_produced_correctly"/>
    <testcase time="0.104000000000013" classname="table_onct05" name="ONCT05_with_risk_difference_column_is_produced_correctly"/>
  </testsuite>
  <testsuite name="table_pdt01" timestamp="2026-05-08T12:38:36Z" hostname="bce85fa551e7" tests="2" skipped="0" failures="0" errors="0" time="0.404">
    <testcase time="0.280000000000001" classname="table_pdt01" name="PDT01_is_produced_correctly"/>
    <testcase time="0.123999999999995" classname="table_pdt01" name="PDT01_is_produced_correctly"/>
  </testsuite>
  <testsuite name="table_pdt02" timestamp="2026-05-08T12:38:36Z" hostname="bce85fa551e7" tests="2" skipped="0" failures="0" errors="0" time="0.239">
    <testcase time="0.170999999999992" classname="table_pdt02" name="PDT02_is_produced_correctly"/>
    <testcase time="0.0680000000000121" classname="table_pdt02" name="PDT02_is_produced_correctly"/>
  </testsuite>
  <testsuite name="table_pkct01" timestamp="2026-05-08T12:38:36Z" hostname="bce85fa551e7" tests="10" skipped="0" failures="0" errors="0" time="3.114">
    <testcase time="0.281999999999982" classname="table_pkct01" name="PKCT01_is_produced_correctly"/>
    <testcase time="0.0670000000000073" classname="table_pkct01" name="PKCT01_is_produced_correctly"/>
    <testcase time="0.152000000000015" classname="table_pkct01" name="PKCT01_is_produced_correctly"/>
    <testcase time="0.039999999999992" classname="table_pkct01" name="PKCT01_is_produced_correctly"/>
    <testcase time="1" classname="table_pkct01" name="Specific_PKCT01_features_are_present"/>
    <testcase time="0.191000000000003" classname="table_pkct01" name="Specific_PKCT01_features_are_present"/>
    <testcase time="0.183999999999997" classname="table_pkct01" name="Specific_PKCT01_features_are_present"/>
    <testcase time="0.0029999999999859" classname="table_pkct01" name="Specific_PKCT01_features_are_present"/>
    <testcase time="0.659999999999997" classname="table_pkct01" name="Specific_PKCT01_features_are_present"/>
    <testcase time="0.535000000000025" classname="table_pkct01" name="Specific_PKCT01_features_are_present"/>
  </testsuite>
  <testsuite name="table_pkpt02" timestamp="2026-05-08T12:38:39Z" hostname="bce85fa551e7" tests="2" skipped="0" failures="0" errors="0" time="0.573">
    <testcase time="0.378999999999991" classname="table_pkpt02" name="PKPT02_is_produced_correctly_for_Drug_X"/>
    <testcase time="0.193999999999988" classname="table_pkpt02" name="PKPT02_is_produced_correctly_for_Drug_X"/>
  </testsuite>
  <testsuite name="table_pkpt03" timestamp="2026-05-08T12:38:40Z" hostname="bce85fa551e7" tests="2" skipped="0" failures="0" errors="0" time="1.19">
    <testcase time="1.011" classname="table_pkpt03" name="PKPT03_Drug_X_is_produced_correctly"/>
    <testcase time="0.179000000000002" classname="table_pkpt03" name="PKPT03_Drug_X_is_produced_correctly"/>
  </testsuite>
  <testsuite name="table_pkpt04" timestamp="2026-05-08T12:38:41Z" hostname="bce85fa551e7" tests="2" skipped="0" failures="0" errors="0" time="0.194">
    <testcase time="0.129000000000019" classname="table_pkpt04" name="PKPT04_is_produced_correctly_for_Drug_X"/>
    <testcase time="0.0649999999999977" classname="table_pkpt04" name="PKPT04_is_produced_correctly_for_Drug_X"/>
  </testsuite>
  <testsuite name="table_pkpt05" timestamp="2026-05-08T12:38:41Z" hostname="bce85fa551e7" tests="2" skipped="0" failures="0" errors="0" time="0.432">
    <testcase time="0.323999999999984" classname="table_pkpt05" name="PKPT05_Drug_X_is_produced_correctly"/>
    <testcase time="0.108000000000004" classname="table_pkpt05" name="PKPT05_Drug_X_is_produced_correctly"/>
  </testsuite>
  <testsuite name="table_pkpt06" timestamp="2026-05-08T12:38:42Z" hostname="bce85fa551e7" tests="4" skipped="0" failures="0" errors="0" time="0.252">
    <testcase time="0.0949999999999989" classname="table_pkpt06" name="PKPT06_is_produced_correctly_for_Drug_X"/>
    <testcase time="0.0620000000000118" classname="table_pkpt06" name="PKPT06_is_produced_correctly_for_Drug_X"/>
    <testcase time="0.0550000000000068" classname="table_pkpt06" name="PKPT06_is_produced_correctly_for_Drug_Y"/>
    <testcase time="0.039999999999992" classname="table_pkpt06" name="PKPT06_is_produced_correctly_for_Drug_Y"/>
  </testsuite>
  <testsuite name="table_pkpt07" timestamp="2026-05-08T12:38:42Z" hostname="bce85fa551e7" tests="4" skipped="0" failures="0" errors="0" time="0.566">
    <testcase time="0.246000000000009" classname="table_pkpt07" name="PKPT07_Drug_X_is_produced_correctly"/>
    <testcase time="0.0799999999999841" classname="table_pkpt07" name="PKPT07_Drug_X_is_produced_correctly"/>
    <testcase time="0.134000000000015" classname="table_pkpt07" name="PKPT07_Drug_Y_is_produced_correctly"/>
[...]
      <failure type="failure" message="Snapshot of `write_test_rtf_for(&quot;tsflab01.R&quot;, part_num = 2, total_parts = 2)` has changed. ('test-tsflab01part2.R:2:3')">Snapshot of `write_test_rtf_for("tsflab01.R", part_num = 2, total_parts = 2)` has changed.
</failure>
    </testcase>
  </testsuite>
  <testsuite name="tsflab02" timestamp="2026-05-08T12:46:36Z" hostname="bce85fa551e7" tests="1" skipped="0" failures="1" errors="0" time="0.964">
    <testcase time="0.963999999999942" classname="tsflab02" name="tsflab02">
      <failure type="failure" message="Snapshot of `write_test_rtf_for(&quot;tsflab02.R&quot;)` has changed. ('test-tsflab02.R:2:3')">Snapshot of `write_test_rtf_for("tsflab02.R")` has changed.
</failure>
    </testcase>
  </testsuite>
  <testsuite name="tsflab02a" timestamp="2026-05-08T12:46:37Z" hostname="bce85fa551e7" tests="1" skipped="0" failures="1" errors="0" time="2.505">
    <testcase time="2.505" classname="tsflab02a" name="tsflab02a">
      <failure type="failure" message="Snapshot of `write_test_rtf_for(&quot;tsflab02a.R&quot;)` has changed. ('test-tsflab02a.R:2:3')">Snapshot of `write_test_rtf_for("tsflab02a.R")` has changed.
</failure>
    </testcase>
  </testsuite>
  <testsuite name="tsflab02b" timestamp="2026-05-08T12:46:39Z" hostname="bce85fa551e7" tests="1" skipped="0" failures="1" errors="0" time="2.115">
    <testcase time="2.11500000000001" classname="tsflab02b" name="tsflab02b">
      <failure type="failure" message="Snapshot of `write_test_rtf_for(&quot;tsflab02b.R&quot;)` has changed. ('test-tsflab02b.R:2:3')">Snapshot of `write_test_rtf_for("tsflab02b.R")` has changed.
</failure>
    </testcase>
  </testsuite>
  <testsuite name="tsflab03" timestamp="2026-05-08T12:46:41Z" hostname="bce85fa551e7" tests="1" skipped="0" failures="1" errors="0" time="3.345">
    <testcase time="3.34500000000003" classname="tsflab03" name="tsflab03">
      <failure type="failure" message="Snapshot of `write_test_rtf_for(&quot;tsflab03.R&quot;)` has changed. ('test-tsflab03.R:2:3')">Snapshot of `write_test_rtf_for("tsflab03.R")` has changed.
</failure>
    </testcase>
  </testsuite>
  <testsuite name="tsflab03a" timestamp="2026-05-08T12:46:45Z" hostname="bce85fa551e7" tests="1" skipped="0" failures="1" errors="0" time="9.749">
    <testcase time="9.74900000000002" classname="tsflab03a" name="tsflab03a">
      <failure type="failure" message="Snapshot of `write_test_rtf_for(&quot;tsflab03a.R&quot;)` has changed. ('test-tsflab03a.R:2:3')">Snapshot of `write_test_rtf_for("tsflab03a.R")` has changed.
</failure>
    </testcase>
  </testsuite>
  <testsuite name="tsflab04a" timestamp="2026-05-08T12:46:54Z" hostname="bce85fa551e7" tests="1" skipped="0" failures="1" errors="0" time="2.692">
    <testcase time="2.69200000000001" classname="tsflab04a" name="tsflab04a">
      <failure type="failure" message="Snapshot of `write_test_rtf_for(&quot;tsflab04a.R&quot;)` has changed. ('test-tsflab04a.R:2:3')">Snapshot of `write_test_rtf_for("tsflab04a.R")` has changed.
</failure>
    </testcase>
  </testsuite>
  <testsuite name="tsflab04b" timestamp="2026-05-08T12:46:57Z" hostname="bce85fa551e7" tests="1" skipped="0" failures="1" errors="0" time="1.114">
    <testcase time="1.11399999999992" classname="tsflab04b" name="tsflab04b">
      <failure type="failure" message="Snapshot of `write_test_rtf_for(&quot;tsflab04b.R&quot;)` has changed. ('test-tsflab04b.R:2:3')">Snapshot of `write_test_rtf_for("tsflab04b.R")` has changed.
</failure>
    </testcase>
  </testsuite>
  <testsuite name="tsflab05" timestamp="2026-05-08T12:46:58Z" hostname="bce85fa551e7" tests="1" skipped="0" failures="1" errors="0" time="3.054">
    <testcase time="3.05400000000009" classname="tsflab05" name="tsflab05">
      <failure type="failure" message="Snapshot of `write_test_rtf_for(&quot;tsflab05.R&quot;)` has changed. ('test-tsflab05.R:2:3')">Snapshot of `write_test_rtf_for("tsflab05.R")` has changed.
</failure>
    </testcase>
  </testsuite>
  <testsuite name="tsflab06" timestamp="2026-05-08T12:47:01Z" hostname="bce85fa551e7" tests="1" skipped="0" failures="1" errors="0" time="2.917">
    <testcase time="2.91699999999992" classname="tsflab06" name="tsflab06">
      <failure type="failure" message="Snapshot of `write_test_rtf_for(&quot;tsflab06.R&quot;)` has changed. ('test-tsflab06.R:2:3')">Snapshot of `write_test_rtf_for("tsflab06.R")` has changed.
</failure>
    </testcase>
  </testsuite>
  <testsuite name="tsflab07" timestamp="2026-05-08T12:47:04Z" hostname="bce85fa551e7" tests="1" skipped="0" failures="1" errors="0" time="16.899">
    <testcase time="16.899" classname="tsflab07" name="tsflab07">
      <failure type="failure" message="Snapshot of `write_test_rtf_for(&quot;tsflab07.R&quot;)` has changed. ('test-tsflab07.R:2:3')">Snapshot of `write_test_rtf_for("tsflab07.R")` has changed.
</failure>
    </testcase>
  </testsuite>
  <testsuite name="tsfvit01apart1" timestamp="2026-05-08T12:47:21Z" hostname="bce85fa551e7" tests="1" skipped="0" failures="1" errors="0" time="6.84">
    <testcase time="6.84000000000003" classname="tsfvit01apart1" name="tsfvit01a">
      <failure type="failure" message="Snapshot of `write_test_rtf_for(&quot;tsfvit01a.R&quot;, part_num = 1, total_parts = 4)` has changed. ('test-tsfvit01apart1.R:2:3')">Snapshot of `write_test_rtf_for("tsfvit01a.R", part_num = 1, total_parts = 4)` has changed.
</failure>
    </testcase>
  </testsuite>
  <testsuite name="tsfvit01apart2" timestamp="2026-05-08T12:47:28Z" hostname="bce85fa551e7" tests="1" skipped="0" failures="1" errors="0" time="6.715">
    <testcase time="6.71500000000003" classname="tsfvit01apart2" name="tsfvit01a">
      <failure type="failure" message="Snapshot of `write_test_rtf_for(&quot;tsfvit01a.R&quot;, part_num = 2, total_parts = 4)` has changed. ('test-tsfvit01apart2.R:2:3')">Snapshot of `write_test_rtf_for("tsfvit01a.R", part_num = 2, total_parts = 4)` has changed.
</failure>
    </testcase>
  </testsuite>
  <testsuite name="tsfvit01apart3" timestamp="2026-05-08T12:47:35Z" hostname="bce85fa551e7" tests="1" skipped="0" failures="1" errors="0" time="6.237">
    <testcase time="6.23699999999997" classname="tsfvit01apart3" name="tsfvit01a">
      <failure type="failure" message="Snapshot of `write_test_rtf_for(&quot;tsfvit01a.R&quot;, part_num = 3, total_parts = 4)` has changed. ('test-tsfvit01apart3.R:2:3')">Snapshot of `write_test_rtf_for("tsfvit01a.R", part_num = 3, total_parts = 4)` has changed.
</failure>
    </testcase>
  </testsuite>
  <testsuite name="tsfvit01apart4" timestamp="2026-05-08T12:47:41Z" hostname="bce85fa551e7" tests="1" skipped="0" failures="1" errors="0" time="6.425">
    <testcase time="6.42499999999995" classname="tsfvit01apart4" name="tsfvit01a">
      <failure type="failure" message="Snapshot of `write_test_rtf_for(&quot;tsfvit01a.R&quot;, part_num = 4, total_parts = 4)` has changed. ('test-tsfvit01apart4.R:2:3')">Snapshot of `write_test_rtf_for("tsfvit01a.R", part_num = 4, total_parts = 4)` has changed.
</failure>
    </testcase>
  </testsuite>
  <testsuite name="tsfvit01part1" timestamp="2026-05-08T12:47:47Z" hostname="bce85fa551e7" tests="1" skipped="0" failures="1" errors="0" time="3.253">
    <testcase time="3.25300000000004" classname="tsfvit01part1" name="tsfvit01">
      <failure type="failure" message="Snapshot of `write_test_rtf_for(&quot;tsfvit01.R&quot;, part_num = 1, total_parts = 4)` has changed. ('test-tsfvit01part1.R:2:3')">Snapshot of `write_test_rtf_for("tsfvit01.R", part_num = 1, total_parts = 4)` has changed.
</failure>
    </testcase>
  </testsuite>
  <testsuite name="tsfvit01part2" timestamp="2026-05-08T12:47:50Z" hostname="bce85fa551e7" tests="1" skipped="0" failures="1" errors="0" time="3.279">
    <testcase time="3.279" classname="tsfvit01part2" name="tsfvit01">
      <failure type="failure" message="Snapshot of `write_test_rtf_for(&quot;tsfvit01.R&quot;, part_num = 2, total_parts = 4)` has changed. ('test-tsfvit01part2.R:2:3')">Snapshot of `write_test_rtf_for("tsfvit01.R", part_num = 2, total_parts = 4)` has changed.
</failure>
    </testcase>
  </testsuite>
  <testsuite name="tsfvit01part3" timestamp="2026-05-08T12:47:54Z" hostname="bce85fa551e7" tests="1" skipped="0" failures="1" errors="0" time="3.304">
    <testcase time="3.30399999999997" classname="tsfvit01part3" name="tsfvit01">
      <failure type="failure" message="Snapshot of `write_test_rtf_for(&quot;tsfvit01.R&quot;, part_num = 3, total_parts = 4)` has changed. ('test-tsfvit01part3.R:2:3')">Snapshot of `write_test_rtf_for("tsfvit01.R", part_num = 3, total_parts = 4)` has changed.
</failure>
    </testcase>
  </testsuite>
  <testsuite name="tsfvit01part4" timestamp="2026-05-08T12:47:57Z" hostname="bce85fa551e7" tests="1" skipped="0" failures="1" errors="0" time="3.333">
    <testcase time="3.33300000000008" classname="tsfvit01part4" name="tsfvit01">
      <failure type="failure" message="Snapshot of `write_test_rtf_for(&quot;tsfvit01.R&quot;, part_num = 4, total_parts = 4)` has changed. ('test-tsfvit01part4.R:2:3')">Snapshot of `write_test_rtf_for("tsfvit01.R", part_num = 4, total_parts = 4)` has changed.
</failure>
    </testcase>
  </testsuite>
  <testsuite name="tsfvit02" timestamp="2026-05-08T12:48:00Z" hostname="bce85fa551e7" tests="1" skipped="0" failures="0" errors="0" time="0.656">
    <testcase time="0.655999999999949" classname="tsfvit02" name="tsfvit02"/>
  </testsuite>
  <testsuite name="tsfvit03" timestamp="2026-05-08T12:48:01Z" hostname="bce85fa551e7" tests="1" skipped="0" failures="0" errors="0" time="0.645">
    <testcase time="0.644999999999982" classname="tsfvit03" name="tsfvit03"/>
  </testsuite>
  <testsuite name="tsfvit04" timestamp="2026-05-08T12:48:02Z" hostname="bce85fa551e7" tests="1" skipped="0" failures="0" errors="0" time="0.634">
    <testcase time="0.634000000000015" classname="tsfvit04" name="tsfvit04"/>
  </testsuite>
  <testsuite name="tsfvit05" timestamp="2026-05-08T12:48:02Z" hostname="bce85fa551e7" tests="1" skipped="0" failures="1" errors="0" time="2.096">
    <testcase time="2.096" classname="tsfvit05" name="tsfvit05">
      <failure type="failure" message="Snapshot of `write_test_rtf_for(&quot;tsfvit05.R&quot;)` has changed. ('test-tsfvit05.R:2:3')">Snapshot of `write_test_rtf_for("tsfvit05.R")` has changed.
</failure>
    </testcase>
  </testsuite>
  <testsuite name="tsfvit06" timestamp="2026-05-08T12:48:04Z" hostname="bce85fa551e7" tests="1" skipped="0" failures="0" errors="0" time="0.548">
    <testcase time="0.548000000000002" classname="tsfvit06" name="tsfvit06"/>
  </testsuite>
  <testsuite name="tsicm01" timestamp="2026-05-08T12:48:05Z" hostname="bce85fa551e7" tests="1" skipped="0" failures="1" errors="0" time="4.915">
    <testcase time="4.91499999999996" classname="tsicm01" name="tsicm01">
      <failure type="failure" message="Snapshot of `write_test_rtf_for(&quot;tsicm01.R&quot;)` has changed. ('test-tsicm01.R:2:3')">Snapshot of `write_test_rtf_for("tsicm01.R")` has changed.
</failure>
    </testcase>
  </testsuite>
  <testsuite name="tsicm02" timestamp="2026-05-08T12:48:10Z" hostname="bce85fa551e7" tests="1" skipped="0" failures="1" errors="0" time="4.998">
    <testcase time="4.99800000000005" classname="tsicm02" name="tsicm02">
      <failure type="failure" message="Snapshot of `write_test_rtf_for(&quot;tsicm02.R&quot;)` has changed. ('test-tsicm02.R:2:3')">Snapshot of `write_test_rtf_for("tsicm02.R")` has changed.
</failure>
    </testcase>
  </testsuite>
  <testsuite name="tsicm03" timestamp="2026-05-08T12:48:15Z" hostname="bce85fa551e7" tests="1" skipped="0" failures="1" errors="0" time="3.92">
    <testcase time="3.91999999999996" classname="tsicm03" name="tsicm03">
      <failure type="failure" message="Snapshot of `write_test_rtf_for(&quot;tsicm03.R&quot;)` has changed. ('test-tsicm03.R:2:3')">Snapshot of `write_test_rtf_for("tsicm03.R")` has changed.
</failure>
    </testcase>
  </testsuite>
  <testsuite name="tsicm04" timestamp="2026-05-08T12:48:19Z" hostname="bce85fa551e7" tests="1" skipped="0" failures="1" errors="0" time="3.973">
    <testcase time="3.97300000000007" classname="tsicm04" name="tsicm04">
      <failure type="failure" message="Snapshot of `write_test_rtf_for(&quot;tsicm04.R&quot;)` has changed. ('test-tsicm04.R:2:3')">Snapshot of `write_test_rtf_for("tsicm04.R")` has changed.
</failure>
    </testcase>
  </testsuite>
  <testsuite name="tsicm05" timestamp="2026-05-08T12:48:23Z" hostname="bce85fa551e7" tests="1" skipped="0" failures="1" errors="0" time="6.635">
    <testcase time="6.63499999999999" classname="tsicm05" name="tsicm05">
      <failure type="failure" message="Snapshot of `write_test_rtf_for(&quot;tsicm05.R&quot;)` has changed. ('test-tsicm05.R:2:3')">Snapshot of `write_test_rtf_for("tsicm05.R")` has changed.
</failure>
    </testcase>
  </testsuite>
  <testsuite name="tsicm06" timestamp="2026-05-08T12:48:29Z" hostname="bce85fa551e7" tests="1" skipped="0" failures="1" errors="0" time="6.738">
    <testcase time="6.73799999999994" classname="tsicm06" name="tsicm06">
      <failure type="failure" message="Snapshot of `write_test_rtf_for(&quot;tsicm06.R&quot;)` has changed. ('test-tsicm06.R:2:3')">Snapshot of `write_test_rtf_for("tsicm06.R")` has changed.
</failure>
    </testcase>
  </testsuite>
  <testsuite name="tsicm07" timestamp="2026-05-08T12:48:36Z" hostname="bce85fa551e7" tests="1" skipped="0" failures="1" errors="0" time="0.671">
    <testcase time="0.671000000000049" classname="tsicm07" name="tsicm07">
      <failure type="failure" message="Snapshot of `write_test_rtf_for(&quot;tsicm07.R&quot;)` has changed. ('test-tsicm07.R:2:3')">Snapshot of `write_test_rtf_for("tsicm07.R")` has changed.
</failure>
    </testcase>
  </testsuite>
  <testsuite name="tsicm08" timestamp="2026-05-08T12:48:37Z" hostname="bce85fa551e7" tests="1" skipped="0" failures="1" errors="0" time="0.996">
    <testcase time="0.995999999999981" classname="tsicm08" name="tsicm08">
      <failure type="failure" message="Snapshot of `write_test_rtf_for(&quot;tsicm08.R&quot;)` has changed. ('test-tsicm08.R:2:3')">Snapshot of `write_test_rtf_for("tsicm08.R")` has changed.
</failure>
    </testcase>
  </testsuite>
  <testsuite name="tsidem01" timestamp="2026-05-08T12:48:38Z" hostname="bce85fa551e7" tests="1" skipped="0" failures="0" errors="0" time="2.135">
    <testcase time="2.13499999999999" classname="tsidem01" name="tsidem01"/>
  </testsuite>
  <testsuite name="tsidem02" timestamp="2026-05-08T12:48:40Z" hostname="bce85fa551e7" tests="1" skipped="0" failures="1" errors="0" time="0.697">
    <testcase time="0.697000000000003" classname="tsidem02" name="tsidem02">
      <failure type="failure" message="Snapshot of `write_test_rtf_for(&quot;tsidem02.R&quot;)` has changed. ('test-tsidem02.R:2:3')">Snapshot of `write_test_rtf_for("tsidem02.R")` has changed.
</failure>
    </testcase>
  </testsuite>
  <testsuite name="tsids01" timestamp="2026-05-08T12:48:41Z" hostname="bce85fa551e7" tests="1" skipped="0" failures="1" errors="0" time="0.351">
    <testcase time="0.350999999999999" classname="tsids01" name="tsids01">
      <failure type="failure" message="Snapshot of `write_test_rtf_for(&quot;tsids01.R&quot;)` has changed. ('test-tsids01.R:2:3')">Snapshot of `write_test_rtf_for("tsids01.R")` has changed.
</failure>
    </testcase>
  </testsuite>
  <testsuite name="tsids02" timestamp="2026-05-08T12:48:41Z" hostname="bce85fa551e7" tests="1" skipped="0" failures="1" errors="0" time="1.381">
    <testcase time="1.38100000000009" classname="tsids02" name="tsids02">
      <failure type="failure" message="Snapshot of `write_test_rtf_for(&quot;tsids02.R&quot;)` has changed. ('test-tsids02.R:2:3')">Snapshot of `write_test_rtf_for("tsids02.R")` has changed.
</failure>
    </testcase>
  </testsuite>
  <testsuite name="tsids02a" timestamp="2026-05-08T12:48:42Z" hostname="bce85fa551e7" tests="1" skipped="0" failures="1" errors="0" time="7.055">
    <testcase time="7.05499999999995" classname="tsids02a" name="tsids02a">
      <failure type="failure" message="Snapshot of `write_test_rtf_for(&quot;tsids02a.R&quot;)` has changed. ('test-tsids02a.R:2:3')">Snapshot of `write_test_rtf_for("tsids02a.R")` has changed.
</failure>
    </testcase>
  </testsuite>
  <testsuite name="tsiex01" timestamp="2026-05-08T12:48:49Z" hostname="bce85fa551e7" tests="1" skipped="0" failures="0" errors="0" time="1.41">
    <testcase time="1.40999999999997" classname="tsiex01" name="tsiex01"/>
  </testsuite>
  <testsuite name="tsiex02" timestamp="2026-05-08T12:48:51Z" hostname="bce85fa551e7" tests="1" skipped="0" failures="0" errors="0" time="1.282">
    <testcase time="1.28200000000004" classname="tsiex02" name="tsiex02"/>
  </testsuite>
  <testsuite name="tsiex03" timestamp="2026-05-08T12:48:52Z" hostname="bce85fa551e7" tests="1" skipped="0" failures="0" errors="0" time="0.985">
    <testcase time="0.985000000000014" classname="tsiex03" name="tsiex03"/>
  </testsuite>
  <testsuite name="tsiex04" timestamp="2026-05-08T12:48:53Z" hostname="bce85fa551e7" tests="1" skipped="0" failures="0" errors="0" time="0.85">
    <testcase time="0.850000000000023" classname="tsiex04" name="tsiex04"/>
  </testsuite>
  <testsuite name="tsiex06" timestamp="2026-05-08T12:48:54Z" hostname="bce85fa551e7" tests="1" skipped="0" failures="1" errors="0" time="0.412">
    <testcase time="0.411999999999921" classname="tsiex06" name="tsiex06">
      <failure type="failure" message="Snapshot of `write_test_rtf_for(&quot;tsiex06.R&quot;)` has changed. ('test-tsiex06.R:2:3')">Snapshot of `write_test_rtf_for("tsiex06.R")` has changed.
</failure>
    </testcase>
  </testsuite>
  <testsuite name="tsiex07" timestamp="2026-05-08T12:48:54Z" hostname="bce85fa551e7" tests="1" skipped="0" failures="0" errors="0" time="0.568">
    <testcase time="0.567999999999984" classname="tsiex07" name="tsiex07"/>
  </testsuite>
  <testsuite name="tsiex08" timestamp="2026-05-08T12:48:55Z" hostname="bce85fa551e7" tests="1" skipped="0" failures="1" errors="0" time="1.231">
    <testcase time="1.23099999999999" classname="tsiex08" name="tsiex08">
      <failure type="failure" message="Snapshot of `write_test_rtf_for(&quot;tsiex08.R&quot;)` has changed. ('test-tsiex08.R:2:3')">Snapshot of `write_test_rtf_for("tsiex08.R")` has changed.
</failure>
    </testcase>
  </testsuite>
  <testsuite name="tsiex09" timestamp="2026-05-08T12:48:56Z" hostname="bce85fa551e7" tests="1" skipped="0" failures="1" errors="0" time="0.619">
    <testcase time="0.619000000000028" classname="tsiex09" name="tsiex09">
      <failure type="failure" message="Snapshot of `write_test_rtf_for(&quot;tsiex09.R&quot;)` has changed. ('test-tsiex09.R:2:3')">Snapshot of `write_test_rtf_for("tsiex09.R")` has changed.
</failure>
    </testcase>
  </testsuite>
  <testsuite name="tsiex10" timestamp="2026-05-08T12:48:57Z" hostname="bce85fa551e7" tests="1" skipped="0" failures="0" errors="0" time="0.575">
    <testcase time="0.575000000000045" classname="tsiex10" name="tsiex10"/>
  </testsuite>
  <testsuite name="tsiex11" timestamp="2026-05-08T12:48:57Z" hostname="bce85fa551e7" tests="1" skipped="0" failures="1" errors="0" time="3.006">
    <testcase time="3.00599999999997" classname="tsiex11" name="tsiex11">
      <failure type="failure" message="Snapshot of `write_test_rtf_for(&quot;tsiex11.R&quot;)` has changed. ('test-tsiex11.R:2:3')">Snapshot of `write_test_rtf_for("tsiex11.R")` has changed.
</failure>
    </testcase>
  </testsuite>
  <testsuite name="tsimh01" timestamp="2026-05-08T12:49:00Z" hostname="bce85fa551e7" tests="1" skipped="0" failures="1" errors="0" time="1.109">
    <testcase time="1.10900000000004" classname="tsimh01" name="tsimh01">
      <failure type="failure" message="Snapshot of `write_test_rtf_for(&quot;tsimh01.R&quot;)` has changed. ('test-tsimh01.R:2:3')">Snapshot of `write_test_rtf_for("tsimh01.R")` has changed.
</failure>
    </testcase>
  </testsuite>
</testsuites>
