<?xml version="1.0" encoding="UTF-8"?>
<testsuites>
  <testsuite name="lsfae01" timestamp="2026-08-14T10:47:39Z" hostname="7947f9438871" tests="1" skipped="0" failures="0" errors="0" time="0.646">
    <testcase time="0.645999999999999" classname="lsfae01" name="lsfae01"/>
  </testsuite>
  <testsuite name="lsfae02" timestamp="2026-08-14T10:47:39Z" hostname="7947f9438871" tests="1" skipped="0" failures="0" errors="0" time="0.684">
    <testcase time="0.684000000000001" classname="lsfae02" name="lsfae02"/>
  </testsuite>
  <testsuite name="lsfae03" timestamp="2026-08-14T10:47:40Z" hostname="7947f9438871" tests="1" skipped="0" failures="0" errors="0" time="0.303">
    <testcase time="0.302999999999999" classname="lsfae03" name="lsfae03"/>
  </testsuite>
  <testsuite name="lsfae04" timestamp="2026-08-14T10:47:40Z" hostname="7947f9438871" tests="1" skipped="0" failures="0" errors="0" time="0.182">
    <testcase time="0.182" classname="lsfae04" name="lsfae04"/>
  </testsuite>
  <testsuite name="lsfae05" timestamp="2026-08-14T10:47:41Z" hostname="7947f9438871" tests="1" skipped="0" failures="0" errors="0" time="0.448">
    <testcase time="0.448" classname="lsfae05" name="lsfae05"/>
  </testsuite>
  <testsuite name="lsfae05b" timestamp="2026-08-14T10:47:41Z" hostname="7947f9438871" tests="1" skipped="0" failures="0" errors="0" time="0.451">
    <testcase time="0.451000000000001" classname="lsfae05b" name="lsfae05b"/>
  </testsuite>
  <testsuite name="lsfae06" timestamp="2026-08-14T10:47:42Z" hostname="7947f9438871" tests="1" skipped="0" failures="0" errors="0" time="0.306">
    <testcase time="0.305999999999999" classname="lsfae06" name="lsfae06"/>
  </testsuite>
  <testsuite name="lsfae07a" timestamp="2026-08-14T10:47:42Z" hostname="7947f9438871" tests="1" skipped="0" failures="0" errors="0" time="0.363">
    <testcase time="0.363" classname="lsfae07a" name="lsfae07a"/>
  </testsuite>
  <testsuite name="lsfae07b" timestamp="2026-08-14T10:47:42Z" hostname="7947f9438871" tests="1" skipped="0" failures="0" errors="0" time="0.362">
    <testcase time="0.362" classname="lsfae07b" name="lsfae07b"/>
  </testsuite>
  <testsuite name="lsfvit01" timestamp="2026-08-14T10:47:43Z" hostname="7947f9438871" tests="1" skipped="0" failures="0" errors="0" time="1.094">
    <testcase time="1.094" classname="lsfvit01" name="lsfvit01"/>
  </testsuite>
  <testsuite name="lsfvit02" timestamp="2026-08-14T10:47:44Z" hostname="7947f9438871" tests="1" skipped="0" failures="0" errors="0" time="1.328">
    <testcase time="1.328" classname="lsfvit02" name="lsfvit02part1of3"/>
  </testsuite>
  <testsuite name="lsidem01" timestamp="2026-08-14T10:47:45Z" hostname="7947f9438871" tests="1" skipped="0" failures="0" errors="0" time="0.38">
    <testcase time="0.380000000000001" classname="lsidem01" name="lsidem01"/>
  </testsuite>
  <testsuite name="lsidem02" timestamp="2026-08-14T10:47:45Z" hostname="7947f9438871" tests="1" skipped="0" failures="0" errors="0" time="0.342">
    <testcase time="0.342000000000001" classname="lsidem02" name="lsidem02"/>
  </testsuite>
  <testsuite name="lsidev01" timestamp="2026-08-14T10:47:46Z" hostname="7947f9438871" tests="2" skipped="0" failures="0" errors="0" time="0.539">
    <testcase time="0.0949999999999989" classname="lsidev01" name="lsidev01">
      <system-out>There were 3 warnings in `mutate()`.
The first warning was:
i In argument: `COL6 = as.integer(DVSTDTC - TRTSDT + (DVSTDTC &gt;= TRTSDT))`.
Caused by warning:
! Incompatible methods ("Ops.factor", "-.Date") for "-"
i Run `dplyr::last_dplyr_warnings()` to see the 2 remaining warnings.
Backtrace:
     x
  1. +-testthat::expect_snapshot_file(...) at test-lsidev01.R:4:3
  2. | \-testthat:::check_string(path)
  3. |   \-testthat:::.rlang_check_is_string(...)
  4. |     \-rlang::is_string(x)
  5. +-scda.test:::write_test_rtf_for("lsidev01.R")
  6. | \-base::source(ipath) at ./helper.R:20:3
  7. |   +-base::withVisible(eval(ei, envir))
  8. |   \-base::eval(ei, envir)
  9. |     \-base::eval(ei, envir)
 10. +-... %&gt;% arrange(COL0, COL1, COL2, COL3, COL4, COL5)
 11. +-dplyr::arrange(., COL0, COL1, COL2, COL3, COL4, COL5)
 12. +-dplyr::mutate(...)
 13. \-dplyr:::mutate.data.frame(...)
 14.   \-dplyr:::mutate_cols(.data, dplyr_quosures(...), by)
 15.     \-dplyr:::signal_warnings(warnings_state, error_call)</system-out>
    </testcase>
    <testcase time="0.443999999999999" classname="lsidev01" name="lsidev01"/>
  </testsuite>
  <testsuite name="lsidev02" timestamp="2026-08-14T10:47:46Z" hostname="7947f9438871" tests="2" skipped="0" failures="0" errors="0" time="0.419">
    <testcase time="0.0920000000000023" classname="lsidev02" name="lsidev02">
      <system-out>There were 3 warnings in `mutate()`.
The first warning was:
i In argument: `COL6 = as.integer(DVSTDTC - TRTSDT + (DVSTDTC &gt;= TRTSDT))`.
Caused by warning:
! Incompatible methods ("Ops.factor", "-.Date") for "-"
i Run `dplyr::last_dplyr_warnings()` to see the 2 remaining warnings.
Backtrace:
     x
  1. +-testthat::expect_snapshot_file(...) at test-lsidev02.R:4:3
  2. | \-testthat:::check_string(path)
  3. |   \-testthat:::.rlang_check_is_string(...)
  4. |     \-rlang::is_string(x)
  5. +-scda.test:::write_test_rtf_for("lsidev02.R")
  6. | \-base::source(ipath) at ./helper.R:20:3
  7. |   +-base::withVisible(eval(ei, envir))
  8. |   \-base::eval(ei, envir)
  9. |     \-base::eval(ei, envir)
 10. +-... %&gt;% arrange(COL0, COL1, COL2, COL3, COL4, COL5)
 11. +-dplyr::arrange(., COL0, COL1, COL2, COL3, COL4, COL5)
 12. +-dplyr::mutate(...)
 13. \-dplyr:::mutate.data.frame(...)
 14.   \-dplyr:::mutate_cols(.data, dplyr_quosures(...), by)
 15.     \-dplyr:::signal_warnings(warnings_state, error_call)</system-out>
    </testcase>
    <testcase time="0.326999999999998" classname="lsidev02" name="lsidev02"/>
  </testsuite>
  <testsuite name="lsidev03" timestamp="2026-08-14T10:47:47Z" hostname="7947f9438871" tests="1" skipped="0" failures="0" errors="0" time="0.219">
    <testcase time="0.219000000000001" classname="lsidev03" name="lsidev03"/>
  </testsuite>
  <testsuite name="lsids01" timestamp="2026-08-14T10:47:47Z" hostname="7947f9438871" tests="1" skipped="0" failures="0" errors="0" time="0.351">
    <testcase time="0.350999999999999" classname="lsids01" name="lsids01"/>
  </testsuite>
  <testsuite name="lsids02" timestamp="2026-08-14T10:47:47Z" hostname="7947f9438871" tests="1" skipped="0" failures="0" errors="0" time="0.365">
    <testcase time="0.364999999999998" classname="lsids02" name="lsids02"/>
  </testsuite>
  <testsuite name="lsids03" timestamp="2026-08-14T10:47:48Z" hostname="7947f9438871" tests="1" skipped="0" failures="0" errors="0" time="0.371">
    <testcase time="0.371000000000002" classname="lsids03" name="lsids03"/>
  </testsuite>
  <testsuite name="lsids04" timestamp="2026-08-14T10:47:48Z" hostname="7947f9438871" tests="1" skipped="0" failures="0" errors="0" time="0.173">
    <testcase time="0.172999999999998" classname="lsids04" name="lsids04"/>
  </testsuite>
  <testsuite name="lsids05" timestamp="2026-08-14T10:47:48Z" hostname="7947f9438871" tests="1" skipped="0" failures="0" errors="0" time="0.112">
    <testcase time="0.112000000000002" classname="lsids05" name="lsids05"/>
  </testsuite>
  <testsuite name="lsids06" timestamp="2026-08-14T10:47:48Z" hostname="7947f9438871" tests="3" skipped="0" failures="0" errors="0" time="0.556">
    <testcase time="0.0429999999999993" classname="lsids06" name="lsids06">
      <system-out>Use of .data in tidyselect expressions was deprecated in tidyselect 1.2.0.
i Please use `all_of(var)` (or `any_of(var)`) instead of `.data[[var]]`
Backtrace:
     x
  1. +-testthat::expect_snapshot_file(...) at test-lsids06.R:4:3
  2. | \-testthat:::check_string(path)
  3. |   \-testthat:::.rlang_check_is_string(...)
  4. |     \-rlang::is_string(x)
  5. +-scda.test:::write_test_rtf_for("lsids06.R")
  6. | \-base::source(ipath) at ./helper.R:20:3
  7. |   +-base::withVisible(eval(ei, envir))
  8. |   \-base::eval(ei, envir)
  9. |     \-base::eval(ei, envir)
 10. +-... %&gt;% ...
 11. +-dplyr::select(...)
 12. +-dplyr::ungroup(.)
 13. +-dplyr::mutate(...)
 14. +-dplyr::rowwise(.)
 15. +-dplyr::mutate(., FLAG_DESC = labels[FLAG_VAR])
 16. +-dplyr::filter(., toupper(FLAG_VAL) != "Y")
 17. +-tidyr::pivot_longer(...)
 18. +-dplyr::select(...)
 19. \-dplyr:::select.data.frame(...)
 20.   \-tidyselect::eval_select(expr(c(...)), data = .data, error_call = error_call)
 21.     \-tidyselect:::eval_select_impl(...)
 22.       +-tidyselect:::with_subscript_errors(...)
 23.       | \-base::withCallingHandlers(...)
 24.       \-tidyselect:::vars_select_eval(...)
 25.         \-tidyselect:::walk_data_tree(expr, data_mask, context_mask)
 26.           \-tidyselect:::eval_c(expr, data_mask, context_mask)
 27.             \-tidyselect:::reduce_sels(node, data_mask, context_mask, init = init)
 28.               \-tidyselect:::walk_data_tree(new, data_mask, context_mask)
 29.                 \-tidyselect:::expr_kind(expr, context_mask, error_call)
 30.                   \-tidyselect:::call_kind(expr, context_mask, error_call)</system-out>
    </testcase>
    <testcase time="0.175000000000001" classname="lsids06" name="lsids06">
      <system-out>Use of .data in tidyselect expressions was deprecated in tidyselect 1.2.0.
i Please use `all_of(var)` (or `any_of(var)`) instead of `.data[[var]]`
Backtrace:
     x
  1. +-testthat::expect_snapshot_file(...) at test-lsids06.R:4:3
  2. | \-testthat:::check_string(path)
  3. |   \-testthat:::.rlang_check_is_string(...)
  4. |     \-rlang::is_string(x)
  5. +-scda.test:::write_test_rtf_for("lsids06.R")
  6. | \-base::source(ipath) at ./helper.R:20:3
  7. |   +-base::withVisible(eval(ei, envir))
  8. |   \-base::eval(ei, envir)
  9. |     \-base::eval(ei, envir)
 10. +-... %&gt;% ...
 11. +-dplyr::select(...)
 12. \-dplyr:::select.data.frame(...)
 13.   \-tidyselect::eval_select(expr(c(...)), data = .data, error_call = error_call)
 14.     \-tidyselect:::eval_select_impl(...)
 15.       +-tidyselect:::with_subscript_errors(...)
 16.       | \-base::withCallingHandlers(...)
 17.       \-tidyselect:::vars_select_eval(...)
 18.         \-tidyselect:::walk_data_tree(expr, data_mask, context_mask)
 19.           \-tidyselect:::eval_c(expr, data_mask, context_mask)
 20.             \-tidyselect:::reduce_sels(node, data_mask, context_mask, init = init)
 21.               \-tidyselect:::walk_data_tree(new, data_mask, context_mask)
 22.                 \-tidyselect:::expr_kind(expr, context_mask, error_call)
 23.                   \-tidyselect:::call_kind(expr, context_mask, error_call)</system-out>
    </testcase>
    <testcase time="0.338000000000001" classname="lsids06" name="lsids06"/>
  </testsuite>
  <testsuite name="tsfae01a" timestamp="2026-08-14T10:47:49Z" hostname="7947f9438871" tests="1" skipped="0" failures="0" errors="0" time="2.429">
    <testcase time="2.429" classname="tsfae01a" name="tsfae01a"/>
  </testsuite>
  <testsuite name="tsfae01b" timestamp="2026-08-14T10:47:51Z" hostname="7947f9438871" tests="1" skipped="0" failures="0" errors="0" time="2.129">
    <testcase time="2.129" classname="tsfae01b" name="tsfae01b"/>
  </testsuite>
  <testsuite name="tsfae02" timestamp="2026-08-14T10:47:53Z" hostname="7947f9438871" tests="1" skipped="0" failures="0" errors="0" time="2.76">
    <testcase time="2.76" classname="tsfae02" name="tsfae02"/>
  </testsuite>
  <testsuite name="tsfae02a" timestamp="2026-08-14T10:47:56Z" hostname="7947f9438871" tests="1" skipped="0" failures="0" errors="0" time="8.884">
    <testcase time="8.884" classname="tsfae02a" name="tsfae02a"/>
  </testsuite>
  <testsuite name="tsfae03a" timestamp="2026-08-14T10:48:05Z" hostname="7947f9438871" tests="1" skipped="0" failures="0" errors="0" time="2.771">
    <testcase time="2.771" classname="tsfae03a" name="tsfae03a"/>
  </testsuite>
  <testsuite name="tsfae03b" timestamp="2026-08-14T10:48:08Z" hostname="7947f9438871" tests="1" skipped="0" failures="0" errors="0" time="2.824">
    <testcase time="2.824" classname="tsfae03b" name="tsfae03b"/>
  </testsuite>
  <testsuite name="tsfae03c" timestamp="2026-08-14T10:48:11Z" hostname="7947f9438871" tests="1" skipped="0" failures="0" errors="0" time="2.94">
    <testcase time="2.94" classname="tsfae03c" name="tsfae03c"/>
  </testsuite>
  <testsuite name="tsfae03d" timestamp="2026-08-14T10:48:14Z" hostname="7947f9438871" tests="1" skipped="0" failures="0" errors="0" time="2.154">
    <testcase time="2.154" classname="tsfae03d" name="tsfae03d"/>
  </testsuite>
  <testsuite name="tsfae03e" timestamp="2026-08-14T10:48:16Z" hostname="7947f9438871" tests="1" skipped="0" failures="0" errors="0" time="2.737">
    <testcase time="2.737" classname="tsfae03e" name="tsfae03e"/>
  </testsuite>
  <testsuite name="tsfae03f" timestamp="2026-08-14T10:48:18Z" hostname="7947f9438871" tests="1" skipped="0" failures="0" errors="0" time="0.862">
    <testcase time="0.862000000000002" classname="tsfae03f" name="tsfae03f"/>
  </testsuite>
  <testsuite name="tsfae04a" timestamp="2026-08-14T10:48:19Z" hostname="7947f9438871" tests="1" skipped="0" failures="0" errors="0" time="1.502">
    <testcase time="1.502" classname="tsfae04a" name="tsfae04a"/>
  </testsuite>
  <testsuite name="tsfae04b" timestamp="2026-08-14T10:48:21Z" hostname="7947f9438871" tests="1" skipped="0" failures="0" errors="0" time="3.775">
    <testcase time="3.775" classname="tsfae04b" name="tsfae04b"/>
  </testsuite>
  <testsuite name="tsfae04c" timestamp="2026-08-14T10:48:25Z" hostname="7947f9438871" tests="1" skipped="0" failures="0" errors="0" time="2.53">
    <testcase time="2.53" classname="tsfae04c" name="tsfae04c"/>
  </testsuite>
  <testsuite name="tsfae05" timestamp="2026-08-14T10:48:27Z" hostname="7947f9438871" tests="1" skipped="0" failures="0" errors="0" time="2.529">
    <testcase time="2.529" classname="tsfae05" name="tsfae05"/>
  </testsuite>
  <testsuite name="tsfae05a" timestamp="2026-08-14T10:48:30Z" hostname="7947f9438871" tests="1" skipped="0" failures="0" errors="0" time="8.127">
    <testcase time="8.127" classname="tsfae05a" name="tsfae05a"/>
  </testsuite>
  <testsuite name="tsfae06" timestamp="2026-08-14T10:48:38Z" hostname="7947f9438871" tests="1" skipped="0" failures="0" errors="0" time="0.471">
    <testcase time="0.470999999999989" classname="tsfae06" name="tsfae06"/>
  </testsuite>
  <testsuite name="tsfae07a" timestamp="2026-08-14T10:48:38Z" hostname="7947f9438871" tests="1" skipped="0" failures="0" errors="0" time="2.06">
    <testcase time="2.06" classname="tsfae07a" name="tsfae07a"/>
  </testsuite>
  <testsuite name="tsfae07b" timestamp="2026-08-14T10:48:40Z" hostname="7947f9438871" tests="1" skipped="0" failures="0" errors="0" time="2.14">
    <testcase time="2.14" classname="tsfae07b" name="tsfae07b"/>
  </testsuite>
  <testsuite name="tsfae07c" timestamp="2026-08-14T10:48:42Z" hostname="7947f9438871" tests="1" skipped="0" failures="0" errors="0" time="0.586">
    <testcase time="0.585999999999999" classname="tsfae07c" name="tsfae07c"/>
  </testsuite>
  <testsuite name="tsfae07d" timestamp="2026-08-14T10:48:43Z" hostname="7947f9438871" tests="1" skipped="0" failures="0" errors="0" time="2.102">
    <testcase time="2.102" classname="tsfae07d" name="tsfae07d"/>
  </testsuite>
  <testsuite name="tsfae07e" timestamp="2026-08-14T10:48:45Z" hostname="7947f9438871" tests="1" skipped="0" failures="0" errors="0" time="2.157">
    <testcase time="2.157" classname="tsfae07e" name="tsfae07e"/>
  </testsuite>
  <testsuite name="tsfae08" timestamp="2026-08-14T10:48:47Z" hostname="7947f9438871" tests="1" skipped="0" failures="0" errors="0" time="2.758">
    <testcase time="2.75800000000001" classname="tsfae08" name="tsfae08"/>
  </testsuite>
  <testsuite name="tsfae10a" timestamp="2026-08-14T10:48:50Z" hostname="7947f9438871" tests="1" skipped="0" failures="0" errors="0" time="1.332">
    <testcase time="1.33199999999999" classname="tsfae10a" name="tsfae10a"/>
  </testsuite>
  <testsuite name="tsfae10b" timestamp="2026-08-14T10:48:51Z" hostname="7947f9438871" tests="1" skipped="0" failures="0" errors="0" time="0.961">
    <testcase time="0.960999999999999" classname="tsfae10b" name="tsfae10b"/>
  </testsuite>
  <testsuite name="tsfae10c" timestamp="2026-08-14T10:48:52Z" hostname="7947f9438871" tests="1" skipped="0" failures="0" errors="0" time="1.001">
    <testcase time="1.001" classname="tsfae10c" name="tsfae10c"/>
  </testsuite>
  <testsuite name="tsfae10d" timestamp="2026-08-14T10:48:53Z" hostname="7947f9438871" tests="1" skipped="0" failures="0" errors="0" time="1.323">
    <testcase time="1.32299999999999" classname="tsfae10d" name="tsfae10d"/>
  </testsuite>
  <testsuite name="tsfae11a" timestamp="2026-08-14T10:48:55Z" hostname="7947f9438871" tests="1" skipped="0" failures="0" errors="0" time="6.638">
    <testcase time="6.63800000000001" classname="tsfae11a" name="tsfae11apart1of2"/>
  </testsuite>
  <testsuite name="tsfae11b" timestamp="2026-08-14T10:49:01Z" hostname="7947f9438871" tests="1" skipped="0" failures="0" errors="0" time="9.454">
    <testcase time="9.45400000000001" classname="tsfae11b" name="tsfae11bpart1of4"/>
  </testsuite>
  <testsuite name="tsfae11c" timestamp="2026-08-14T10:49:11Z" hostname="7947f9438871" tests="1" skipped="0" failures="0" errors="0" time="5.586">
    <testcase time="5.586" classname="tsfae11c" name="tsfae11c"/>
  </testsuite>
  <testsuite name="tsfae11d" timestamp="2026-08-14T10:49:16Z" hostname="7947f9438871" tests="1" skipped="0" failures="0" errors="0" time="7.487">
    <testcase time="7.48699999999999" classname="tsfae11d" name="tsfae11d"/>
  </testsuite>
  <testsuite name="tsfae12a" timestamp="2026-08-14T10:49:24Z" hostname="7947f9438871" tests="1" skipped="0" failures="0" errors="0" time="8.302">
    <testcase time="8.30200000000001" classname="tsfae12a" name="tsfae12apart1of4"/>
  </testsuite>
  <testsuite name="tsfae12b" timestamp="2026-08-14T10:49:32Z" hostname="7947f9438871" tests="1" skipped="0" failures="0" errors="0" time="5.242">
    <testcase time="5.24199999999999" classname="tsfae12b" name="tsfae12bpart1of2"/>
  </testsuite>
  <testsuite name="tsfae12c" timestamp="2026-08-14T10:49:37Z" hostname="7947f9438871" tests="1" skipped="0" failures="0" errors="0" time="8.451">
    <testcase time="8.45099999999999" classname="tsfae12c" name="tsfae12cpart1of4"/>
  </testsuite>
  <testsuite name="tsfae12d" timestamp="2026-08-14T10:49:46Z" hostname="7947f9438871" tests="1" skipped="0" failures="0" errors="0" time="5.191">
    <testcase time="5.191" classname="tsfae12d" name="tsfae12dpart1of2"/>
  </testsuite>
  <testsuite name="tsfae13" timestamp="2026-08-14T10:49:51Z" hostname="7947f9438871" tests="1" skipped="0" failures="0" errors="0" time="1.928">
    <testcase time="1.928" classname="tsfae13" name="tsfae13"/>
  </testsuite>
  <testsuite name="tsfae13a" timestamp="2026-08-14T10:49:53Z" hostname="7947f9438871" tests="1" skipped="0" failures="0" errors="0" time="1.161">
    <testcase time="1.161" classname="tsfae13a" name="tsfae13a"/>
  </testsuite>
  <testsuite name="tsfae13b" timestamp="2026-08-14T10:49:54Z" hostname="7947f9438871" tests="1" skipped="0" failures="0" errors="0" time="0.433">
    <testcase time="0.433000000000021" classname="tsfae13b" name="tsfae13b"/>
  </testsuite>
  <testsuite name="tsfae13c" timestamp="2026-08-14T10:49:55Z" hostname="7947f9438871" tests="1" skipped="0" failures="0" errors="0" time="0.876">
    <testcase time="0.875999999999976" classname="tsfae13c" name="tsfae13c"/>
  </testsuite>
  <testsuite name="tsfae13d" timestamp="2026-08-14T10:49:55Z" hostname="7947f9438871" tests="1" skipped="0" failures="0" errors="0" time="1.105">
    <testcase time="1.10500000000002" classname="tsfae13d" name="tsfae13d"/>
  </testsuite>
  <testsuite name="tsfae14" timestamp="2026-08-14T10:49:56Z" hostname="7947f9438871" tests="1" skipped="0" failures="0" errors="0" time="4.267">
    <testcase time="4.267" classname="tsfae14" name="tsfae14"/>
  </testsuite>
  <testsuite name="tsfae15" timestamp="2026-08-14T10:50:01Z" hostname="7947f9438871" tests="1" skipped="0" failures="0" errors="0" time="2.973">
    <testcase time="2.97299999999998" classname="tsfae15" name="tsfae15"/>
  </testsuite>
  <testsuite name="tsfae16" timestamp="2026-08-14T10:50:04Z" hostname="7947f9438871" tests="1" skipped="0" failures="0" errors="0" time="9.437">
    <testcase time="9.43700000000001" classname="tsfae16" name="tsfae16part1of2"/>
  </testsuite>
  <testsuite name="tsfae17a" timestamp="2026-08-14T10:50:13Z" hostname="7947f9438871" tests="1" skipped="0" failures="0" errors="0" time="11.402">
    <testcase time="11.402" classname="tsfae17a" name="tsfae17a"/>
  </testsuite>
  <testsuite name="tsfae17b" timestamp="2026-08-14T10:50:25Z" hostname="7947f9438871" tests="1" skipped="0" failures="0" errors="0" time="6.744">
    <testcase time="6.744" classname="tsfae17b" name="tsfae17b"/>
  </testsuite>
  <testsuite name="tsfae17c" timestamp="2026-08-14T10:50:31Z" hostname="7947f9438871" tests="1" skipped="0" failures="0" errors="0" time="14.186">
    <testcase time="14.186" classname="tsfae17c" name="tsfae17c"/>
  </testsuite>
  <testsuite name="tsfae17d" timestamp="2026-08-14T10:50:46Z" hostname="7947f9438871" tests="1" skipped="0" failures="0" errors="0" time="10.689">
    <testcase time="10.689" classname="tsfae17d" name="tsfae17d"/>
  </testsuite>
  <testsuite name="tsfae18a" timestamp="2026-08-14T10:50:56Z" hostname="7947f9438871" tests="1" skipped="0" failures="0" errors="0" time="0.626">
    <testcase time="0.625999999999976" classname="tsfae18a" name="tsfae18a"/>
  </testsuite>
  <testsuite name="tsfae18b" timestamp="2026-08-14T10:50:57Z" hostname="7947f9438871" tests="1" skipped="0" failures="0" errors="0" time="1.196">
    <testcase time="1.196" classname="tsfae18b" name="tsfae18b"/>
  </testsuite>
  <testsuite name="tsfae18c" timestamp="2026-08-14T10:50:58Z" hostname="7947f9438871" tests="1" skipped="0" failures="0" errors="0" time="1.478">
    <testcase time="1.47800000000001" classname="tsfae18c" name="tsfae18c"/>
  </testsuite>
  <testsuite name="tsfae18d" timestamp="2026-08-14T10:50:59Z" hostname="7947f9438871" tests="1" skipped="0" failures="0" errors="0" time="0.637">
    <testcase time="0.637" classname="tsfae18d" name="tsfae18d"/>
  </testsuite>
  <testsuite name="tsfae19a" timestamp="2026-08-14T10:51:00Z" hostname="7947f9438871" tests="1" skipped="0" failures="0" errors="0" time="0.624">
    <testcase time="0.623999999999995" classname="tsfae19a" name="tsfae19a"/>
  </testsuite>
  <testsuite name="tsfae19b" timestamp="2026-08-14T10:51:01Z" hostname="7947f9438871" tests="1" skipped="0" failures="0" errors="0" time="0.629">
    <testcase time="0.629000000000019" classname="tsfae19b" name="tsfae19b"/>
  </testsuite>
  <testsuite name="tsfae19c" timestamp="2026-08-14T10:51:01Z" hostname="7947f9438871" tests="1" skipped="0" failures="0" errors="0" time="0.962">
    <testcase time="0.961999999999989" classname="tsfae19c" name="tsfae19c"/>
  </testsuite>
  <testsuite name="tsfae19d" timestamp="2026-08-14T10:51:02Z" hostname="7947f9438871" tests="1" skipped="0" failures="0" errors="0" time="0.956">
    <testcase time="0.955999999999989" classname="tsfae19d" name="tsfae19d"/>
  </testsuite>
  <testsuite name="tsfae20a" timestamp="2026-08-14T10:51:03Z" hostname="7947f9438871" tests="1" skipped="0" failures="0" errors="0" time="2.284">
    <testcase time="2.28400000000002" classname="tsfae20a" name="tsfae20a"/>
  </testsuite>
  <testsuite name="tsfae20b" timestamp="2026-08-14T10:51:06Z" hostname="7947f9438871" tests="1" skipped="0" failures="0" errors="0" time="2.689">
    <testcase time="2.68899999999999" classname="tsfae20b" name="tsfae20b"/>
  </testsuite>
  <testsuite name="tsfae20c" timestamp="2026-08-14T10:51:08Z" hostname="7947f9438871" tests="1" skipped="0" failures="0" errors="0" time="10.919">
    <testcase time="10.919" classname="tsfae20c" name="tsfae20cpart1of2"/>
  </testsuite>
  <testsuite name="tsfae20d" timestamp="2026-08-14T10:51:19Z" hostname="7947f9438871" tests="1" skipped="0" failures="0" errors="0" time="10.987">
    <testcase time="10.987" classname="tsfae20d" name="tsfae20dpart1of3"/>
  </testsuite>
  <testsuite name="tsfvit01a" timestamp="2026-08-14T10:51:30Z" hostname="7947f9438871" tests="1" skipped="0" failures="0" errors="0" time="5.714">
    <testcase time="5.714" classname="tsfvit01a" name="tsfvit01apart1of4"/>
  </testsuite>
  <testsuite name="tsfvit02" timestamp="2026-08-14T10:51:36Z" hostname="7947f9438871" tests="3" skipped="0" failures="0" errors="0" time="2.001">
    <testcase time="0.0819999999999936" classname="tsfvit02" name="tsfvit02">
      <system-out>Using an external vector in selections was deprecated in tidyselect 1.1.0.
i Please use `all_of()` or `any_of()` instead.
  # Was:
  data %&gt;% select(crit_cat)

  # Now:
  data %&gt;% select(all_of(crit_cat))

See &lt;https://tidyselect.r-lib.org/reference/faq-external-vector.html&gt;.
Backtrace:
     x
  1. +-testthat::expect_snapshot_file(...) at test-tsfvit02.R:4:3
  2. | \-testthat:::check_string(path)
  3. |   \-testthat:::.rlang_check_is_string(...)
  4. |     \-rlang::is_string(x)
  5. +-scda.test:::write_test_rtf_for("tsfvit02.R")
  6. | \-base::source(ipath) at ./helper.R:20:3
  7. |   +-base::withVisible(eval(ei, envir))
  8. |   \-base::eval(ei, envir)
  9. |     \-base::eval(ei, envir)
 10. +-... %&gt;% ...
 11. +-dplyr::mutate(...)
 12. +-dplyr::filter(., !is.na(label))
 13. +-tidyr::pivot_longer(., cols = crit_cat, names_to = "var", values_to = "label")
 14. \-tidyr:::pivot_longer.data.frame(...)
 15.   \-tidyr::build_longer_spec(...)
 16.     \-tidyselect::eval_select(...)
 17.       \-tidyselect:::eval_select_impl(...)
 18.         +-tidyselect:::with_subscript_errors(...)
 19.         | \-base::withCallingHandlers(...)
 20.         \-tidyselect:::vars_select_eval(...)
 21.           \-tidyselect:::walk_data_tree(expr, data_mask, context_mask)
 22.             \-tidyselect:::eval_sym(expr, data_mask, context_mask)</system-out>
    </testcase>
    <testcase time="0.12700000000001" classname="tsfvit02" name="tsfvit02">
      <system-out>Using an external vector in selections was deprecated in tidyselect 1.1.0.
i Please use `all_of()` or `any_of()` instead.
  # Was:
  data %&gt;% select(crit_cat)

  # Now:
  data %&gt;% select(all_of(crit_cat))

See &lt;https://tidyselect.r-lib.org/reference/faq-external-vector.html&gt;.
Backtrace:
     x
  1. +-testthat::expect_snapshot_file(...) at test-tsfvit02.R:4:3
  2. | \-testthat:::check_string(path)
  3. |   \-testthat:::.rlang_check_is_string(...)
  4. |     \-rlang::is_string(x)
  5. +-scda.test:::write_test_rtf_for("tsfvit02.R")
  6. | \-base::source(ipath) at ./helper.R:20:3
  7. |   +-base::withVisible(eval(ei, envir))
  8. |   \-base::eval(ei, envir)
  9. |     \-base::eval(ei, envir)
 10. +-... %&gt;% ...
 11. +-dplyr::mutate(...)
 12. +-dplyr::filter(., !is.na(label))
 13. +-tidyr::pivot_longer(., cols = crit_cat, names_to = "var", values_to = "label")
 14. \-tidyr:::pivot_longer.data.frame(...)
 15.   \-tidyr::build_longer_spec(...)
 16.     \-tidyselect::eval_select(...)
 17.       \-tidyselect:::eval_select_impl(...)
 18.         +-tidyselect:::with_subscript_errors(...)
 19.         | \-base::withCallingHandlers(...)
 20.         \-tidyselect:::vars_select_eval(...)
 21.           \-tidyselect:::walk_data_tree(expr, data_mask, context_mask)
 22.             \-tidyselect:::eval_sym(expr, data_mask, context_mask)</system-out>
    </testcase>
    <testcase time="1.792" classname="tsfvit02" name="tsfvit02"/>
  </testsuite>
  <testsuite name="tsfvit03" timestamp="2026-08-14T10:51:38Z" hostname="7947f9438871" tests="1" skipped="0" failures="0" errors="0" time="10.679">
    <testcase time="10.679" classname="tsfvit03" name="tsfvit03"/>
  </testsuite>
  <testsuite name="tsfvit04" timestamp="2026-08-14T10:51:49Z" hostname="7947f9438871" tests="1" skipped="0" failures="0" errors="0" time="5.432">
    <testcase time="5.43200000000002" classname="tsfvit04" name="tsfvit04"/>
  </testsuite>
  <testsuite name="tsidem01" timestamp="2026-08-14T10:51:54Z" hostname="7947f9438871" tests="1" skipped="0" failures="0" errors="0" time="2.232">
    <testcase time="2.23199999999997" classname="tsidem01" name="tsidem01"/>
  </testsuite>
  <testsuite name="tsidem02" timestamp="2026-08-14T10:51:56Z" hostname="7947f9438871" tests="1" skipped="0" failures="0" errors="0" time="0.846">
    <testcase time="0.846000000000004" classname="tsidem02" name="tsidem02"/>
  </testsuite>
  <testsuite name="tsidem03" timestamp="2026-08-14T10:51:57Z" hostname="7947f9438871" tests="1" skipped="0" failures="0" errors="0" time="0.564">
    <testcase time="0.564000000000021" classname="tsidem03" name="tsidem03"/>
  </testsuite>
  <testsuite name="tsidev01" timestamp="2026-08-14T10:51:58Z" hostname="7947f9438871" tests="1" skipped="0" failures="0" errors="0" time="5.401">
    <testcase time="5.40099999999995" classname="tsidev01" name="tsidev01"/>
  </testsuite>
  <testsuite name="tsidev02" timestamp="2026-08-14T10:52:03Z" hostname="7947f9438871" tests="1" skipped="0" failures="0" errors="0" time="0.582">
    <testcase time="0.58200000000005" classname="tsidev02" name="tsidev02"/>
  </testsuite>
  <testsuite name="tsids01" timestamp="2026-08-14T10:52:04Z" hostname="7947f9438871" tests="1" skipped="0" failures="0" errors="0" time="0.398">
    <testcase time="0.397999999999968" classname="tsids01" name="tsids01"/>
  </testsuite>
  <testsuite name="tsids02" timestamp="2026-08-14T10:52:04Z" hostname="7947f9438871" tests="1" skipped="0" failures="0" errors="0" time="1.473">
    <testcase time="1.47300000000001" classname="tsids02" name="tsids02"/>
  </testsuite>
  <testsuite name="tsids02b" timestamp="2026-08-14T10:52:05Z" hostname="7947f9438871" tests="41" skipped="0" failures="0" errors="0" time="3.025">
    <testcase time="0.276999999999987" classname="tsids02b" name="tsids02b">
      <system-out>partial argument match of 'row_label' to 'row_labels'
Backtrace:
     x
  1. +-testthat::expect_snapshot_file(...) at test-tsids02b.R:4:3
  2. | \-testthat:::check_string(path)
  3. |   \-testthat:::.rlang_check_is_string(...)
  4. |     \-rlang::is_string(x)
  5. +-scda.test:::write_test_rtf_for("tsids02b.R")
  6. | \-base::source(ipath) at ./helper.R:20:3
  7. |   +-base::withVisible(eval(ei, envir))
  8. |   \-base::eval(ei, envir)
  9. |     \-base::eval(ei, envir)
 10. \-rtables::build_table(lyt, addisp, alt_counts_df = adsl, round_type = "sas")
 11.   \-base::lapply(...)
 12.     \-rtables (local) FUN(X[[i]], ...)
 13.       \-rtables:::recursive_applysplit(...)
 14.         +-rtables:::.make_split_kids(...)
 15.         \-rtables:::.make_split_kids(...)
 16.           \-rtables (local) .local(spl, have_controws, make_lrow, ...)
 17.             +-base::unlist(...)
 18.             \-base::mapply(...)
 19.               \-rtables (local) `&lt;fn&gt;`(...)
 20.                 \-rtables:::recursive_applysplit(...)
 21.                   +-rtables:::.make_split_kids(...)
 22.                   \-rtables:::.make_split_kids(...)
 23.                     \-rtables (local) .local(spl, have_controws, make_lrow, ...)
 24.                       +-base::unlist(...)
 25.                       \-base::mapply(...)
 26.                         \-rtables (local) `&lt;fn&gt;`(...)
 27.                           \-rtables:::recursive_applysplit(...)
 28.                             +-rtables:::.make_split_kids(...)
 29.                             \-rtables:::.make_split_kids(...)
 30.                               \-rtables (local) .local(spl, have_controws, make_lrow, ...)
 31.                                 \-rtables:::.make_analyzed_tab(...)
 32.                                   +-base::tryCatch(...)
 33.                                   | \-base (local) tryCatchList(expr, classes, parentenv, handlers)
 34.                                   |   \-base (local) tryCatchOne(expr, names, parentenv, handlers[[1L]])
 35.                                   |     \-base (local) doTryCatch(return(expr), name, parentenv, handler)
 36.                                   \-rtables:::.make_tablerows(...)
 37.                                     \-rtables:::gen_rowvalues(...)
 38.                                       \-base::mapply(...)
 39.                                         \-rtables (local) `&lt;fn&gt;`(...)
 40.                                           +-base::do.call(func, args)
 41.                                           \-junco (local) `&lt;fn&gt;`(...)</system-out>
    </testcase>
    <testcase time="0.0459999999999923" classname="tsids02b" name="tsids02b">
      <system-out>partial argument match of 'row_label' to 'row_labels'
Backtrace:
     x
  1. +-testthat::expect_snapshot_file(...) at test-tsids02b.R:4:3
  2. | \-testthat:::check_string(path)
  3. |   \-testthat:::.rlang_check_is_string(...)
  4. |     \-rlang::is_string(x)
  5. +-scda.test:::write_test_rtf_for("tsids02b.R")
  6. | \-base::source(ipath) at ./helper.R:20:3
  7. |   +-base::withVisible(eval(ei, envir))
  8. |   \-base::eval(ei, envir)
  9. |     \-base::eval(ei, envir)
 10. \-rtables::build_table(lyt, addisp, alt_counts_df = adsl, round_type = "sas")
 11.   \-base::lapply(...)
 12.     \-rtables (local) FUN(X[[i]], ...)
 13.       \-rtables:::recursive_applysplit(...)
 14.         +-rtables:::.make_split_kids(...)
 15.         \-rtables:::.make_split_kids(...)
 16.           \-rtables (local) .local(spl, have_controws, make_lrow, ...)
 17.             +-base::unlist(...)
 18.             \-base::mapply(...)
 19.               \-rtables (local) `&lt;fn&gt;`(...)
 20.                 \-rtables:::recursive_applysplit(...)
 21.                   +-rtables:::.make_split_kids(...)
 22.                   \-rtables:::.make_split_kids(...)
 23.                     \-rtables (local) .local(spl, have_controws, make_lrow, ...)
 24.                       +-base::unlist(...)
 25.                       \-base::mapply(...)
 26.                         \-rtables (local) `&lt;fn&gt;`(...)
 27.                           \-rtables:::recursive_applysplit(...)
 28.                             +-rtables:::.make_split_kids(...)
 29.                             \-rtables:::.make_split_kids(...)
 30.                               \-rtables (local) .local(spl, have_controws, make_lrow, ...)
 31.                                 \-rtables:::.make_analyzed_tab(...)
 32.                                   +-base::tryCatch(...)
 33.                                   | \-base (local) tryCatchList(expr, classes, parentenv, handlers)
 34.                                   |   \-base (local) tryCatchOne(expr, names, parentenv, handlers[[1L]])
 35.                                   |     \-base (local) doTryCatch(return(expr), name, parentenv, handler)
 36.                                   \-rtables:::.make_tablerows(...)
 37.                                     \-rtables:::gen_rowvalues(...)
 38.                                       \-base::mapply(...)
 39.                                         \-rtables (local) `&lt;fn&gt;`(...)
 40.                                           +-base::do.call(func, args)
 41.                                           \-junco (local) `&lt;fn&gt;`(...)</system-out>
    </testcase>
    <testcase time="0.035000000000025" classname="tsids02b" name="tsids02b">
      <system-out>partial argument match of 'row_label' to 'row_labels'
Backtrace:
     x
  1. +-testthat::expect_snapshot_file(...) at test-tsids02b.R:4:3
  2. | \-testthat:::check_string(path)
  3. |   \-testthat:::.rlang_check_is_string(...)
  4. |     \-rlang::is_string(x)
  5. +-scda.test:::write_test_rtf_for("tsids02b.R")
  6. | \-base::source(ipath) at ./helper.R:20:3
  7. |   +-base::withVisible(eval(ei, envir))
  8. |   \-base::eval(ei, envir)
  9. |     \-base::eval(ei, envir)
 10. \-rtables::build_table(lyt, addisp, alt_counts_df = adsl, round_type = "sas")
 11.   \-base::lapply(...)
 12.     \-rtables (local) FUN(X[[i]], ...)
 13.       \-rtables:::recursive_applysplit(...)
 14.         +-rtables:::.make_split_kids(...)
 15.         \-rtables:::.make_split_kids(...)
 16.           \-rtables (local) .local(spl, have_controws, make_lrow, ...)
 17.             +-base::unlist(...)
 18.             \-base::mapply(...)
 19.               \-rtables (local) `&lt;fn&gt;`(...)
 20.                 \-rtables:::recursive_applysplit(...)
 21.                   +-rtables:::.make_split_kids(...)
 22.                   \-rtables:::.make_split_kids(...)
 23.                     \-rtables (local) .local(spl, have_controws, make_lrow, ...)
 24.                       +-base::unlist(...)
 25.                       \-base::mapply(...)
 26.                         \-rtables (local) `&lt;fn&gt;`(...)
 27.                           \-rtables:::recursive_applysplit(...)
 28.                             +-rtables:::.make_split_kids(...)
 29.                             \-rtables:::.make_split_kids(...)
 30.                               \-rtables (local) .local(spl, have_controws, make_lrow, ...)
 31.                                 \-rtables:::.make_analyzed_tab(...)
 32.                                   +-base::tryCatch(...)
 33.                                   | \-base (local) tryCatchList(expr, classes, parentenv, handlers)
 34.                                   |   \-base (local) tryCatchOne(expr, names, parentenv, handlers[[1L]])
 35.                                   |     \-base (local) doTryCatch(return(expr), name, parentenv, handler)
 36.                                   \-rtables:::.make_tablerows(...)
 37.                                     \-rtables:::gen_rowvalues(...)
 38.                                       \-base::mapply(...)
 39.                                         \-rtables (local) `&lt;fn&gt;`(...)
 40.                                           +-base::do.call(func, args)
 41.                                           \-junco (local) `&lt;fn&gt;`(...)</system-out>
    </testcase>
    <testcase time="0.0349999999999682" classname="tsids02b" name="tsids02b">
      <system-out>partial argument match of 'row_label' to 'row_labels'
Backtrace:
     x
  1. +-testthat::expect_snapshot_file(...) at test-tsids02b.R:4:3
  2. | \-testthat:::check_string(path)
  3. |   \-testthat:::.rlang_check_is_string(...)
  4. |     \-rlang::is_string(x)
  5. +-scda.test:::write_test_rtf_for("tsids02b.R")
  6. | \-base::source(ipath) at ./helper.R:20:3
  7. |   +-base::withVisible(eval(ei, envir))
  8. |   \-base::eval(ei, envir)
  9. |     \-base::eval(ei, envir)
 10. \-rtables::build_table(lyt, addisp, alt_counts_df = adsl, round_type = "sas")
 11.   \-base::lapply(...)
 12.     \-rtables (local) FUN(X[[i]], ...)
 13.       \-rtables:::recursive_applysplit(...)
 14.         +-rtables:::.make_split_kids(...)
 15.         \-rtables:::.make_split_kids(...)
 16.           \-rtables (local) .local(spl, have_controws, make_lrow, ...)
 17.             +-base::unlist(...)
 18.             \-base::mapply(...)
 19.               \-rtables (local) `&lt;fn&gt;`(...)
 20.                 \-rtables:::recursive_applysplit(...)
 21.                   +-rtables:::.make_split_kids(...)
 22.                   \-rtables:::.make_split_kids(...)
 23.                     \-rtables (local) .local(spl, have_controws, make_lrow, ...)
 24.                       +-base::unlist(...)
 25.                       \-base::mapply(...)
 26.                         \-rtables (local) `&lt;fn&gt;`(...)
 27.                           \-rtables:::recursive_applysplit(...)
 28.                             +-rtables:::.make_split_kids(...)
 29.                             \-rtables:::.make_split_kids(...)
 30.                               \-rtables (local) .local(spl, have_controws, make_lrow, ...)
 31.                                 \-rtables:::.make_analyzed_tab(...)
 32.                                   +-base::tryCatch(...)
 33.                                   | \-base (local) tryCatchList(expr, classes, parentenv, handlers)
 34.                                   |   \-base (local) tryCatchOne(expr, names, parentenv, handlers[[1L]])
 35.                                   |     \-base (local) doTryCatch(return(expr), name, parentenv, handler)
 36.                                   \-rtables:::.make_tablerows(...)
 37.                                     \-rtables:::gen_rowvalues(...)
 38.                                       \-base::mapply(...)
 39.                                         \-rtables (local) `&lt;fn&gt;`(...)
 40.                                           +-base::do.call(func, args)
 41.                                           \-junco (local) `&lt;fn&gt;`(...)</system-out>
    </testcase>
    <testcase time="0.0480000000000018" classname="tsids02b" name="tsids02b">
      <system-out>partial argument match of 'row_label' to 'row_labels'
Backtrace:
     x
  1. +-testthat::expect_snapshot_file(...) at test-tsids02b.R:4:3
  2. | \-testthat:::check_string(path)
  3. |   \-testthat:::.rlang_check_is_string(...)
  4. |     \-rlang::is_string(x)
  5. +-scda.test:::write_test_rtf_for("tsids02b.R")
  6. | \-base::source(ipath) at ./helper.R:20:3
  7. |   +-base::withVisible(eval(ei, envir))
  8. |   \-base::eval(ei, envir)
  9. |     \-base::eval(ei, envir)
 10. \-rtables::build_table(lyt, addisp, alt_counts_df = adsl, round_type = "sas")
 11.   \-base::lapply(...)
 12.     \-rtables (local) FUN(X[[i]], ...)
 13.       \-rtables:::recursive_applysplit(...)
 14.         +-rtables:::.make_split_kids(...)
 15.         \-rtables:::.make_split_kids(...)
 16.           \-rtables (local) .local(spl, have_controws, make_lrow, ...)
 17.             +-base::unlist(...)
 18.             \-base::mapply(...)
 19.               \-rtables (local) `&lt;fn&gt;`(...)
 20.                 \-rtables:::recursive_applysplit(...)
 21.                   +-rtables:::.make_split_kids(...)
 22.                   \-rtables:::.make_split_kids(...)
 23.                     \-rtables (local) .local(spl, have_controws, make_lrow, ...)
 24.                       +-base::unlist(...)
 25.                       \-base::mapply(...)
 26.                         \-rtables (local) `&lt;fn&gt;`(...)
 27.                           \-rtables:::recursive_applysplit(...)
 28.                             +-rtables:::.make_split_kids(...)
 29.                             \-rtables:::.make_split_kids(...)
 30.                               \-rtables (local) .local(spl, have_controws, make_lrow, ...)
 31.                                 \-rtables:::.make_analyzed_tab(...)
 32.                                   +-base::tryCatch(...)
 33.                                   | \-base (local) tryCatchList(expr, classes, parentenv, handlers)
 34.                                   |   \-base (local) tryCatchOne(expr, names, parentenv, handlers[[1L]])
 35.                                   |     \-base (local) doTryCatch(return(expr), name, parentenv, handler)
 36.                                   \-rtables:::.make_tablerows(...)
 37.                                     \-rtables:::gen_rowvalues(...)
 38.                                       \-base::mapply(...)
 39.                                         \-rtables (local) `&lt;fn&gt;`(...)
 40.                                           +-base::do.call(func, args)
 41.                                           \-junco (local) `&lt;fn&gt;`(...)</system-out>
    </testcase>
    <testcase time="0.0459999999999923" classname="tsids02b" name="tsids02b">
      <system-out>partial argument match of 'row_label' to 'row_labels'
Backtrace:
     x
  1. +-testthat::expect_snapshot_file(...) at test-tsids02b.R:4:3
  2. | \-testthat:::check_string(path)
  3. |   \-testthat:::.rlang_check_is_string(...)
  4. |     \-rlang::is_string(x)
  5. +-scda.test:::write_test_rtf_for("tsids02b.R")
  6. | \-base::source(ipath) at ./helper.R:20:3
  7. |   +-base::withVisible(eval(ei, envir))
  8. |   \-base::eval(ei, envir)
  9. |     \-base::eval(ei, envir)
 10. \-rtables::build_table(lyt, addisp, alt_counts_df = adsl, round_type = "sas")
 11.   \-base::lapply(...)
 12.     \-rtables (local) FUN(X[[i]], ...)
 13.       \-rtables:::recursive_applysplit(...)
 14.         +-rtables:::.make_split_kids(...)
 15.         \-rtables:::.make_split_kids(...)
 16.           \-rtables (local) .local(spl, have_controws, make_lrow, ...)
 17.             +-base::unlist(...)
 18.             \-base::mapply(...)
 19.               \-rtables (local) `&lt;fn&gt;`(...)
 20.                 \-rtables:::recursive_applysplit(...)
 21.                   +-rtables:::.make_split_kids(...)
 22.                   \-rtables:::.make_split_kids(...)
 23.                     \-rtables (local) .local(spl, have_controws, make_lrow, ...)
 24.                       +-base::unlist(...)
 25.                       \-base::mapply(...)
 26.                         \-rtables (local) `&lt;fn&gt;`(...)
 27.                           \-rtables:::recursive_applysplit(...)
 28.                             +-rtables:::.make_split_kids(...)
 29.                             \-rtables:::.make_split_kids(...)
 30.                               \-rtables (local) .local(spl, have_controws, make_lrow, ...)
 31.                                 \-rtables:::.make_analyzed_tab(...)
 32.                                   +-base::tryCatch(...)
 33.                                   | \-base (local) tryCatchList(expr, classes, parentenv, handlers)
 34.                                   |   \-base (local) tryCatchOne(expr, names, parentenv, handlers[[1L]])
 35.                                   |     \-base (local) doTryCatch(return(expr), name, parentenv, handler)
 36.                                   \-rtables:::.make_tablerows(...)
 37.                                     \-rtables:::gen_rowvalues(...)
 38.                                       \-base::mapply(...)
 39.                                         \-rtables (local) `&lt;fn&gt;`(...)
 40.                                           +-base::do.call(func, args)
 41.                                           \-junco (local) `&lt;fn&gt;`(...)</system-out>
    </testcase>
    <testcase time="0.0360000000000014" classname="tsids02b" name="tsids02b">
      <system-out>partial argument match of 'row_label' to 'row_labels'
Backtrace:
     x
  1. +-testthat::expect_snapshot_file(...) at test-tsids02b.R:4:3
  2. | \-testthat:::check_string(path)
  3. |   \-testthat:::.rlang_check_is_string(...)
  4. |     \-rlang::is_string(x)
  5. +-scda.test:::write_test_rtf_for("tsids02b.R")
  6. | \-base::source(ipath) at ./helper.R:20:3
  7. |   +-base::withVisible(eval(ei, envir))
  8. |   \-base::eval(ei, envir)
  9. |     \-base::eval(ei, envir)
 10. \-rtables::build_table(lyt, addisp, alt_counts_df = adsl, round_type = "sas")
 11.   \-base::lapply(...)
 12.     \-rtables (local) FUN(X[[i]], ...)
 13.       \-rtables:::recursive_applysplit(...)
 14.         +-rtables:::.make_split_kids(...)
 15.         \-rtables:::.make_split_kids(...)
 16.           \-rtables (local) .local(spl, have_controws, make_lrow, ...)
 17.             +-base::unlist(...)
 18.             \-base::mapply(...)
 19.               \-rtables (local) `&lt;fn&gt;`(...)
 20.                 \-rtables:::recursive_applysplit(...)
 21.                   +-rtables:::.make_split_kids(...)
 22.                   \-rtables:::.make_split_kids(...)
 23.                     \-rtables (local) .local(spl, have_controws, make_lrow, ...)
 24.                       +-base::unlist(...)
 25.                       \-base::mapply(...)
 26.                         \-rtables (local) `&lt;fn&gt;`(...)
 27.                           \-rtables:::recursive_applysplit(...)
 28.                             +-rtables:::.make_split_kids(...)
 29.                             \-rtables:::.make_split_kids(...)
 30.                               \-rtables (local) .local(spl, have_controws, make_lrow, ...)
 31.                                 \-rtables:::.make_analyzed_tab(...)
 32.                                   +-base::tryCatch(...)
 33.                                   | \-base (local) tryCatchList(expr, classes, parentenv, handlers)
 34.                                   |   \-base (local) tryCatchOne(expr, names, parentenv, handlers[[1L]])
 35.                                   |     \-base (local) doTryCatch(return(expr), name, parentenv, handler)
 36.                                   \-rtables:::.make_tablerows(...)
 37.                                     \-rtables:::gen_rowvalues(...)
 38.                                       \-base::mapply(...)
 39.                                         \-rtables (local) `&lt;fn&gt;`(...)
 40.                                           +-base::do.call(func, args)
 41.                                           \-junco (local) `&lt;fn&gt;`(...)</system-out>
    </testcase>
    <testcase time="0.0360000000000014" classname="tsids02b" name="tsids02b">
      <system-out>partial argument match of 'row_label' to 'row_labels'
Backtrace:
     x
  1. +-testthat::expect_snapshot_file(...) at test-tsids02b.R:4:3
  2. | \-testthat:::check_string(path)
  3. |   \-testthat:::.rlang_check_is_string(...)
  4. |     \-rlang::is_string(x)
  5. +-scda.test:::write_test_rtf_for("tsids02b.R")
  6. | \-base::source(ipath) at ./helper.R:20:3
  7. |   +-base::withVisible(eval(ei, envir))
  8. |   \-base::eval(ei, envir)
  9. |     \-base::eval(ei, envir)
 10. \-rtables::build_table(lyt, addisp, alt_counts_df = adsl, round_type = "sas")
 11.   \-base::lapply(...)
 12.     \-rtables (local) FUN(X[[i]], ...)
 13.       \-rtables:::recursive_applysplit(...)
 14.         +-rtables:::.make_split_kids(...)
 15.         \-rtables:::.make_split_kids(...)
 16.           \-rtables (local) .local(spl, have_controws, make_lrow, ...)
 17.             +-base::unlist(...)
 18.             \-base::mapply(...)
 19.               \-rtables (local) `&lt;fn&gt;`(...)
 20.                 \-rtables:::recursive_applysplit(...)
 21.                   +-rtables:::.make_split_kids(...)
 22.                   \-rtables:::.make_split_kids(...)
 23.                     \-rtables (local) .local(spl, have_controws, make_lrow, ...)
 24.                       +-base::unlist(...)
 25.                       \-base::mapply(...)
 26.                         \-rtables (local) `&lt;fn&gt;`(...)
 27.                           \-rtables:::recursive_applysplit(...)
 28.                             +-rtables:::.make_split_kids(...)
 29.                             \-rtables:::.make_split_kids(...)
 30.                               \-rtables (local) .local(spl, have_controws, make_lrow, ...)
 31.                                 \-rtables:::.make_analyzed_tab(...)
 32.                                   +-base::tryCatch(...)
 33.                                   | \-base (local) tryCatchList(expr, classes, parentenv, handlers)
 34.                                   |   \-base (local) tryCatchOne(expr, names, parentenv, handlers[[1L]])
 35.                                   |     \-base (local) doTryCatch(return(expr), name, parentenv, handler)
 36.                                   \-rtables:::.make_tablerows(...)
 37.                                     \-rtables:::gen_rowvalues(...)
 38.                                       \-base::mapply(...)
 39.                                         \-rtables (local) `&lt;fn&gt;`(...)
 40.                                           +-base::do.call(func, args)
 41.                                           \-junco (local) `&lt;fn&gt;`(...)</system-out>
    </testcase>
    <testcase time="0.0380000000000109" classname="tsids02b" name="tsids02b">
      <system-out>partial argument match of 'row_label' to 'row_labels'
Backtrace:
     x
  1. +-testthat::expect_snapshot_file(...) at test-tsids02b.R:4:3
  2. | \-testthat:::check_string(path)
  3. |   \-testthat:::.rlang_check_is_string(...)
  4. |     \-rlang::is_string(x)
  5. +-scda.test:::write_test_rtf_for("tsids02b.R")
  6. | \-base::source(ipath) at ./helper.R:20:3
  7. |   +-base::withVisible(eval(ei, envir))
  8. |   \-base::eval(ei, envir)
  9. |     \-base::eval(ei, envir)
 10. \-rtables::build_table(lyt, addisp, alt_counts_df = adsl, round_type = "sas")
 11.   \-base::lapply(...)
 12.     \-rtables (local) FUN(X[[i]], ...)
 13.       \-rtables:::recursive_applysplit(...)
 14.         +-rtables:::.make_split_kids(...)
 15.         \-rtables:::.make_split_kids(...)
 16.           \-rtables (local) .local(spl, have_controws, make_lrow, ...)
 17.             +-base::unlist(...)
 18.             \-base::mapply(...)
 19.               \-rtables (local) `&lt;fn&gt;`(...)
 20.                 \-rtables:::recursive_applysplit(...)
 21.                   +-rtables:::.make_split_kids(...)
 22.                   \-rtables:::.make_split_kids(...)
 23.                     \-rtables (local) .local(spl, have_controws, make_lrow, ...)
 24.                       +-base::unlist(...)
 25.                       \-base::mapply(...)
 26.                         \-rtables (local) `&lt;fn&gt;`(...)
 27.                           \-rtables:::recursive_applysplit(...)
 28.                             +-rtables:::.make_split_kids(...)
 29.                             \-rtables:::.make_split_kids(...)
 30.                               \-rtables (local) .local(spl, have_controws, make_lrow, ...)
 31.                                 \-rtables:::.make_analyzed_tab(...)
 32.                                   +-base::tryCatch(...)
 33.                                   | \-base (local) tryCatchList(expr, classes, parentenv, handlers)
 34.                                   |   \-base (local) tryCatchOne(expr, names, parentenv, handlers[[1L]])
 35.                                   |     \-base (local) doTryCatch(return(expr), name, parentenv, handler)
 36.                                   \-rtables:::.make_tablerows(...)
 37.                                     \-rtables:::gen_rowvalues(...)
 38.                                       \-base::mapply(...)
 39.                                         \-rtables (local) `&lt;fn&gt;`(...)
 40.                                           +-base::do.call(func, args)
 41.                                           \-junco (local) `&lt;fn&gt;`(...)</system-out>
    </testcase>
    <testcase time="0.0380000000000109" classname="tsids02b" name="tsids02b">
      <system-out>partial argument match of 'row_label' to 'row_labels'
Backtrace:
     x
  1. +-testthat::expect_snapshot_file(...) at test-tsids02b.R:4:3
  2. | \-testthat:::check_string(path)
  3. |   \-testthat:::.rlang_check_is_string(...)
  4. |     \-rlang::is_string(x)
  5. +-scda.test:::write_test_rtf_for("tsids02b.R")
  6. | \-base::source(ipath) at ./helper.R:20:3
  7. |   +-base::withVisible(eval(ei, envir))
  8. |   \-base::eval(ei, envir)
  9. |     \-base::eval(ei, envir)
 10. \-rtables::build_table(lyt, addisp, alt_counts_df = adsl, round_type = "sas")
 11.   \-base::lapply(...)
 12.     \-rtables (local) FUN(X[[i]], ...)
 13.       \-rtables:::recursive_applysplit(...)
 14.         +-rtables:::.make_split_kids(...)
 15.         \-rtables:::.make_split_kids(...)
 16.           \-rtables (local) .local(spl, have_controws, make_lrow, ...)
 17.             +-base::unlist(...)
 18.             \-base::mapply(...)
 19.               \-rtables (local) `&lt;fn&gt;`(...)
 20.                 \-rtables:::recursive_applysplit(...)
 21.                   +-rtables:::.make_split_kids(...)
 22.                   \-rtables:::.make_split_kids(...)
 23.                     \-rtables (local) .local(spl, have_controws, make_lrow, ...)
 24.                       +-base::unlist(...)
 25.                       \-base::mapply(...)
 26.                         \-rtables (local) `&lt;fn&gt;`(...)
 27.                           \-rtables:::recursive_applysplit(...)
 28.                             +-rtables:::.make_split_kids(...)
 29.                             \-rtables:::.make_split_kids(...)
 30.                               \-rtables (local) .local(spl, have_controws, make_lrow, ...)
 31.                                 \-rtables:::.make_analyzed_tab(...)
 32.                                   +-base::tryCatch(...)
 33.                                   | \-base (local) tryCatchList(expr, classes, parentenv, handlers)
 34.                                   |   \-base (local) tryCatchOne(expr, names, parentenv, handlers[[1L]])
 35.                                   |     \-base (local) doTryCatch(return(expr), name, parentenv, handler)
 36.                                   \-rtables:::.make_tablerows(...)
 37.                                     \-rtables:::gen_rowvalues(...)
 38.                                       \-base::mapply(...)
 39.                                         \-rtables (local) `&lt;fn&gt;`(...)
 40.                                           +-base::do.call(func, args)
 41.                                           \-junco (local) `&lt;fn&gt;`(...)</system-out>
    </testcase>
    <testcase time="0.0459999999999923" classname="tsids02b" name="tsids02b">
      <system-out>partial argument match of 'row_label' to 'row_labels'
Backtrace:
     x
  1. +-testthat::expect_snapshot_file(...) at test-tsids02b.R:4:3
  2. | \-testthat:::check_string(path)
  3. |   \-testthat:::.rlang_check_is_string(...)
  4. |     \-rlang::is_string(x)
  5. +-scda.test:::write_test_rtf_for("tsids02b.R")
  6. | \-base::source(ipath) at ./helper.R:20:3
  7. |   +-base::withVisible(eval(ei, envir))
  8. |   \-base::eval(ei, envir)
  9. |     \-base::eval(ei, envir)
 10. \-rtables::build_table(lyt, addisp, alt_counts_df = adsl, round_type = "sas")
 11.   \-base::lapply(...)
 12.     \-rtables (local) FUN(X[[i]], ...)
 13.       \-rtables:::recursive_applysplit(...)
 14.         +-rtables:::.make_split_kids(...)
 15.         \-rtables:::.make_split_kids(...)
 16.           \-rtables (local) .local(spl, have_controws, make_lrow, ...)
 17.             +-base::unlist(...)
 18.             \-base::mapply(...)
 19.               \-rtables (local) `&lt;fn&gt;`(...)
 20.                 \-rtables:::recursive_applysplit(...)
 21.                   +-rtables:::.make_split_kids(...)
 22.                   \-rtables:::.make_split_kids(...)
 23.                     \-rtables (local) .local(spl, have_controws, make_lrow, ...)
 24.                       +-base::unlist(...)
 25.                       \-base::mapply(...)
 26.                         \-rtables (local) `&lt;fn&gt;`(...)
 27.                           \-rtables:::recursive_applysplit(...)
 28.                             +-rtables:::.make_split_kids(...)
 29.                             \-rtables:::.make_split_kids(...)
 30.                               \-rtables (local) .local(spl, have_controws, make_lrow, ...)
 31.                                 \-rtables:::.make_analyzed_tab(...)
 32.                                   +-base::tryCatch(...)
 33.                                   | \-base (local) tryCatchList(expr, classes, parentenv, handlers)
 34.                                   |   \-base (local) tryCatchOne(expr, names, parentenv, handlers[[1L]])
 35.                                   |     \-base (local) doTryCatch(return(expr), name, parentenv, handler)
 36.                                   \-rtables:::.make_tablerows(...)
 37.                                     \-rtables:::gen_rowvalues(...)
 38.                                       \-base::mapply(...)
 39.                                         \-rtables (local) `&lt;fn&gt;`(...)
 40.                                           +-base::do.call(func, args)
 41.                                           \-junco (local) `&lt;fn&gt;`(...)</system-out>
    </testcase>
    <testcase time="0.0360000000000014" classname="tsids02b" name="tsids02b">
      <system-out>partial argument match of 'row_label' to 'row_labels'
Backtrace:
     x
  1. +-testthat::expect_snapshot_file(...) at test-tsids02b.R:4:3
  2. | \-testthat:::check_string(path)
  3. |   \-testthat:::.rlang_check_is_string(...)
  4. |     \-rlang::is_string(x)
  5. +-scda.test:::write_test_rtf_for("tsids02b.R")
  6. | \-base::source(ipath) at ./helper.R:20:3
  7. |   +-base::withVisible(eval(ei, envir))
  8. |   \-base::eval(ei, envir)
  9. |     \-base::eval(ei, envir)
 10. \-rtables::build_table(lyt, addisp, alt_counts_df = adsl, round_type = "sas")
 11.   \-base::lapply(...)
 12.     \-rtables (local) FUN(X[[i]], ...)
 13.       \-rtables:::recursive_applysplit(...)
 14.         +-rtables:::.make_split_kids(...)
 15.         \-rtables:::.make_split_kids(...)
 16.           \-rtables (local) .local(spl, have_controws, make_lrow, ...)
 17.             +-base::unlist(...)
 18.             \-base::mapply(...)
 19.               \-rtables (local) `&lt;fn&gt;`(...)
 20.                 \-rtables:::recursive_applysplit(...)
 21.                   +-rtables:::.make_split_kids(...)
 22.                   \-rtables:::.make_split_kids(...)
 23.                     \-rtables (local) .local(spl, have_controws, make_lrow, ...)
 24.                       +-base::unlist(...)
 25.                       \-base::mapply(...)
 26.                         \-rtables (local) `&lt;fn&gt;`(...)
 27.                           \-rtables:::recursive_applysplit(...)
 28.                             +-rtables:::.make_split_kids(...)
 29.                             \-rtables:::.make_split_kids(...)
 30.                               \-rtables (local) .local(spl, have_controws, make_lrow, ...)
 31.                                 \-rtables:::.make_analyzed_tab(...)
 32.                                   +-base::tryCatch(...)
 33.                                   | \-base (local) tryCatchList(expr, classes, parentenv, handlers)
 34.                                   |   \-base (local) tryCatchOne(expr, names, parentenv, handlers[[1L]])
 35.                                   |     \-base (local) doTryCatch(return(expr), name, parentenv, handler)
 36.                                   \-rtables:::.make_tablerows(...)
 37.                                     \-rtables:::gen_rowvalues(...)
 38.                                       \-base::mapply(...)
 39.                                         \-rtables (local) `&lt;fn&gt;`(...)
 40.                                           +-base::do.call(func, args)
 41.                                           \-junco (local) `&lt;fn&gt;`(...)</system-out>
    </testcase>
    <testcase time="0.0699999999999932" classname="tsids02b" name="tsids02b">
      <system-out>partial argument match of 'row_label' to 'row_labels'
Backtrace:
     x
  1. +-testthat::expect_snapshot_file(...) at test-tsids02b.R:4:3
  2. | \-testthat:::check_string(path)
  3. |   \-testthat:::.rlang_check_is_string(...)
  4. |     \-rlang::is_string(x)
  5. +-scda.test:::write_test_rtf_for("tsids02b.R")
  6. | \-base::source(ipath) at ./helper.R:20:3
  7. |   +-base::withVisible(eval(ei, envir))
  8. |   \-base::eval(ei, envir)
  9. |     \-base::eval(ei, envir)
 10. \-rtables::build_table(lyt, addisp, alt_counts_df = adsl, round_type = "sas")
 11.   \-base::lapply(...)
 12.     \-rtables (local) FUN(X[[i]], ...)
 13.       \-rtables:::recursive_applysplit(...)
 14.         +-rtables:::.make_split_kids(...)
 15.         \-rtables:::.make_split_kids(...)
 16.           \-rtables (local) .local(spl, have_controws, make_lrow, ...)
 17.             +-base::unlist(...)
 18.             \-base::mapply(...)
 19.               \-rtables (local) `&lt;fn&gt;`(...)
 20.                 \-rtables:::recursive_applysplit(...)
 21.                   +-rtables:::.make_split_kids(...)
 22.                   \-rtables:::.make_split_kids(...)
 23.                     \-rtables (local) .local(spl, have_controws, make_lrow, ...)
 24.                       +-base::unlist(...)
 25.                       \-base::mapply(...)
 26.                         \-rtables (local) `&lt;fn&gt;`(...)
 27.                           \-rtables:::recursive_applysplit(...)
 28.                             +-rtables:::.make_split_kids(...)
 29.                             \-rtables:::.make_split_kids(...)
 30.                               \-rtables (local) .local(spl, have_controws, make_lrow, ...)
 31.                                 \-rtables:::.make_analyzed_tab(...)
 32.                                   +-base::tryCatch(...)
 33.                                   | \-base (local) tryCatchList(expr, classes, parentenv, handlers)
 34.                                   |   \-base (local) tryCatchOne(expr, names, parentenv, handlers[[1L]])
 35.                                   |     \-base (local) doTryCatch(return(expr), name, parentenv, handler)
 36.                                   \-rtables:::.make_tablerows(...)
 37.                                     \-rtables:::gen_rowvalues(...)
 38.                                       \-base::mapply(...)
 39.                                         \-rtables (local) `&lt;fn&gt;`(...)
 40.                                           +-base::do.call(func, args)
 41.                                           \-junco (local) `&lt;fn&gt;`(...)</system-out>
    </testcase>
    <testcase time="0.0469999999999686" classname="tsids02b" name="tsids02b">
      <system-out>partial argument match of 'row_label' to 'row_labels'
Backtrace:
     x
  1. +-testthat::expect_snapshot_file(...) at test-tsids02b.R:4:3
  2. | \-testthat:::check_string(path)
  3. |   \-testthat:::.rlang_check_is_string(...)
  4. |     \-rlang::is_string(x)
  5. +-scda.test:::write_test_rtf_for("tsids02b.R")
  6. | \-base::source(ipath) at ./helper.R:20:3
  7. |   +-base::withVisible(eval(ei, envir))
  8. |   \-base::eval(ei, envir)
  9. |     \-base::eval(ei, envir)
 10. \-rtables::build_table(lyt, addisp, alt_counts_df = adsl, round_type = "sas")
 11.   \-base::lapply(...)
 12.     \-rtables (local) FUN(X[[i]], ...)
 13.       \-rtables:::recursive_applysplit(...)
 14.         +-rtables:::.make_split_kids(...)
 15.         \-rtables:::.make_split_kids(...)
 16.           \-rtables (local) .local(spl, have_controws, make_lrow, ...)
 17.             +-base::unlist(...)
 18.             \-base::mapply(...)
 19.               \-rtables (local) `&lt;fn&gt;`(...)
 20.                 \-rtables:::recursive_applysplit(...)
 21.                   +-rtables:::.make_split_kids(...)
 22.                   \-rtables:::.make_split_kids(...)
 23.                     \-rtables (local) .local(spl, have_controws, make_lrow, ...)
 24.                       +-base::unlist(...)
 25.                       \-base::mapply(...)
 26.                         \-rtables (local) `&lt;fn&gt;`(...)
 27.                           \-rtables:::recursive_applysplit(...)
 28.                             +-rtables:::.make_split_kids(...)
 29.                             \-rtables:::.make_split_kids(...)
 30.                               \-rtables (local) .local(spl, have_controws, make_lrow, ...)
 31.                                 \-rtables:::.make_analyzed_tab(...)
 32.                                   +-base::tryCatch(...)
 33.                                   | \-base (local) tryCatchList(expr, classes, parentenv, handlers)
 34.                                   |   \-base (local) tryCatchOne(expr, names, parentenv, handlers[[1L]])
 35.                                   |     \-base (local) doTryCatch(return(expr), name, parentenv, handler)
 36.                                   \-rtables:::.make_tablerows(...)
 37.                                     \-rtables:::gen_rowvalues(...)
 38.                                       \-base::mapply(...)
 39.                                         \-rtables (local) `&lt;fn&gt;`(...)
 40.                                           +-base::do.call(func, args)
 41.                                           \-junco (local) `&lt;fn&gt;`(...)</system-out>
    </testcase>
    <testcase time="0.0360000000000014" classname="tsids02b" name="tsids02b">
      <system-out>partial argument match of 'row_label' to 'row_labels'
Backtrace:
     x
  1. +-testthat::expect_snapshot_file(...) at test-tsids02b.R:4:3
  2. | \-testthat:::check_string(path)
  3. |   \-testthat:::.rlang_check_is_string(...)
  4. |     \-rlang::is_string(x)
  5. +-scda.test:::write_test_rtf_for("tsids02b.R")
  6. | \-base::source(ipath) at ./helper.R:20:3
  7. |   +-base::withVisible(eval(ei, envir))
  8. |   \-base::eval(ei, envir)
  9. |     \-base::eval(ei, envir)
 10. \-rtables::build_table(lyt, addisp, alt_counts_df = adsl, round_type = "sas")
 11.   \-base::lapply(...)
 12.     \-rtables (local) FUN(X[[i]], ...)
 13.       \-rtables:::recursive_applysplit(...)
 14.         +-rtables:::.make_split_kids(...)
 15.         \-rtables:::.make_split_kids(...)
 16.           \-rtables (local) .local(spl, have_controws, make_lrow, ...)
 17.             +-base::unlist(...)
 18.             \-base::mapply(...)
 19.               \-rtables (local) `&lt;fn&gt;`(...)
 20.                 \-rtables:::recursive_applysplit(...)
 21.                   +-rtables:::.make_split_kids(...)
 22.                   \-rtables:::.make_split_kids(...)
 23.                     \-rtables (local) .local(spl, have_controws, make_lrow, ...)
 24.                       +-base::unlist(...)
 25.                       \-base::mapply(...)
 26.                         \-rtables (local) `&lt;fn&gt;`(...)
 27.                           \-rtables:::recursive_applysplit(...)
 28.                             +-rtables:::.make_split_kids(...)
 29.                             \-rtables:::.make_split_kids(...)
 30.                               \-rtables (local) .local(spl, have_controws, make_lrow, ...)
 31.                                 \-rtables:::.make_analyzed_tab(...)
 32.                                   +-base::tryCatch(...)
 33.                                   | \-base (local) tryCatchList(expr, classes, parentenv, handlers)
 34.                                   |   \-base (local) tryCatchOne(expr, names, parentenv, handlers[[1L]])
 35.                                   |     \-base (local) doTryCatch(return(expr), name, parentenv, handler)
 36.                                   \-rtables:::.make_tablerows(...)
 37.                                     \-rtables:::gen_rowvalues(...)
 38.                                       \-base::mapply(...)
 39.                                         \-rtables (local) `&lt;fn&gt;`(...)
 40.                                           +-base::do.call(func, args)
 41.                                           \-junco (local) `&lt;fn&gt;`(...)</system-out>
    </testcase>
    <testcase time="0.035000000000025" classname="tsids02b" name="tsids02b">
      <system-out>partial argument match of 'row_label' to 'row_labels'
Backtrace:
     x
  1. +-testthat::expect_snapshot_file(...) at test-tsids02b.R:4:3
  2. | \-testthat:::check_string(path)
  3. |   \-testthat:::.rlang_check_is_string(...)
  4. |     \-rlang::is_string(x)
  5. +-scda.test:::write_test_rtf_for("tsids02b.R")
  6. | \-base::source(ipath) at ./helper.R:20:3
  7. |   +-base::withVisible(eval(ei, envir))
  8. |   \-base::eval(ei, envir)
  9. |     \-base::eval(ei, envir)
 10. \-rtables::build_table(lyt, addisp, alt_counts_df = adsl, round_type = "sas")
 11.   \-base::lapply(...)
 12.     \-rtables (local) FUN(X[[i]], ...)
 13.       \-rtables:::recursive_applysplit(...)
 14.         +-rtables:::.make_split_kids(...)
 15.         \-rtables:::.make_split_kids(...)
 16.           \-rtables (local) .local(spl, have_controws, make_lrow, ...)
 17.             +-base::unlist(...)
 18.             \-base::mapply(...)
 19.               \-rtables (local) `&lt;fn&gt;`(...)
 20.                 \-rtables:::recursive_applysplit(...)
 21.                   +-rtables:::.make_split_kids(...)
 22.                   \-rtables:::.make_split_kids(...)
 23.                     \-rtables (local) .local(spl, have_controws, make_lrow, ...)
 24.                       +-base::unlist(...)
 25.                       \-base::mapply(...)
 26.                         \-rtables (local) `&lt;fn&gt;`(...)
 27.                           \-rtables:::recursive_applysplit(...)
 28.                             +-rtables:::.make_split_kids(...)
 29.                             \-rtables:::.make_split_kids(...)
 30.                               \-rtables (local) .local(spl, have_controws, make_lrow, ...)
 31.                                 \-rtables:::.make_analyzed_tab(...)
 32.                                   +-base::tryCatch(...)
 33.                                   | \-base (local) tryCatchList(expr, classes, parentenv, handlers)
 34.                                   |   \-base (local) tryCatchOne(expr, names, parentenv, handlers[[1L]])
 35.                                   |     \-base (local) doTryCatch(return(expr), name, parentenv, handler)
 36.                                   \-rtables:::.make_tablerows(...)
 37.                                     \-rtables:::gen_rowvalues(...)
 38.                                       \-base::mapply(...)
 39.                                         \-rtables (local) `&lt;fn&gt;`(...)
 40.                                           +-base::do.call(func, args)
 41.                                           \-junco (local) `&lt;fn&gt;`(...)</system-out>
    </testcase>
    <testcase time="0.0489999999999782" classname="tsids02b" name="tsids02b">
      <system-out>partial argument match of 'row_label' to 'row_labels'
Backtrace:
     x
  1. +-testthat::expect_snapshot_file(...) at test-tsids02b.R:4:3
  2. | \-testthat:::check_string(path)
  3. |   \-testthat:::.rlang_check_is_string(...)
  4. |     \-rlang::is_string(x)
  5. +-scda.test:::write_test_rtf_for("tsids02b.R")
  6. | \-base::source(ipath) at ./helper.R:20:3
  7. |   +-base::withVisible(eval(ei, envir))
  8. |   \-base::eval(ei, envir)
  9. |     \-base::eval(ei, envir)
 10. \-rtables::build_table(lyt, addisp, alt_counts_df = adsl, round_type = "sas")
 11.   \-base::lapply(...)
 12.     \-rtables (local) FUN(X[[i]], ...)
 13.       \-rtables:::recursive_applysplit(...)
 14.         +-rtables:::.make_split_kids(...)
 15.         \-rtables:::.make_split_kids(...)
 16.           \-rtables (local) .local(spl, have_controws, make_lrow, ...)
 17.             +-base::unlist(...)
 18.             \-base::mapply(...)
 19.               \-rtables (local) `&lt;fn&gt;`(...)
 20.                 \-rtables:::recursive_applysplit(...)
 21.                   +-rtables:::.make_split_kids(...)
 22.                   \-rtables:::.make_split_kids(...)
 23.                     \-rtables (local) .local(spl, have_controws, make_lrow, ...)
 24.                       +-base::unlist(...)
 25.                       \-base::mapply(...)
 26.                         \-rtables (local) `&lt;fn&gt;`(...)
 27.                           \-rtables:::recursive_applysplit(...)
 28.                             +-rtables:::.make_split_kids(...)
 29.                             \-rtables:::.make_split_kids(...)
 30.                               \-rtables (local) .local(spl, have_controws, make_lrow, ...)
 31.                                 \-rtables:::.make_analyzed_tab(...)
 32.                                   +-base::tryCatch(...)
 33.                                   | \-base (local) tryCatchList(expr, classes, parentenv, handlers)
 34.                                   |   \-base (local) tryCatchOne(expr, names, parentenv, handlers[[1L]])
 35.                                   |     \-base (local) doTryCatch(return(expr), name, parentenv, handler)
 36.                                   \-rtables:::.make_tablerows(...)
 37.                                     \-rtables:::gen_rowvalues(...)
 38.                                       \-base::mapply(...)
 39.                                         \-rtables (local) `&lt;fn&gt;`(...)
 40.                                           +-base::do.call(func, args)
 41.                                           \-junco (local) `&lt;fn&gt;`(...)</system-out>
    </testcase>
    <testcase time="0.0450000000000159" classname="tsids02b" name="tsids02b">
      <system-out>partial argument match of 'row_label' to 'row_labels'
Backtrace:
     x
  1. +-testthat::expect_snapshot_file(...) at test-tsids02b.R:4:3
  2. | \-testthat:::check_string(path)
  3. |   \-testthat:::.rlang_check_is_string(...)
  4. |     \-rlang::is_string(x)
  5. +-scda.test:::write_test_rtf_for("tsids02b.R")
  6. | \-base::source(ipath) at ./helper.R:20:3
  7. |   +-base::withVisible(eval(ei, envir))
  8. |   \-base::eval(ei, envir)
  9. |     \-base::eval(ei, envir)
 10. \-rtables::build_table(lyt, addisp, alt_counts_df = adsl, round_type = "sas")
 11.   \-base::lapply(...)
 12.     \-rtables (local) FUN(X[[i]], ...)
 13.       \-rtables:::recursive_applysplit(...)
 14.         +-rtables:::.make_split_kids(...)
 15.         \-rtables:::.make_split_kids(...)
 16.           \-rtables (local) .local(spl, have_controws, make_lrow, ...)
 17.             +-base::unlist(...)
 18.             \-base::mapply(...)
 19.               \-rtables (local) `&lt;fn&gt;`(...)
 20.                 \-rtables:::recursive_applysplit(...)
 21.                   +-rtables:::.make_split_kids(...)
 22.                   \-rtables:::.make_split_kids(...)
 23.                     \-rtables (local) .local(spl, have_controws, make_lrow, ...)
 24.                       +-base::unlist(...)
 25.                       \-base::mapply(...)
 26.                         \-rtables (local) `&lt;fn&gt;`(...)
 27.                           \-rtables:::recursive_applysplit(...)
 28.                             +-rtables:::.make_split_kids(...)
 29.                             \-rtables:::.make_split_kids(...)
 30.                               \-rtables (local) .local(spl, have_controws, make_lrow, ...)
 31.                                 \-rtables:::.make_analyzed_tab(...)
 32.                                   +-base::tryCatch(...)
 33.                                   | \-base (local) tryCatchList(expr, classes, parentenv, handlers)
 34.                                   |   \-base (local) tryCatchOne(expr, names, parentenv, handlers[[1L]])
 35.                                   |     \-base (local) doTryCatch(return(expr), name, parentenv, handler)
 36.                                   \-rtables:::.make_tablerows(...)
 37.                                     \-rtables:::gen_rowvalues(...)
 38.                                       \-base::mapply(...)
 39.                                         \-rtables (local) `&lt;fn&gt;`(...)
 40.                                           +-base::do.call(func, args)
 41.                                           \-junco (local) `&lt;fn&gt;`(...)</system-out>
    </testcase>
    <testcase time="0.0360000000000014" classname="tsids02b" name="tsids02b">
      <system-out>partial argument match of 'row_label' to 'row_labels'
Backtrace:
     x
  1. +-testthat::expect_snapshot_file(...) at test-tsids02b.R:4:3
  2. | \-testthat:::check_string(path)
  3. |   \-testthat:::.rlang_check_is_string(...)
  4. |     \-rlang::is_string(x)
  5. +-scda.test:::write_test_rtf_for("tsids02b.R")
  6. | \-base::source(ipath) at ./helper.R:20:3
  7. |   +-base::withVisible(eval(ei, envir))
  8. |   \-base::eval(ei, envir)
  9. |     \-base::eval(ei, envir)
 10. \-rtables::build_table(lyt, addisp, alt_counts_df = adsl, round_type = "sas")
 11.   \-base::lapply(...)
 12.     \-rtables (local) FUN(X[[i]], ...)
 13.       \-rtables:::recursive_applysplit(...)
 14.         +-rtables:::.make_split_kids(...)
 15.         \-rtables:::.make_split_kids(...)
 16.           \-rtables (local) .local(spl, have_controws, make_lrow, ...)
 17.             +-base::unlist(...)
 18.             \-base::mapply(...)
[...]
 35.                                   |     \-base (local) doTryCatch(return(expr), name, parentenv, handler)
 36.                                   \-rtables:::.make_tablerows(...)
 37.                                     \-rtables:::gen_rowvalues(...)
 38.                                       \-base::mapply(...)
 39.                                         \-rtables (local) `&lt;fn&gt;`(...)
 40.                                           +-base::do.call(func, args)
 41.                                           \-junco (local) `&lt;fn&gt;`(...)</system-out>
    </testcase>
    <testcase time="0.0469999999999686" classname="tsids02b" name="tsids02b">
      <system-out>partial argument match of 'row_label' to 'row_labels'
Backtrace:
     x
  1. +-testthat::expect_snapshot_file(...) at test-tsids02b.R:4:3
  2. | \-testthat:::check_string(path)
  3. |   \-testthat:::.rlang_check_is_string(...)
  4. |     \-rlang::is_string(x)
  5. +-scda.test:::write_test_rtf_for("tsids02b.R")
  6. | \-base::source(ipath) at ./helper.R:20:3
  7. |   +-base::withVisible(eval(ei, envir))
  8. |   \-base::eval(ei, envir)
  9. |     \-base::eval(ei, envir)
 10. \-rtables::build_table(lyt, addisp, alt_counts_df = adsl, round_type = "sas")
 11.   \-base::lapply(...)
 12.     \-rtables (local) FUN(X[[i]], ...)
 13.       \-rtables:::recursive_applysplit(...)
 14.         +-rtables:::.make_split_kids(...)
 15.         \-rtables:::.make_split_kids(...)
 16.           \-rtables (local) .local(spl, have_controws, make_lrow, ...)
 17.             +-base::unlist(...)
 18.             \-base::mapply(...)
 19.               \-rtables (local) `&lt;fn&gt;`(...)
 20.                 \-rtables:::recursive_applysplit(...)
 21.                   +-rtables:::.make_split_kids(...)
 22.                   \-rtables:::.make_split_kids(...)
 23.                     \-rtables (local) .local(spl, have_controws, make_lrow, ...)
 24.                       +-base::unlist(...)
 25.                       \-base::mapply(...)
 26.                         \-rtables (local) `&lt;fn&gt;`(...)
 27.                           \-rtables:::recursive_applysplit(...)
 28.                             +-rtables:::.make_split_kids(...)
 29.                             \-rtables:::.make_split_kids(...)
 30.                               \-rtables (local) .local(spl, have_controws, make_lrow, ...)
 31.                                 \-rtables:::.make_analyzed_tab(...)
 32.                                   +-base::tryCatch(...)
 33.                                   | \-base (local) tryCatchList(expr, classes, parentenv, handlers)
 34.                                   |   \-base (local) tryCatchOne(expr, names, parentenv, handlers[[1L]])
 35.                                   |     \-base (local) doTryCatch(return(expr), name, parentenv, handler)
 36.                                   \-rtables:::.make_tablerows(...)
 37.                                     \-rtables:::gen_rowvalues(...)
 38.                                       \-base::mapply(...)
 39.                                         \-rtables (local) `&lt;fn&gt;`(...)
 40.                                           +-base::do.call(func, args)
 41.                                           \-junco (local) `&lt;fn&gt;`(...)</system-out>
    </testcase>
    <testcase time="0.0360000000000014" classname="tsids02b" name="tsids02b">
      <system-out>partial argument match of 'row_label' to 'row_labels'
Backtrace:
     x
  1. +-testthat::expect_snapshot_file(...) at test-tsids02b.R:4:3
  2. | \-testthat:::check_string(path)
  3. |   \-testthat:::.rlang_check_is_string(...)
  4. |     \-rlang::is_string(x)
  5. +-scda.test:::write_test_rtf_for("tsids02b.R")
  6. | \-base::source(ipath) at ./helper.R:20:3
  7. |   +-base::withVisible(eval(ei, envir))
  8. |   \-base::eval(ei, envir)
  9. |     \-base::eval(ei, envir)
 10. \-rtables::build_table(lyt, addisp, alt_counts_df = adsl, round_type = "sas")
 11.   \-base::lapply(...)
 12.     \-rtables (local) FUN(X[[i]], ...)
 13.       \-rtables:::recursive_applysplit(...)
 14.         +-rtables:::.make_split_kids(...)
 15.         \-rtables:::.make_split_kids(...)
 16.           \-rtables (local) .local(spl, have_controws, make_lrow, ...)
 17.             +-base::unlist(...)
 18.             \-base::mapply(...)
 19.               \-rtables (local) `&lt;fn&gt;`(...)
 20.                 \-rtables:::recursive_applysplit(...)
 21.                   +-rtables:::.make_split_kids(...)
 22.                   \-rtables:::.make_split_kids(...)
 23.                     \-rtables (local) .local(spl, have_controws, make_lrow, ...)
 24.                       +-base::unlist(...)
 25.                       \-base::mapply(...)
 26.                         \-rtables (local) `&lt;fn&gt;`(...)
 27.                           \-rtables:::recursive_applysplit(...)
 28.                             +-rtables:::.make_split_kids(...)
 29.                             \-rtables:::.make_split_kids(...)
 30.                               \-rtables (local) .local(spl, have_controws, make_lrow, ...)
 31.                                 \-rtables:::.make_analyzed_tab(...)
 32.                                   +-base::tryCatch(...)
 33.                                   | \-base (local) tryCatchList(expr, classes, parentenv, handlers)
 34.                                   |   \-base (local) tryCatchOne(expr, names, parentenv, handlers[[1L]])
 35.                                   |     \-base (local) doTryCatch(return(expr), name, parentenv, handler)
 36.                                   \-rtables:::.make_tablerows(...)
 37.                                     \-rtables:::gen_rowvalues(...)
 38.                                       \-base::mapply(...)
 39.                                         \-rtables (local) `&lt;fn&gt;`(...)
 40.                                           +-base::do.call(func, args)
 41.                                           \-junco (local) `&lt;fn&gt;`(...)</system-out>
    </testcase>
    <testcase time="0.0360000000000014" classname="tsids02b" name="tsids02b">
      <system-out>partial argument match of 'row_label' to 'row_labels'
Backtrace:
     x
  1. +-testthat::expect_snapshot_file(...) at test-tsids02b.R:4:3
  2. | \-testthat:::check_string(path)
  3. |   \-testthat:::.rlang_check_is_string(...)
  4. |     \-rlang::is_string(x)
  5. +-scda.test:::write_test_rtf_for("tsids02b.R")
  6. | \-base::source(ipath) at ./helper.R:20:3
  7. |   +-base::withVisible(eval(ei, envir))
  8. |   \-base::eval(ei, envir)
  9. |     \-base::eval(ei, envir)
 10. \-rtables::build_table(lyt, addisp, alt_counts_df = adsl, round_type = "sas")
 11.   \-base::lapply(...)
 12.     \-rtables (local) FUN(X[[i]], ...)
 13.       \-rtables:::recursive_applysplit(...)
 14.         +-rtables:::.make_split_kids(...)
 15.         \-rtables:::.make_split_kids(...)
 16.           \-rtables (local) .local(spl, have_controws, make_lrow, ...)
 17.             +-base::unlist(...)
 18.             \-base::mapply(...)
 19.               \-rtables (local) `&lt;fn&gt;`(...)
 20.                 \-rtables:::recursive_applysplit(...)
 21.                   +-rtables:::.make_split_kids(...)
 22.                   \-rtables:::.make_split_kids(...)
 23.                     \-rtables (local) .local(spl, have_controws, make_lrow, ...)
 24.                       +-base::unlist(...)
 25.                       \-base::mapply(...)
 26.                         \-rtables (local) `&lt;fn&gt;`(...)
 27.                           \-rtables:::recursive_applysplit(...)
 28.                             +-rtables:::.make_split_kids(...)
 29.                             \-rtables:::.make_split_kids(...)
 30.                               \-rtables (local) .local(spl, have_controws, make_lrow, ...)
 31.                                 \-rtables:::.make_analyzed_tab(...)
 32.                                   +-base::tryCatch(...)
 33.                                   | \-base (local) tryCatchList(expr, classes, parentenv, handlers)
 34.                                   |   \-base (local) tryCatchOne(expr, names, parentenv, handlers[[1L]])
 35.                                   |     \-base (local) doTryCatch(return(expr), name, parentenv, handler)
 36.                                   \-rtables:::.make_tablerows(...)
 37.                                     \-rtables:::gen_rowvalues(...)
 38.                                       \-base::mapply(...)
 39.                                         \-rtables (local) `&lt;fn&gt;`(...)
 40.                                           +-base::do.call(func, args)
 41.                                           \-junco (local) `&lt;fn&gt;`(...)</system-out>
    </testcase>
    <testcase time="0.0360000000000014" classname="tsids02b" name="tsids02b">
      <system-out>partial argument match of 'row_label' to 'row_labels'
Backtrace:
     x
  1. +-testthat::expect_snapshot_file(...) at test-tsids02b.R:4:3
  2. | \-testthat:::check_string(path)
  3. |   \-testthat:::.rlang_check_is_string(...)
  4. |     \-rlang::is_string(x)
  5. +-scda.test:::write_test_rtf_for("tsids02b.R")
  6. | \-base::source(ipath) at ./helper.R:20:3
  7. |   +-base::withVisible(eval(ei, envir))
  8. |   \-base::eval(ei, envir)
  9. |     \-base::eval(ei, envir)
 10. \-rtables::build_table(lyt, addisp, alt_counts_df = adsl, round_type = "sas")
 11.   \-base::lapply(...)
 12.     \-rtables (local) FUN(X[[i]], ...)
 13.       \-rtables:::recursive_applysplit(...)
 14.         +-rtables:::.make_split_kids(...)
 15.         \-rtables:::.make_split_kids(...)
 16.           \-rtables (local) .local(spl, have_controws, make_lrow, ...)
 17.             +-base::unlist(...)
 18.             \-base::mapply(...)
 19.               \-rtables (local) `&lt;fn&gt;`(...)
 20.                 \-rtables:::recursive_applysplit(...)
 21.                   +-rtables:::.make_split_kids(...)
 22.                   \-rtables:::.make_split_kids(...)
 23.                     \-rtables (local) .local(spl, have_controws, make_lrow, ...)
 24.                       +-base::unlist(...)
 25.                       \-base::mapply(...)
 26.                         \-rtables (local) `&lt;fn&gt;`(...)
 27.                           \-rtables:::recursive_applysplit(...)
 28.                             +-rtables:::.make_split_kids(...)
 29.                             \-rtables:::.make_split_kids(...)
 30.                               \-rtables (local) .local(spl, have_controws, make_lrow, ...)
 31.                                 \-rtables:::.make_analyzed_tab(...)
 32.                                   +-base::tryCatch(...)
 33.                                   | \-base (local) tryCatchList(expr, classes, parentenv, handlers)
 34.                                   |   \-base (local) tryCatchOne(expr, names, parentenv, handlers[[1L]])
 35.                                   |     \-base (local) doTryCatch(return(expr), name, parentenv, handler)
 36.                                   \-rtables:::.make_tablerows(...)
 37.                                     \-rtables:::gen_rowvalues(...)
 38.                                       \-base::mapply(...)
 39.                                         \-rtables (local) `&lt;fn&gt;`(...)
 40.                                           +-base::do.call(func, args)
 41.                                           \-junco (local) `&lt;fn&gt;`(...)</system-out>
    </testcase>
    <testcase time="0.0380000000000109" classname="tsids02b" name="tsids02b">
      <system-out>partial argument match of 'row_label' to 'row_labels'
Backtrace:
     x
  1. +-testthat::expect_snapshot_file(...) at test-tsids02b.R:4:3
  2. | \-testthat:::check_string(path)
  3. |   \-testthat:::.rlang_check_is_string(...)
  4. |     \-rlang::is_string(x)
  5. +-scda.test:::write_test_rtf_for("tsids02b.R")
  6. | \-base::source(ipath) at ./helper.R:20:3
  7. |   +-base::withVisible(eval(ei, envir))
  8. |   \-base::eval(ei, envir)
  9. |     \-base::eval(ei, envir)
 10. \-rtables::build_table(lyt, addisp, alt_counts_df = adsl, round_type = "sas")
 11.   \-base::lapply(...)
 12.     \-rtables (local) FUN(X[[i]], ...)
 13.       \-rtables:::recursive_applysplit(...)
 14.         +-rtables:::.make_split_kids(...)
 15.         \-rtables:::.make_split_kids(...)
 16.           \-rtables (local) .local(spl, have_controws, make_lrow, ...)
 17.             +-base::unlist(...)
 18.             \-base::mapply(...)
 19.               \-rtables (local) `&lt;fn&gt;`(...)
 20.                 \-rtables:::recursive_applysplit(...)
 21.                   +-rtables:::.make_split_kids(...)
 22.                   \-rtables:::.make_split_kids(...)
 23.                     \-rtables (local) .local(spl, have_controws, make_lrow, ...)
 24.                       +-base::unlist(...)
 25.                       \-base::mapply(...)
 26.                         \-rtables (local) `&lt;fn&gt;`(...)
 27.                           \-rtables:::recursive_applysplit(...)
 28.                             +-rtables:::.make_split_kids(...)
 29.                             \-rtables:::.make_split_kids(...)
 30.                               \-rtables (local) .local(spl, have_controws, make_lrow, ...)
 31.                                 \-rtables:::.make_analyzed_tab(...)
 32.                                   +-base::tryCatch(...)
 33.                                   | \-base (local) tryCatchList(expr, classes, parentenv, handlers)
 34.                                   |   \-base (local) tryCatchOne(expr, names, parentenv, handlers[[1L]])
 35.                                   |     \-base (local) doTryCatch(return(expr), name, parentenv, handler)
 36.                                   \-rtables:::.make_tablerows(...)
 37.                                     \-rtables:::gen_rowvalues(...)
 38.                                       \-base::mapply(...)
 39.                                         \-rtables (local) `&lt;fn&gt;`(...)
 40.                                           +-base::do.call(func, args)
 41.                                           \-junco (local) `&lt;fn&gt;`(...)</system-out>
    </testcase>
    <testcase time="0.0450000000000159" classname="tsids02b" name="tsids02b">
      <system-out>partial argument match of 'row_label' to 'row_labels'
Backtrace:
     x
  1. +-testthat::expect_snapshot_file(...) at test-tsids02b.R:4:3
  2. | \-testthat:::check_string(path)
  3. |   \-testthat:::.rlang_check_is_string(...)
  4. |     \-rlang::is_string(x)
  5. +-scda.test:::write_test_rtf_for("tsids02b.R")
  6. | \-base::source(ipath) at ./helper.R:20:3
  7. |   +-base::withVisible(eval(ei, envir))
  8. |   \-base::eval(ei, envir)
  9. |     \-base::eval(ei, envir)
 10. \-rtables::build_table(lyt, addisp, alt_counts_df = adsl, round_type = "sas")
 11.   \-base::lapply(...)
 12.     \-rtables (local) FUN(X[[i]], ...)
 13.       \-rtables:::recursive_applysplit(...)
 14.         +-rtables:::.make_split_kids(...)
 15.         \-rtables:::.make_split_kids(...)
 16.           \-rtables (local) .local(spl, have_controws, make_lrow, ...)
 17.             +-base::unlist(...)
 18.             \-base::mapply(...)
 19.               \-rtables (local) `&lt;fn&gt;`(...)
 20.                 \-rtables:::recursive_applysplit(...)
 21.                   +-rtables:::.make_split_kids(...)
 22.                   \-rtables:::.make_split_kids(...)
 23.                     \-rtables (local) .local(spl, have_controws, make_lrow, ...)
 24.                       +-base::unlist(...)
 25.                       \-base::mapply(...)
 26.                         \-rtables (local) `&lt;fn&gt;`(...)
 27.                           \-rtables:::recursive_applysplit(...)
 28.                             +-rtables:::.make_split_kids(...)
 29.                             \-rtables:::.make_split_kids(...)
 30.                               \-rtables (local) .local(spl, have_controws, make_lrow, ...)
 31.                                 \-rtables:::.make_analyzed_tab(...)
 32.                                   +-base::tryCatch(...)
 33.                                   | \-base (local) tryCatchList(expr, classes, parentenv, handlers)
 34.                                   |   \-base (local) tryCatchOne(expr, names, parentenv, handlers[[1L]])
 35.                                   |     \-base (local) doTryCatch(return(expr), name, parentenv, handler)
 36.                                   \-rtables:::.make_tablerows(...)
 37.                                     \-rtables:::gen_rowvalues(...)
 38.                                       \-base::mapply(...)
 39.                                         \-rtables (local) `&lt;fn&gt;`(...)
 40.                                           +-base::do.call(func, args)
 41.                                           \-junco (local) `&lt;fn&gt;`(...)</system-out>
    </testcase>
    <testcase time="0.0369999999999777" classname="tsids02b" name="tsids02b">
      <system-out>partial argument match of 'row_label' to 'row_labels'
Backtrace:
     x
  1. +-testthat::expect_snapshot_file(...) at test-tsids02b.R:4:3
  2. | \-testthat:::check_string(path)
  3. |   \-testthat:::.rlang_check_is_string(...)
  4. |     \-rlang::is_string(x)
  5. +-scda.test:::write_test_rtf_for("tsids02b.R")
  6. | \-base::source(ipath) at ./helper.R:20:3
  7. |   +-base::withVisible(eval(ei, envir))
  8. |   \-base::eval(ei, envir)
  9. |     \-base::eval(ei, envir)
 10. \-rtables::build_table(lyt, addisp, alt_counts_df = adsl, round_type = "sas")
 11.   \-base::lapply(...)
 12.     \-rtables (local) FUN(X[[i]], ...)
 13.       \-rtables:::recursive_applysplit(...)
 14.         +-rtables:::.make_split_kids(...)
 15.         \-rtables:::.make_split_kids(...)
 16.           \-rtables (local) .local(spl, have_controws, make_lrow, ...)
 17.             +-base::unlist(...)
 18.             \-base::mapply(...)
 19.               \-rtables (local) `&lt;fn&gt;`(...)
 20.                 \-rtables:::recursive_applysplit(...)
 21.                   +-rtables:::.make_split_kids(...)
 22.                   \-rtables:::.make_split_kids(...)
 23.                     \-rtables (local) .local(spl, have_controws, make_lrow, ...)
 24.                       +-base::unlist(...)
 25.                       \-base::mapply(...)
 26.                         \-rtables (local) `&lt;fn&gt;`(...)
 27.                           \-rtables:::recursive_applysplit(...)
 28.                             +-rtables:::.make_split_kids(...)
 29.                             \-rtables:::.make_split_kids(...)
 30.                               \-rtables (local) .local(spl, have_controws, make_lrow, ...)
 31.                                 \-rtables:::.make_analyzed_tab(...)
 32.                                   +-base::tryCatch(...)
 33.                                   | \-base (local) tryCatchList(expr, classes, parentenv, handlers)
 34.                                   |   \-base (local) tryCatchOne(expr, names, parentenv, handlers[[1L]])
 35.                                   |     \-base (local) doTryCatch(return(expr), name, parentenv, handler)
 36.                                   \-rtables:::.make_tablerows(...)
 37.                                     \-rtables:::gen_rowvalues(...)
 38.                                       \-base::mapply(...)
 39.                                         \-rtables (local) `&lt;fn&gt;`(...)
 40.                                           +-base::do.call(func, args)
 41.                                           \-junco (local) `&lt;fn&gt;`(...)</system-out>
    </testcase>
    <testcase time="1.13100000000003" classname="tsids02b" name="tsids02b"/>
  </testsuite>
  <testsuite name="tsids03" timestamp="2026-08-14T10:52:09Z" hostname="7947f9438871" tests="1" skipped="0" failures="0" errors="0" time="0.628">
    <testcase time="0.627999999999986" classname="tsids03" name="tsids03"/>
  </testsuite>
</testsuites>
