<?xml version="1.0" encoding="UTF-8"?>
<testsuites>
  <testsuite name="char-support" timestamp="2026-03-06T13:52:52Z" hostname="f4fced406941" tests="6" skipped="0" failures="0" errors="0" time="3.359">
    <testcase time="1.099" classname="char_support" name="CRITDIR_is_factor_and_one_PARAMCD_is_not_available_on_all_AVISITS"/>
    <testcase time="0.356999999999999" classname="char_support" name="CRITDIR_is_factor_and_one_PARAMCD_is_not_available_on_all_AVISITS"/>
    <testcase time="0.606000000000002" classname="char_support" name="CRITDIR_is_not_factor_and_all_PARAMCD_available_on_all_AVISITS"/>
    <testcase time="0.391" classname="char_support" name="CRITDIR_is_not_factor_and_all_PARAMCD_available_on_all_AVISITS"/>
    <testcase time="0.617999999999999" classname="char_support" name="CRITDIR_is_not_factor_and_one_PARAMCD_is_not_available_on_all_AVISITS"/>
    <testcase time="0.288" classname="char_support" name="CRITDIR_is_not_factor_and_one_PARAMCD_is_not_available_on_all_AVISITS"/>
  </testsuite>
  <testsuite name="listing_adal02" timestamp="2026-03-06T13:52:55Z" hostname="f4fced406941" tests="1" skipped="0" failures="0" errors="0" time="0.171">
    <testcase time="0.171000000000001" classname="listing_adal02" name="ADAL02_listing_is_produced_correctly"/>
  </testsuite>
  <testsuite name="listing_ael01" timestamp="2026-03-06T13:52:55Z" hostname="f4fced406941" tests="1" skipped="0" failures="0" errors="0" time="0.124">
    <testcase time="0.123999999999999" classname="listing_ael01" name="AEL01_listing_is_produced_correctly"/>
  </testsuite>
  <testsuite name="listing_ael01_nollt" timestamp="2026-03-06T13:52:55Z" hostname="f4fced406941" tests="1" skipped="0" failures="0" errors="0" time="0.05">
    <testcase time="0.0500000000000007" classname="listing_ael01_nollt" name="AEL01_NOLLT_listing_is_produced_correctly"/>
  </testsuite>
  <testsuite name="listing_ael02" timestamp="2026-03-06T13:52:55Z" hostname="f4fced406941" tests="1" skipped="0" failures="0" errors="0" time="0.281">
    <testcase time="0.281000000000001" classname="listing_ael02" name="AEL02_listing_is_produced_correctly"/>
  </testsuite>
  <testsuite name="listing_ael02_ed" timestamp="2026-03-06T13:52:56Z" hostname="f4fced406941" tests="1" skipped="0" failures="0" errors="0" time="0.326">
    <testcase time="0.325999999999999" classname="listing_ael02_ed" name="AEL02_ED_listing_is_produced_correctly"/>
  </testsuite>
  <testsuite name="listing_ael03" timestamp="2026-03-06T13:52:56Z" hostname="f4fced406941" tests="1" skipped="0" failures="0" errors="0" time="0.27">
    <testcase time="0.27" classname="listing_ael03" name="AEL03_listing_is_produced_correctly"/>
  </testsuite>
  <testsuite name="listing_ael04" timestamp="2026-03-06T13:52:56Z" hostname="f4fced406941" tests="1" skipped="0" failures="0" errors="0" time="0.192">
    <testcase time="0.192" classname="listing_ael04" name="AEL04_listing_is_produced_correctly"/>
  </testsuite>
  <testsuite name="listing_cml01" timestamp="2026-03-06T13:52:56Z" hostname="f4fced406941" tests="1" skipped="0" failures="0" errors="0" time="0.335">
    <testcase time="0.335000000000001" classname="listing_cml01" name="CML01_listing_is_produced_correctly"/>
  </testsuite>
  <testsuite name="listing_cml02a_gl" timestamp="2026-03-06T13:52:57Z" hostname="f4fced406941" tests="1" skipped="0" failures="0" errors="0" time="0.109">
    <testcase time="0.109" classname="listing_cml02a_gl" name="CML02A_GL_listing_is_produced_correctly"/>
  </testsuite>
  <testsuite name="listing_cml02b_gl" timestamp="2026-03-06T13:52:57Z" hostname="f4fced406941" tests="1" skipped="0" failures="0" errors="0" time="0.163">
    <testcase time="0.163" classname="listing_cml02b_gl" name="CML02B_GL_listing_is_produced_correctly"/>
  </testsuite>
  <testsuite name="listing_dsl01" timestamp="2026-03-06T13:52:57Z" hostname="f4fced406941" tests="1" skipped="0" failures="0" errors="0" time="0.158">
    <testcase time="0.157999999999999" classname="listing_dsl01" name="DSL01_listing_is_produced_correctly"/>
  </testsuite>
  <testsuite name="listing_dsl02" timestamp="2026-03-06T13:52:57Z" hostname="f4fced406941" tests="1" skipped="0" failures="0" errors="0" time="0.07">
    <testcase time="0.0700000000000003" classname="listing_dsl02" name="DSL02_listing_is_produced_correctly"/>
  </testsuite>
  <testsuite name="listing_dsur4" timestamp="2026-03-06T13:52:57Z" hostname="f4fced406941" tests="1" skipped="0" failures="0" errors="0" time="0.094">
    <testcase time="0.0939999999999994" classname="listing_dsur4" name="DSUR4_listing_is_produced_correctly"/>
  </testsuite>
  <testsuite name="listing_egl01" timestamp="2026-03-06T13:52:57Z" hostname="f4fced406941" tests="1" skipped="0" failures="0" errors="0" time="0.437">
    <testcase time="0.437000000000001" classname="listing_egl01" name="EGL01_listing_is_produced_correctly"/>
  </testsuite>
  <testsuite name="listing_exl01" timestamp="2026-03-06T13:52:58Z" hostname="f4fced406941" tests="1" skipped="0" failures="0" errors="0" time="0.21">
    <testcase time="0.209999999999999" classname="listing_exl01" name="EXL01_listing_is_produced_correctly"/>
  </testsuite>
  <testsuite name="listing_lbl01" timestamp="2026-03-06T13:52:58Z" hostname="f4fced406941" tests="1" skipped="0" failures="0" errors="0" time="0.556">
    <testcase time="0.556000000000001" classname="listing_lbl01" name="LBL01_listing_is_produced_correctly"/>
  </testsuite>
  <testsuite name="listing_lbl01_rls" timestamp="2026-03-06T13:52:59Z" hostname="f4fced406941" tests="1" skipped="0" failures="0" errors="0" time="0.519">
    <testcase time="0.519" classname="listing_lbl01_rls" name="LBL01_RLS_listing_is_produced_correctly"/>
  </testsuite>
  <testsuite name="listing_lbl02a" timestamp="2026-03-06T13:52:59Z" hostname="f4fced406941" tests="1" skipped="0" failures="0" errors="0" time="0.248">
    <testcase time="0.247999999999998" classname="listing_lbl02a" name="LBL02A_listing_is_produced_correctly"/>
  </testsuite>
  <testsuite name="listing_lbl02a_rls" timestamp="2026-03-06T13:52:59Z" hostname="f4fced406941" tests="1" skipped="0" failures="0" errors="0" time="0.798">
    <testcase time="0.798000000000002" classname="listing_lbl02a_rls" name="LBL02A_RLS_listing_is_produced_correctly"/>
  </testsuite>
  <testsuite name="listing_lbl02b" timestamp="2026-03-06T13:53:00Z" hostname="f4fced406941" tests="1" skipped="0" failures="0" errors="0" time="0.247">
    <testcase time="0.247" classname="listing_lbl02b" name="LBL02B_listing_is_produced_correctly"/>
  </testsuite>
  <testsuite name="listing_mhl01" timestamp="2026-03-06T13:53:00Z" hostname="f4fced406941" tests="1" skipped="0" failures="0" errors="0" time="0.245">
    <testcase time="0.244999999999997" classname="listing_mhl01" name="MHL01_listing_is_produced_correctly"/>
  </testsuite>
  <testsuite name="listing_oncl01" timestamp="2026-03-06T13:53:01Z" hostname="f4fced406941" tests="1" skipped="0" failures="0" errors="0" time="0.213">
    <testcase time="0.213000000000001" classname="listing_oncl01" name="ONCL01_listing_is_produced_correctly"/>
  </testsuite>
  <testsuite name="listing_pkcl01" timestamp="2026-03-06T13:53:01Z" hostname="f4fced406941" tests="2" skipped="0" failures="0" errors="0" time="0.5">
    <testcase time="0.173999999999999" classname="listing_pkcl01" name="PKCL01_listing_is_produced_correctly"/>
    <testcase time="0.326000000000001" classname="listing_pkcl01" name="PKCL01_listing_key_columns_values_are_repeated_when_entries_span_multiple_pages"/>
  </testsuite>
  <testsuite name="listing_pkcl02" timestamp="2026-03-06T13:53:01Z" hostname="f4fced406941" tests="1" skipped="0" failures="0" errors="0" time="0.198">
    <testcase time="0.198" classname="listing_pkcl02" name="PKCL02_listing_is_produced_correctly"/>
  </testsuite>
  <testsuite name="listing_pkpl01" timestamp="2026-03-06T13:53:02Z" hostname="f4fced406941" tests="1" skipped="0" failures="0" errors="0" time="0.194">
    <testcase time="0.193999999999999" classname="listing_pkpl01" name="PKPL01_listing_is_produced_correctly"/>
  </testsuite>
  <testsuite name="listing_pkpl02" timestamp="2026-03-06T13:53:02Z" hostname="f4fced406941" tests="1" skipped="0" failures="0" errors="0" time="0.135">
    <testcase time="0.135000000000002" classname="listing_pkpl02" name="PKPL02_listing_is_produced_correctly"/>
  </testsuite>
  <testsuite name="listing_pkpl04" timestamp="2026-03-06T13:53:02Z" hostname="f4fced406941" tests="1" skipped="0" failures="0" errors="0" time="0.198">
    <testcase time="0.198" classname="listing_pkpl04" name="PKPL04_listing_is_produced_correctly"/>
  </testsuite>
  <testsuite name="listing_vsl01" timestamp="2026-03-06T13:53:02Z" hostname="f4fced406941" tests="1" skipped="0" failures="0" errors="0" time="0.418">
    <testcase time="0.417999999999999" classname="listing_vsl01" name="VSL01_listing_is_produced_correctly"/>
  </testsuite>
  <testsuite name="lsfae01" timestamp="2026-03-06T13:53:03Z" hostname="f4fced406941" tests="1" skipped="0" failures="0" errors="0" time="0.552">
    <testcase time="0.552" classname="lsfae01" name="lsfae01"/>
  </testsuite>
  <testsuite name="lsfae02" timestamp="2026-03-06T13:53:03Z" hostname="f4fced406941" tests="1" skipped="0" failures="0" errors="0" time="0.455">
    <testcase time="0.455000000000002" classname="lsfae02" name="lsfae02"/>
  </testsuite>
  <testsuite name="lsfae03" timestamp="2026-03-06T13:53:04Z" hostname="f4fced406941" tests="1" skipped="0" failures="0" errors="0" time="0.295">
    <testcase time="0.294999999999998" classname="lsfae03" name="lsfae03"/>
  </testsuite>
  <testsuite name="lsfae04" timestamp="2026-03-06T13:53:04Z" hostname="f4fced406941" tests="1" skipped="0" failures="0" errors="0" time="0.187">
    <testcase time="0.187000000000001" classname="lsfae04" name="lsfae04"/>
  </testsuite>
  <testsuite name="lsfae05" timestamp="2026-03-06T13:53:04Z" hostname="f4fced406941" tests="1" skipped="0" failures="0" errors="0" time="0.465">
    <testcase time="0.465" classname="lsfae05" name="lsfae05"/>
  </testsuite>
  <testsuite name="lsfae06a" timestamp="2026-03-06T13:53:04Z" hostname="f4fced406941" tests="1" skipped="0" failures="0" errors="0" time="0.395">
    <testcase time="0.395" classname="lsfae06a" name="lsfae06a"/>
  </testsuite>
  <testsuite name="lsfae06b" timestamp="2026-03-06T13:53:05Z" hostname="f4fced406941" tests="1" skipped="0" failures="0" errors="0" time="0.392">
    <testcase time="0.391999999999999" classname="lsfae06b" name="lsfae06b"/>
  </testsuite>
  <testsuite name="lsfdth01" timestamp="2026-03-06T13:53:05Z" hostname="f4fced406941" tests="1" skipped="0" failures="0" errors="0" time="0.195">
    <testcase time="0.195" classname="lsfdth01" name="lsfdth01"/>
  </testsuite>
  <testsuite name="lsfecg01" timestamp="2026-03-06T13:53:05Z" hostname="f4fced406941" tests="1" skipped="0" failures="0" errors="0" time="0.725">
    <testcase time="0.725000000000001" classname="lsfecg01" name="lsfecg01"/>
  </testsuite>
  <testsuite name="lsfecg02part1" timestamp="2026-03-06T13:53:06Z" hostname="f4fced406941" tests="1" skipped="0" failures="0" errors="0" time="1.714">
    <testcase time="1.714" classname="lsfecg02part1" name="lsfecg02part1of3"/>
  </testsuite>
  <testsuite name="lsfecg02part2" timestamp="2026-03-06T13:53:08Z" hostname="f4fced406941" tests="1" skipped="0" failures="0" errors="0" time="1.41">
    <testcase time="1.41" classname="lsfecg02part2" name="lsfecg02part2of3"/>
  </testsuite>
  <testsuite name="lsfecg02part3" timestamp="2026-03-06T13:53:09Z" hostname="f4fced406941" tests="1" skipped="0" failures="0" errors="0" time="1.424">
    <testcase time="1.424" classname="lsfecg02part3" name="lsfecg02part3of3"/>
  </testsuite>
  <testsuite name="lsflab01" timestamp="2026-03-06T13:53:11Z" hostname="f4fced406941" tests="1" skipped="0" failures="0" errors="0" time="0.503">
    <testcase time="0.503" classname="lsflab01" name="lsflab01"/>
  </testsuite>
  <testsuite name="lsfvit01" timestamp="2026-03-06T13:53:11Z" hostname="f4fced406941" tests="1" skipped="0" failures="0" errors="0" time="1.617">
    <testcase time="1.617" classname="lsfvit01" name="lsfvit01"/>
  </testsuite>
  <testsuite name="lsfvit02" timestamp="2026-03-06T13:53:13Z" hostname="f4fced406941" tests="1" skipped="0" failures="0" errors="0" time="2.007">
    <testcase time="2.007" classname="lsfvit02" name="lsfvit02"/>
  </testsuite>
  <testsuite name="lsicm01" timestamp="2026-03-06T13:53:15Z" hostname="f4fced406941" tests="1" skipped="0" failures="0" errors="0" time="0.549">
    <testcase time="0.548999999999999" classname="lsicm01" name="lsicm01"/>
  </testsuite>
  <testsuite name="lsidem01" timestamp="2026-03-06T13:53:15Z" hostname="f4fced406941" tests="1" skipped="0" failures="0" errors="0" time="0.386">
    <testcase time="0.386000000000003" classname="lsidem01" name="lsidem01"/>
  </testsuite>
  <testsuite name="lsidem02" timestamp="2026-03-06T13:53:16Z" hostname="f4fced406941" tests="1" skipped="0" failures="0" errors="0" time="0.339">
    <testcase time="0.338999999999999" classname="lsidem02" name="lsidem02"/>
  </testsuite>
  <testsuite name="lsids01" timestamp="2026-03-06T13:53:16Z" hostname="f4fced406941" tests="1" skipped="0" failures="0" errors="0" time="0.364">
    <testcase time="0.363999999999997" classname="lsids01" name="lsids01"/>
  </testsuite>
  <testsuite name="lsids02" timestamp="2026-03-06T13:53:17Z" hostname="f4fced406941" tests="1" skipped="0" failures="0" errors="0" time="0.375">
    <testcase time="0.375" classname="lsids02" name="lsids02"/>
  </testsuite>
  <testsuite name="lsids03" timestamp="2026-03-06T13:53:17Z" hostname="f4fced406941" tests="1" skipped="0" failures="0" errors="0" time="0.382">
    <testcase time="0.382000000000005" classname="lsids03" name="lsids03"/>
  </testsuite>
  <testsuite name="lsids04" timestamp="2026-03-06T13:53:17Z" hostname="f4fced406941" tests="1" skipped="0" failures="0" errors="0" time="0.154">
    <testcase time="0.153999999999996" classname="lsids04" name="lsids04"/>
  </testsuite>
  <testsuite name="lsids05" timestamp="2026-03-06T13:53:17Z" hostname="f4fced406941" tests="1" skipped="0" failures="0" errors="0" time="0.117">
    <testcase time="0.117000000000004" classname="lsids05" name="lsids05"/>
  </testsuite>
  <testsuite name="lsiex01" timestamp="2026-03-06T13:53:18Z" hostname="f4fced406941" tests="1" skipped="0" failures="0" errors="0" time="0.426">
    <testcase time="0.425999999999995" classname="lsiex01" name="lsiex01"/>
  </testsuite>
  <testsuite name="lsiex02" timestamp="2026-03-06T13:53:18Z" hostname="f4fced406941" tests="1" skipped="0" failures="0" errors="0" time="0.328">
    <testcase time="0.328000000000003" classname="lsiex02" name="lsiex02"/>
  </testsuite>
  <testsuite name="lsiex03" timestamp="2026-03-06T13:53:18Z" hostname="f4fced406941" tests="1" skipped="0" failures="0" errors="0" time="0.462">
    <testcase time="0.462000000000003" classname="lsiex03" name="lsiex03"/>
  </testsuite>
  <testsuite name="lsimh01" timestamp="2026-03-06T13:53:19Z" hostname="f4fced406941" tests="1" skipped="0" failures="0" errors="0" time="0.404">
    <testcase time="0.403999999999996" classname="lsimh01" name="lsimh01"/>
  </testsuite>
  <testsuite name="pagination_listing" timestamp="2026-03-06T13:53:19Z" hostname="f4fced406941" tests="13" skipped="0" failures="0" errors="0" time="3.753">
    <testcase time="0.046999999999997" classname="pagination_listing" name="Direct_pagination_works_fine"/>
    <testcase time="0.619" classname="pagination_listing" name="Direct_pagination_works_fine"/>
    <testcase time="0.00400000000000489" classname="pagination_listing" name="Direct_pagination_works_fine"/>
    <testcase time="0.565999999999995" classname="pagination_listing" name="Direct_pagination_works_fine"/>
    <testcase time="0.945" classname="pagination_listing" name="Direct_pagination_works_fine"/>
    <testcase time="0.772000000000006" classname="pagination_listing" name="pagination_counts_the_right_number_of_lines_when_wrapping_on_keycols_is_present"/>
    <testcase time="0.0069999999999979" classname="pagination_listing" name="pagination_counts_the_right_number_of_lines_when_wrapping_on_keycols_is_present"/>
    <testcase time="0.00600000000000023" classname="pagination_listing" name="pagination_counts_the_right_number_of_lines_when_wrapping_on_keycols_is_present"/>
    <testcase time="0.00399999999999778" classname="pagination_listing" name="pagination_counts_the_right_number_of_lines_when_wrapping_on_keycols_is_present"/>
    <testcase time="0.768000000000001" classname="pagination_listing" name="pagination_counts_the_right_number_of_lines_when_wrapping_on_keycols_is_present"/>
    <testcase time="0.00600000000000023" classname="pagination_listing" name="pagination_counts_the_right_number_of_lines_when_wrapping_on_keycols_is_present"/>
    <testcase time="0.00500000000000256" classname="pagination_listing" name="pagination_counts_the_right_number_of_lines_when_wrapping_on_keycols_is_present"/>
    <testcase time="0.00399999999999778" classname="pagination_listing" name="pagination_counts_the_right_number_of_lines_when_wrapping_on_keycols_is_present"/>
  </testsuite>
  <testsuite name="pagination_table" timestamp="2026-03-06T13:53:24Z" hostname="f4fced406941" tests="30" skipped="0" failures="0" errors="0" time="13.702">
    <testcase time="1.736" classname="pagination_table" name="Direct_pagination_with_standard_values"/>
    <testcase time="0.00500000000000256" classname="pagination_table" name="Direct_pagination_with_standard_values"/>
    <testcase time="0.00399999999999778" classname="pagination_table" name="Direct_pagination_with_standard_values"/>
    <testcase time="1.285" classname="pagination_table" name="Pagination_with_specific_column_widths_and_minimum_lines_per_page"/>
    <testcase time="0.00399999999999778" classname="pagination_table" name="Pagination_with_specific_column_widths_and_minimum_lines_per_page"/>
    <testcase time="0.106000000000002" classname="pagination_table" name="Pagination_with_specific_column_widths_and_minimum_lines_per_page"/>
    <testcase time="1.007" classname="pagination_table" name="Pagination_works_also_if_table_is_decorated"/>
    <testcase time="0.545999999999999" classname="pagination_table" name="Pagination_works_also_if_table_is_decorated"/>
    <testcase time="1.057" classname="pagination_table" name="Pagination_works_also_if_table_is_decorated"/>
    <testcase time="0.604999999999997" classname="pagination_table" name="Pagination_works_also_if_table_is_decorated"/>
    <testcase time="1.276" classname="pagination_table" name="Pagination_works_also_if_table_is_decorated"/>
    <testcase time="0.293999999999997" classname="pagination_table" name="Pagination_works_also_if_table_is_decorated"/>
    <testcase time="0.00400000000000489" classname="pagination_table" name="Pagination_works_also_if_table_is_decorated"/>
    <testcase time="0.00900000000000034" classname="pagination_table" name="Pagination_works_also_if_table_is_decorated"/>
    <testcase time="0.122" classname="pagination_table" name="Pagination_works_also_if_table_is_decorated"/>
    <testcase time="0.0700000000000003" classname="pagination_table" name="Pagination_works_also_if_table_is_decorated"/>
    <testcase time="0.640000000000001" classname="pagination_table" name="Pagination_works_for_page_types"/>
    <testcase time="0.0589999999999975" classname="pagination_table" name="Pagination_works_for_page_types"/>
    <testcase time="0.652999999999999" classname="pagination_table" name="Pagination_works_for_page_types"/>
    <testcase time="0.0589999999999975" classname="pagination_table" name="Pagination_works_for_page_types"/>
    <testcase time="0.610000000000007" classname="pagination_table" name="Pagination_works_for_page_types"/>
    <testcase time="0.354999999999997" classname="pagination_table" name="Pagination_works_for_page_types"/>
    <testcase time="0.648000000000003" classname="pagination_table" name="Pagination_works_for_page_width_and_height"/>
    <testcase time="0.111999999999995" classname="pagination_table" name="Pagination_works_for_page_width_and_height"/>
    <testcase time="0.734000000000002" classname="pagination_table" name="Pagination_works_for_page_types"/>
    <testcase time="0.139000000000003" classname="pagination_table" name="Pagination_works_for_page_types"/>
    <testcase time="0.858999999999995" classname="pagination_table" name="AET04_variant_2_page_by_pagination_tests"/>
    <testcase time="0.585000000000001" classname="pagination_table" name="AET04_variant_2_page_by_pagination_tests"/>
    <testcase time="0.00200000000000244" classname="pagination_table" name="AET04_variant_2_page_by_pagination_tests"/>
    <testcase time="0.116999999999997" classname="pagination_table" name="AET04_variant_2_page_by_pagination_tests"/>
  </testsuite>
  <testsuite name="table_adat03" timestamp="2026-03-06T13:53:37Z" hostname="f4fced406941" tests="2" skipped="0" failures="0" errors="0" time="0.568">
    <testcase time="0.441000000000003" classname="table_adat03" name="ADAT03_is_produced_correctly"/>
    <testcase time="0.127000000000002" classname="table_adat03" name="ADAT03_is_produced_correctly"/>
  </testsuite>
  <testsuite name="table_aet01" timestamp="2026-03-06T13:53:37Z" hostname="f4fced406941" tests="8" skipped="0" failures="0" errors="0" time="1.772">
    <testcase time="0.394999999999996" classname="table_aet01" name="Safety_Summary_Variant_1_works_as_expected"/>
    <testcase time="0.0940000000000012" classname="table_aet01" name="Safety_Summary_Variant_1_works_as_expected"/>
    <testcase time="0.345999999999997" classname="table_aet01" name="Safety_Summary_Variant_2_with_Medical_Concepts_Section_works_as_expected"/>
    <testcase time="0.0940000000000012" classname="table_aet01" name="Safety_Summary_Variant_2_with_Medical_Concepts_Section_works_as_expected"/>
    <testcase time="0.279000000000003" classname="table_aet01" name="Safety_Summary_Variant_3_with_Modified_Rows_works_as_expected"/>
    <testcase time="0.0719999999999956" classname="table_aet01" name="Safety_Summary_Variant_3_with_Modified_Rows_works_as_expected"/>
    <testcase time="0.380000000000003" classname="table_aet01" name="Safety_Summary_Variant_4_with_Rows_Counting_Events_and_Additional_Sections_works_as_expected"/>
    <testcase time="0.112000000000002" classname="table_aet01" name="Safety_Summary_Variant_4_with_Rows_Counting_Events_and_Additional_Sections_works_as_expected"/>
  </testsuite>
  <testsuite name="table_aet01_aesi" timestamp="2026-03-06T13:53:39Z" hostname="f4fced406941" tests="8" skipped="0" failures="0" errors="0" time="2.708">
    <testcase time="0.298000000000002" classname="table_aet01_aesi" name="AET01_AESI_Variant_1_works_as_expected"/>
    <testcase time="0.0779999999999959" classname="table_aet01_aesi" name="AET01_AESI_Variant_1_works_as_expected"/>
    <testcase time="0.509" classname="table_aet01_aesi" name="AET01_AESI_Variant_2_works_as_expected"/>
    <testcase time="0.133000000000003" classname="table_aet01_aesi" name="AET01_AESI_Variant_2_works_as_expected"/>
    <testcase time="0.716999999999999" classname="table_aet01_aesi" name="AET01_AESI_Variant_3_works_as_expected"/>
    <testcase time="0.185000000000002" classname="table_aet01_aesi" name="AET01_AESI_Variant_3_works_as_expected"/>
    <testcase time="0.597999999999999" classname="table_aet01_aesi" name="AET01_AESI_Variant_4_works_as_expected"/>
    <testcase time="0.189999999999998" classname="table_aet01_aesi" name="AET01_AESI_Variant_4_works_as_expected"/>
  </testsuite>
  <testsuite name="table_aet02" timestamp="2026-03-06T13:53:42Z" hostname="f4fced406941" tests="26" skipped="0" failures="0" errors="0" time="8.283">
    <testcase time="0.593000000000004" classname="table_aet02" name="AET02_variant_1_is_produced_correctly"/>
    <testcase time="0.160999999999994" classname="table_aet02" name="AET02_variant_1_is_produced_correctly"/>
    <testcase time="0.420000000000002" classname="table_aet02" name="AET02_variant_1_is_produced_correctly"/>
    <testcase time="0.0910000000000011" classname="table_aet02" name="AET02_variant_1_is_produced_correctly"/>
    <testcase time="0.670999999999999" classname="table_aet02" name="AET02_variant_2_is_produced_correctly"/>
    <testcase time="0.161999999999999" classname="table_aet02" name="AET02_variant_2_is_produced_correctly"/>
    <testcase time="0.965000000000003" classname="table_aet02" name="AET02_variant_3_is_produced_correctly"/>
    <testcase time="0.298999999999999" classname="table_aet02" name="AET02_variant_3_is_produced_correctly"/>
    <testcase time="0.138999999999996" classname="table_aet02" name="AET02_variant_4_is_produced_correctly"/>
    <testcase time="0.078000000000003" classname="table_aet02" name="AET02_variant_4_is_produced_correctly"/>
    <testcase time="0.423000000000002" classname="table_aet02" name="AET02_variant_5_is_produced_correctly"/>
    <testcase time="0.146000000000001" classname="table_aet02" name="AET02_variant_5_is_produced_correctly"/>
    <testcase time="0.428999999999995" classname="table_aet02" name="AET02_variant_6_is_produced_correctly"/>
    <testcase time="0.0810000000000031" classname="table_aet02" name="AET02_variant_6_is_produced_correctly"/>
    <testcase time="0.982000000000006" classname="table_aet02" name="AET02_variant_7_is_produced_correctly"/>
    <testcase time="0.125999999999991" classname="table_aet02" name="AET02_variant_7_is_produced_correctly"/>
    <testcase time="0.436999999999998" classname="table_aet02" name="AET02_variant_8_is_produced_correctly"/>
    <testcase time="0.061000000000007" classname="table_aet02" name="AET02_variant_8_is_produced_correctly"/>
    <testcase time="0.430999999999997" classname="table_aet02" name="AET02_variant_9_is_produced_correctly"/>
    <testcase time="0.0879999999999939" classname="table_aet02" name="AET02_variant_9_is_produced_correctly"/>
    <testcase time="0.422000000000011" classname="table_aet02" name="AET02_variant_10_is_produced_correctly"/>
    <testcase time="0.0889999999999986" classname="table_aet02" name="AET02_variant_10_is_produced_correctly"/>
    <testcase time="0.423999999999992" classname="table_aet02" name="AET02_variant_11_is_produced_correctly"/>
    <testcase time="0.0690000000000026" classname="table_aet02" name="AET02_variant_11_is_produced_correctly"/>
    <testcase time="0.430999999999997" classname="table_aet02" name="AET02_variant_12_is_produced_correctly"/>
    <testcase time="0.0649999999999977" classname="table_aet02" name="AET02_variant_12_is_produced_correctly"/>
  </testsuite>
  <testsuite name="table_aet02_smq" timestamp="2026-03-06T13:53:50Z" hostname="f4fced406941" tests="4" skipped="0" failures="0" errors="0" time="0.439">
    <testcase time="0.13600000000001" classname="table_aet02_smq" name="AET02SMQ_variant_1_is_produced_correctly"/>
    <testcase time="0.0529999999999973" classname="table_aet02_smq" name="AET02SMQ_variant_1_is_produced_correctly"/>
    <testcase time="0.170000000000002" classname="table_aet02_smq" name="AET02SMQ_variant_2_is_produced_correctly"/>
    <testcase time="0.0799999999999983" classname="table_aet02_smq" name="AET02SMQ_variant_2_is_produced_correctly"/>
  </testsuite>
  <testsuite name="table_aet03" timestamp="2026-03-06T13:53:50Z" hostname="f4fced406941" tests="6" skipped="0" failures="0" errors="0" time="4.931">
    <testcase time="1.428" classname="table_aet03" name="AET03_variant_1_is_produced_correctly"/>
    <testcase time="0.378" classname="table_aet03" name="AET03_variant_1_is_produced_correctly"/>
    <testcase time="1.273" classname="table_aet03" name="AET03_variant_1_is_produced_correctly"/>
    <testcase time="0.63900000000001" classname="table_aet03" name="AET03_variant_1_is_produced_correctly"/>
    <testcase time="1.00399999999999" classname="table_aet03" name="AET03_variant_1_is_produced_correctly"/>
    <testcase time="0.209000000000003" classname="table_aet03" name="AET03_variant_1_is_produced_correctly"/>
  </testsuite>
  <testsuite name="table_aet04" timestamp="2026-03-06T13:53:56Z" hostname="f4fced406941" tests="30" skipped="0" failures="0" errors="0" time="12.366">
    <testcase time="0.765000000000001" classname="table_aet04" name="AET04_variant_1_is_produced_correctly"/>
    <testcase time="0.290000000000006" classname="table_aet04" name="AET04_variant_1_is_produced_correctly"/>
    <testcase time="0.731999999999999" classname="table_aet04" name="AET04_variant_1_is_produced_correctly"/>
    <testcase time="0.0420000000000016" classname="table_aet04" name="AET04_variant_1_is_produced_correctly"/>
    <testcase time="0.0390000000000015" classname="table_aet04" name="AET04_variant_1_is_produced_correctly"/>
    <testcase time="0.683999999999997" classname="table_aet04" name="AET04_variant_2_is_produced_correctly_Fill_in_of_Treatment_Groups_"/>
    <testcase time="0.260999999999996" classname="table_aet04" name="AET04_variant_2_is_produced_correctly_Fill_in_of_Treatment_Groups_"/>
    <testcase time="0.691999999999993" classname="table_aet04" name="AET04_variant_2_is_produced_correctly_Fill_in_of_Treatment_Groups_"/>
    <testcase time="0.0400000000000063" classname="table_aet04" name="AET04_variant_2_is_produced_correctly_Fill_in_of_Treatment_Groups_"/>
    <testcase time="0.0360000000000014" classname="table_aet04" name="AET04_variant_2_is_produced_correctly_Fill_in_of_Treatment_Groups_"/>
    <testcase time="0.715999999999994" classname="table_aet04" name="AET04_variant_3_is_produced_correctly_Fill_in_of_Grades_"/>
    <testcase time="0.314000000000007" classname="table_aet04" name="AET04_variant_3_is_produced_correctly_Fill_in_of_Grades_"/>
    <testcase time="0.776999999999987" classname="table_aet04" name="AET04_variant_3_is_produced_correctly_Fill_in_of_Grades_"/>
    <testcase time="0.0440000000000111" classname="table_aet04" name="AET04_variant_3_is_produced_correctly_Fill_in_of_Grades_"/>
    <testcase time="0.0390000000000015" classname="table_aet04" name="AET04_variant_3_is_produced_correctly_Fill_in_of_Grades_"/>
    <testcase time="0.725999999999999" classname="table_aet04" name="AET04_variant_4_is_produced_correctly_Collapsing_of_Grades_grades_1_2_grades_3_4_5_"/>
    <testcase time="0.297999999999988" classname="table_aet04" name="AET04_variant_4_is_produced_correctly_Collapsing_of_Grades_grades_1_2_grades_3_4_5_"/>
    <testcase time="0.757000000000005" classname="table_aet04" name="AET04_variant_4_is_produced_correctly_Collapsing_of_Grades_grades_1_2_grades_3_4_5_"/>
    <testcase time="0.780000000000001" classname="table_aet04" name="AET04_variant_6_is_produced_correctly_with_an_Incidence_Rate_of_at_Least_5_totals_restricted_"/>
    <testcase time="0.296000000000006" classname="table_aet04" name="AET04_variant_6_is_produced_correctly_with_an_Incidence_Rate_of_at_Least_5_totals_restricted_"/>
    <testcase time="0.769999999999996" classname="table_aet04" name="AET04_variant_6_is_produced_correctly_with_an_Incidence_Rate_of_at_Least_5_totals_restricted_"/>
    <testcase time="0.0109999999999957" classname="table_aet04" name="AET04_variant_8_is_produced_correctly_with_an_Incidence_Rate_of_at_Least_X_Patients_"/>
    <testcase time="0.292000000000002" classname="table_aet04" name="AET04_variant_8_is_produced_correctly_with_an_Incidence_Rate_of_at_Least_X_Patients_"/>
    <testcase time="0.771000000000001" classname="table_aet04" name="AET04_variant_8_is_produced_correctly_with_an_Incidence_Rate_of_at_Least_X_Patients_"/>
    <testcase time="0.0100000000000051" classname="table_aet04" name="AET04_variant_9_is_produced_correctly_with_a_Difference_in_Incidence_Rate_of_at_Least_X_"/>
    <testcase time="0.320999999999998" classname="table_aet04" name="AET04_variant_9_is_produced_correctly_with_a_Difference_in_Incidence_Rate_of_at_Least_X_"/>
    <testcase time="0.772000000000006" classname="table_aet04" name="AET04_variant_9_is_produced_correctly_with_a_Difference_in_Incidence_Rate_of_at_Least_X_"/>
    <testcase time="0.0100000000000051" classname="table_aet04" name="AET04_variant_11_is_produced_correctly_with_Incidence_Rate_of_at_Least_X_all_SOCs_w_o_preferred_terms_removed_"/>
    <testcase time="0.313000000000002" classname="table_aet04" name="AET04_variant_11_is_produced_correctly_with_Incidence_Rate_of_at_Least_X_all_SOCs_w_o_preferred_terms_removed_"/>
    <testcase time="0.768000000000001" classname="table_aet04" name="AET04_variant_11_is_produced_correctly_with_Incidence_Rate_of_at_Least_X_all_SOCs_w_o_preferred_terms_removed_"/>
  </testsuite>
  <testsuite name="table_aet04_pi" timestamp="2026-03-06T13:54:08Z" hostname="f4fced406941" tests="18" skipped="0" failures="0" errors="0" time="7.053">
    <testcase time="0.637999999999991" classname="table_aet04_pi" name="AET04_PI_full_table_is_produced_correctly"/>
    <testcase time="0.198999999999998" classname="table_aet04_pi" name="AET04_PI_full_table_is_produced_correctly"/>
    <testcase time="0.653000000000006" classname="table_aet04_pi" name="AET04_PI_variant_1_is_produced_correctly"/>
    <testcase time="0.156999999999996" classname="table_aet04_pi" name="AET04_PI_variant_1_is_produced_correctly"/>
    <testcase time="0.641999999999996" classname="table_aet04_pi" name="AET04_PI_variant_2_is_produced_correctly"/>
    <testcase time="0.109999999999999" classname="table_aet04_pi" name="AET04_PI_variant_2_is_produced_correctly"/>
    <testcase time="0.637" classname="table_aet04_pi" name="AET04_PI_variant_3_is_produced_correctly"/>
    <testcase time="0.122" classname="table_aet04_pi" name="AET04_PI_variant_3_is_produced_correctly"/>
    <testcase time="0.650000000000006" classname="table_aet04_pi" name="AET04_PI_variant_4_is_produced_correctly"/>
    <testcase time="0.0810000000000031" classname="table_aet04_pi" name="AET04_PI_variant_4_is_produced_correctly"/>
    <testcase time="0.657000000000011" classname="table_aet04_pi" name="AET04_PI_variant_5_is_produced_correctly"/>
    <testcase time="0.140000000000001" classname="table_aet04_pi" name="AET04_PI_variant_5_is_produced_correctly"/>
    <testcase time="0.798000000000002" classname="table_aet04_pi" name="AET04_PI_variant_6_is_produced_correctly"/>
    <testcase time="0.146000000000001" classname="table_aet04_pi" name="AET04_PI_variant_6_is_produced_correctly"/>
    <testcase time="1.00099999999999" classname="table_aet04_pi" name="AET04_PI_variant_7_is_produced_correctly"/>
    <testcase time="0.128" classname="table_aet04_pi" name="AET04_PI_variant_7_is_produced_correctly"/>
    <testcase time="0.185000000000002" classname="table_aet04_pi" name="AET04_PI_variant_8_is_produced_correctly"/>
    <testcase time="0.108999999999995" classname="table_aet04_pi" name="AET04_PI_variant_8_is_produced_correctly"/>
  </testsuite>
  <testsuite name="table_aet05" timestamp="2026-03-06T13:54:15Z" hostname="f4fced406941" tests="4" skipped="0" failures="0" errors="0" time="0.258">
    <testcase time="0.109000000000009" classname="table_aet05" name="AET05_variant_1_is_produced_correctly"/>
    <testcase time="0.0450000000000017" classname="table_aet05" name="AET05_variant_1_is_produced_correctly"/>
    <testcase time="0.0599999999999881" classname="table_aet05" name="AET05_variant_2_is_produced_correctly"/>
    <testcase time="0.0440000000000111" classname="table_aet05" name="AET05_variant_2_is_produced_correctly"/>
  </testsuite>
  <testsuite name="table_aet05_all" timestamp="2026-03-06T13:54:15Z" hostname="f4fced406941" tests="4" skipped="0" failures="0" errors="0" time="0.276">
    <testcase time="0.122" classname="table_aet05_all" name="AET05_ALL_variant_1_is_produced_correctly"/>
    <testcase time="0.0439999999999969" classname="table_aet05_all" name="AET05_ALL_variant_1_is_produced_correctly"/>
    <testcase time="0.0589999999999975" classname="table_aet05_all" name="AET05_ALL_variant_2_is_produced_correctly"/>
    <testcase time="0.0510000000000019" classname="table_aet05_all" name="AET05_ALL_variant_2_is_produced_correctly"/>
  </testsuite>
  <testsuite name="table_aet06" timestamp="2026-03-06T13:54:15Z" hostname="f4fced406941" tests="6" skipped="0" failures="0" errors="0" time="3.555">
    <testcase time="0.576999999999998" classname="table_aet06" name="AET06_variant_1_is_produced_correctly"/>
    <testcase time="0.186000000000007" classname="table_aet06" name="AET06_variant_1_is_produced_correctly"/>
    <testcase time="0.951999999999998" classname="table_aet06" name="AET06_variant_3_is_produced_correctly"/>
    <testcase time="0.272999999999996" classname="table_aet06" name="AET06_variant_3_is_produced_correctly"/>
    <testcase time="1.238" classname="table_aet06" name="AET06_variant_5_is_produced_correctly"/>
    <testcase time="0.328999999999994" classname="table_aet06" name="AET06_variant_5_is_produced_correctly"/>
  </testsuite>
  <testsuite name="table_aet06_smq" timestamp="2026-03-06T13:54:19Z" hostname="f4fced406941" tests="4" skipped="0" failures="0" errors="0" time="0.955">
    <testcase time="0.363000000000014" classname="table_aet06_smq" name="AET06_SMQ_variant_1_is_produced_correctly"/>
    <testcase time="0.11099999999999" classname="table_aet06_smq" name="AET06_SMQ_variant_1_is_produced_correctly"/>
    <testcase time="0.359999999999999" classname="table_aet06_smq" name="AET06_SMQ_variant_2_is_produced_correctly"/>
    <testcase time="0.121000000000009" classname="table_aet06_smq" name="AET06_SMQ_variant_2_is_produced_correctly"/>
  </testsuite>
  <testsuite name="table_aet07" timestamp="2026-03-06T13:54:20Z" hostname="f4fced406941" tests="4" skipped="0" failures="0" errors="0" time="0.175">
    <testcase time="0.0589999999999975" classname="table_aet07" name="AET07_variant_1_is_produced_correctly"/>
    <testcase time="0.0279999999999916" classname="table_aet07" name="AET07_variant_1_is_produced_correctly"/>
    <testcase time="0.061000000000007" classname="table_aet07" name="AET07_variant_2_is_produced_correctly"/>
    <testcase time="0.027000000000001" classname="table_aet07" name="AET07_variant_2_is_produced_correctly"/>
  </testsuite>
  <testsuite name="table_aet09" timestamp="2026-03-06T13:54:20Z" hostname="f4fced406941" tests="4" skipped="0" failures="0" errors="0" time="1.916">
    <testcase time="0.546999999999997" classname="table_aet09" name="AET09_variant_1_is_produced_correctly_AE_related_to_study_drug"/>
    <testcase time="0.156000000000006" classname="table_aet09" name="AET09_variant_1_is_produced_correctly_AE_related_to_study_drug"/>
    <testcase time="0.934999999999988" classname="table_aet09" name="AET09_variant_2_is_produced_correctly_AE_related_to_study_drug_including_high_level_terms_"/>
    <testcase time="0.278000000000006" classname="table_aet09" name="AET09_variant_2_is_produced_correctly_AE_related_to_study_drug_including_high_level_terms_"/>
  </testsuite>
  <testsuite name="table_aet09_smq" timestamp="2026-03-06T13:54:22Z" hostname="f4fced406941" tests="4" skipped="0" failures="0" errors="0" time="0.473">
    <testcase time="0.123000000000005" classname="table_aet09_smq" name="AET09_variant_1_AEs_related_to_study_drug_by_SMQ_is_produced_correctly"/>
    <testcase time="0.063999999999993" classname="table_aet09_smq" name="AET09_variant_1_AEs_related_to_study_drug_by_SMQ_is_produced_correctly"/>
    <testcase time="0.210000000000008" classname="table_aet09_smq" name="AET09_variant_2_AEs_related_to_study_drug_by_SMQ_with_customized_queries_is_produced_correctly"/>
    <testcase time="0.0759999999999934" classname="table_aet09_smq" name="AET09_variant_2_AEs_related_to_study_drug_by_SMQ_with_customized_queries_is_produced_correctly"/>
  </testsuite>
  <testsuite name="table_aet10" timestamp="2026-03-06T13:54:22Z" hostname="f4fced406941" tests="2" skipped="0" failures="0" errors="0" time="0.166">
    <testcase time="0.123999999999995" classname="table_aet10" name="AET10_default_variant_is_produced_correctly"/>
    <testcase time="0.0420000000000016" classname="table_aet10" name="AET10_default_variant_is_produced_correctly"/>
  </testsuite>
  <testsuite name="table_aovt01" timestamp="2026-03-06T13:54:23Z" hostname="f4fced406941" tests="6" skipped="0" failures="0" errors="0" time="1.918">
    <testcase time="0.347000000000008" classname="table_aovt01" name="AOVT01_variant_with_single_endpoint_is_produced_correctly"/>
    <testcase time="0.0799999999999983" classname="table_aovt01" name="AOVT01_variant_with_single_endpoint_is_produced_correctly"/>
    <testcase time="0.593999999999994" classname="table_aovt01" name="AOVT01_variant_with_multiple_endpoints_is_produced_correctly"/>
    <testcase time="0.138000000000005" classname="table_aovt01" name="AOVT01_variant_with_multiple_endpoints_is_produced_correctly"/>
    <testcase time="0.620999999999995" classname="table_aovt01" name="AOVT01_variant_with_proportional_weights_is_produced_correctly"/>
    <testcase time="0.138000000000005" classname="table_aovt01" name="AOVT01_variant_with_proportional_weights_is_produced_correctly"/>
  </testsuite>
  <testsuite name="table_aovt02" timestamp="2026-03-06T13:54:25Z" hostname="f4fced406941" tests="2" skipped="0" failures="0" errors="0" time="0.393">
    <testcase time="0.326999999999998" classname="table_aovt02" name="AOVT02_is_produced_correctly"/>
    <testcase time="0.0660000000000025" classname="table_aovt02" name="AOVT02_is_produced_correctly"/>
  </testsuite>
  <testsuite name="table_aovt03" timestamp="2026-03-06T13:54:25Z" hostname="f4fced406941" tests="2" skipped="0" failures="0" errors="0" time="0.884">
    <testcase time="0.736000000000004" classname="table_aovt03" name="AOVT03_is_produced_correctly"/>
    <testcase time="0.147999999999996" classname="table_aovt03" name="AOVT03_is_produced_correctly"/>
  </testsuite>
  <testsuite name="table_cfbt01" timestamp="2026-03-06T13:54:26Z" hostname="f4fced406941" tests="2" skipped="0" failures="0" errors="0" time="0.693">
    <testcase time="0.483999999999995" classname="table_cfbt01" name="CFBT01_default_variant_is_produced_correctly"/>
    <testcase time="0.209000000000003" classname="table_cfbt01" name="CFBT01_default_variant_is_produced_correctly"/>
  </testsuite>
  <testsuite name="table_cmht01" timestamp="2026-03-06T13:54:26Z" hostname="f4fced406941" tests="4" skipped="0" failures="0" errors="0" time="1.692">
    <testcase time="0.396000000000001" classname="table_cmht01" name="CMHT01_variant_1_is_produced_correctly"/>
    <testcase time="0.0699999999999932" classname="table_cmht01" name="CMHT01_variant_1_is_produced_correctly"/>
    <testcase time="0.984999999999999" classname="table_cmht01" name="CMHT01_variant_2_is_produced_correctly"/>
    <testcase time="0.241" classname="table_cmht01" name="CMHT01_variant_2_is_produced_correctly"/>
  </testsuite>
  <testsuite name="table_cmt01" timestamp="2026-03-06T13:54:28Z" hostname="f4fced406941" tests="8" skipped="0" failures="0" errors="0" time="3.731">
    <testcase time="0.665000000000006" classname="table_cmt01" name="CMT01_default_variant_Concomitant_medications_is_produced_correctly"/>
    <testcase time="0.245000000000005" classname="table_cmt01" name="CMT01_default_variant_Concomitant_medications_is_produced_correctly"/>
    <testcase time="0.745999999999995" classname="table_cmt01" name="CMT01_variant_1_prior_medications_is_produced_correctly"/>
    <testcase time="0.287000000000006" classname="table_cmt01" name="CMT01_variant_1_prior_medications_is_produced_correctly"/>
    <testcase time="0.644999999999996" classname="table_cmt01" name="CMT01_variant_3_Concomitant_medications_is_produced_correctly"/>
    <testcase time="0.218999999999994" classname="table_cmt01" name="CMT01_variant_3_Concomitant_medications_is_produced_correctly"/>
    <testcase time="0.674000000000007" classname="table_cmt01" name="CMT01_variant_4_Concomitant_medications_is_produced_correctly"/>
    <testcase time="0.25" classname="table_cmt01" name="CMT01_variant_4_Concomitant_medications_is_produced_correctly"/>
  </testsuite>
  <testsuite name="table_cmt01a" timestamp="2026-03-06T13:54:32Z" hostname="f4fced406941" tests="8" skipped="0" failures="0" errors="0" time="4.826">
    <testcase time="1.08499999999999" classname="table_cmt01a" name="CMT01A_variant_1_is_produced_correctly"/>
    <testcase time="0.227000000000004" classname="table_cmt01a" name="CMT01A_variant_1_is_produced_correctly"/>
    <testcase time="0.930999999999997" classname="table_cmt01a" name="CMT01A_variant_2_is_produced_correctly"/>
    <testcase time="0.263000000000005" classname="table_cmt01a" name="CMT01A_variant_2_is_produced_correctly"/>
    <testcase time="0.953999999999994" classname="table_cmt01a" name="CMT01A_variant_3_is_produced_correctly"/>
    <testcase time="0.231000000000009" classname="table_cmt01a" name="CMT01A_variant_3_is_produced_correctly"/>
    <testcase time="0.926999999999992" classname="table_cmt01a" name="CMT01A_variant_4_is_produced_correctly"/>
    <testcase time="0.207999999999998" classname="table_cmt01a" name="CMT01A_variant_4_is_produced_correctly"/>
  </testsuite>
  <testsuite name="table_cmt01b" timestamp="2026-03-06T13:54:37Z" hostname="f4fced406941" tests="6" skipped="0" failures="0" errors="0" time="5.313">
    <testcase time="1.57000000000001" classname="table_cmt01b" name="CMT01B_variant_1_is_produced_correctly"/>
    <testcase time="0.682999999999993" classname="table_cmt01b" name="CMT01B_variant_1_is_produced_correctly"/>
    <testcase time="1.01300000000001" classname="table_cmt01b" name="CMT01B_variant_2_is_produced_correctly"/>
    <testcase time="0.280000000000001" classname="table_cmt01b" name="CMT01B_variant_2_is_produced_correctly"/>
    <testcase time="1.393" classname="table_cmt01b" name="CMT01B_variant_4_is_produced_correctly"/>
    <testcase time="0.373999999999995" classname="table_cmt01b" name="CMT01B_variant_4_is_produced_correctly"/>
  </testsuite>
  <testsuite name="table_cmt02_pt" timestamp="2026-03-06T13:54:42Z" hostname="f4fced406941" tests="2" skipped="0" failures="0" errors="0" time="0.545">
    <testcase time="0.388999999999996" classname="table_cmt02_pt" name="CMT02_PT_default_variant_is_produced_correctly"/>
    <testcase time="0.156000000000006" classname="table_cmt02_pt" name="CMT02_PT_default_variant_is_produced_correctly"/>
  </testsuite>
  <testsuite name="table_coxt01" timestamp="2026-03-06T13:54:43Z" hostname="f4fced406941" tests="8" skipped="0" failures="0" errors="0" time="1.793">
    <testcase time="0.290000000000006" classname="table_coxt01" name="1._Cox_Regression"/>
    <testcase time="0.0579999999999927" classname="table_coxt01" name="1._Cox_Regression"/>
    <testcase time="0.393000000000001" classname="table_coxt01" name="2._Cox_Regression_with_Interaction_Term_"/>
    <testcase time="0.0969999999999942" classname="table_coxt01" name="2._Cox_Regression_with_Interaction_Term_"/>
    <testcase time="0.382000000000005" classname="table_coxt01" name="3._Cox_Regression_specifying_covariates_"/>
    <testcase time="0.103999999999999" classname="table_coxt01" name="3._Cox_Regression_specifying_covariates_"/>
    <testcase time="0.379999999999995" classname="table_coxt01" name="4._Cox_Regression_setting_strata_ties_and_alpha_level_"/>
    <testcase time="0.0890000000000128" classname="table_coxt01" name="4._Cox_Regression_setting_strata_ties_and_alpha_level_"/>
  </testsuite>
  <testsuite name="table_coxt02" timestamp="2026-03-06T13:54:44Z" hostname="f4fced406941" tests="4" skipped="0" failures="0" errors="0" time="0.67">
    <testcase time="0.291999999999987" classname="table_coxt02" name="COXT02_default_variant_1_is_produced_correctly"/>
    <testcase time="0.0590000000000117" classname="table_coxt02" name="COXT02_default_variant_1_is_produced_correctly"/>
    <testcase time="0.265999999999991" classname="table_coxt02" name="COXT02_variant_5_is_produced_correctly"/>
    <testcase time="0.0529999999999973" classname="table_coxt02" name="COXT02_variant_5_is_produced_correctly"/>
  </testsuite>
  <testsuite name="table_disclosures" timestamp="2026-03-06T13:54:45Z" hostname="f4fced406941" tests="12" skipped="0" failures="0" errors="0" time="1.983">
    <testcase time="0.173000000000002" classname="table_disclosures" name="Patient_Disposition_table_is_produced_correctly"/>
    <testcase time="0.0750000000000028" classname="table_disclosures" name="Patient_Disposition_table_is_produced_correctly"/>
    <testcase time="0.248999999999995" classname="table_disclosures" name="Demographic_table_is_produced_correctly"/>
    <testcase time="0.132999999999996" classname="table_disclosures" name="Demographic_table_is_produced_correctly"/>
    <testcase time="0.0960000000000036" classname="table_disclosures" name="Enrollment_by_Country_Table_is_produced_correctly"/>
    <testcase time="0.0910000000000082" classname="table_disclosures" name="Enrollment_by_Country_Table_is_produced_correctly"/>
    <testcase time="0.0769999999999982" classname="table_disclosures" name="Death_table_is_produced_correctly"/>
    <testcase time="0.0579999999999927" classname="table_disclosures" name="Death_table_is_produced_correctly"/>
    <testcase time="0.375" classname="table_disclosures" name="Table_of_Serious_Adverse_Events_is_produced_correctly_for_one_specific_treatment_arm_"/>
    <testcase time="0.0880000000000081" classname="table_disclosures" name="Table_of_Serious_Adverse_Events_is_produced_correctly_for_one_specific_treatment_arm_"/>
    <testcase time="0.442999999999998" classname="table_disclosures" name="Table_of_Non_Serious_Adverse_Events_is_produced_correctly"/>
    <testcase time="0.125" classname="table_disclosures" name="Table_of_Non_Serious_Adverse_Events_is_produced_correctly"/>
  </testsuite>
  <testsuite name="table_dmt01" timestamp="2026-03-06T13:54:48Z" hostname="f4fced406941" tests="10" skipped="0" failures="0" errors="0" time="2.902">
    <testcase time="1.23" classname="table_dmt01" name="DMT01_variant_1_is_produced_correctly"/>
    <testcase time="0.155999999999992" classname="table_dmt01" name="DMT01_variant_1_is_produced_correctly"/>
    <testcase time="0.251999999999995" classname="table_dmt01" name="DMT01_variant_2_is_produced_correctly"/>
    <testcase time="0.147000000000006" classname="table_dmt01" name="DMT01_variant_2_is_produced_correctly"/>
    <testcase time="0.301000000000002" classname="table_dmt01" name="DMT01_variant_3_is_produced_correctly"/>
    <testcase time="0.150999999999996" classname="table_dmt01" name="DMT01_variant_3_is_produced_correctly"/>
    <testcase time="0.224000000000004" classname="table_dmt01" name="DMT01_variant_4_is_produced_correctly"/>
    <testcase time="0.129000000000005" classname="table_dmt01" name="DMT01_variant_4_is_produced_correctly"/>
    <testcase time="0.193999999999988" classname="table_dmt01" name="DMT01_variant_5_is_produced_correctly"/>
    <testcase time="0.118000000000009" classname="table_dmt01" name="DMT01_variant_5_is_produced_correctly"/>
  </testsuite>
  <testsuite name="table_dort01" timestamp="2026-03-06T13:54:50Z" hostname="f4fced406941" tests="8" skipped="0" failures="0" errors="0" time="1.592">
    <testcase time="0.334000000000003" classname="table_dort01" name="DORT01_variant_1_is_produced_correctly"/>
    <testcase time="0.0809999999999889" classname="table_dort01" name="DORT01_variant_1_is_produced_correctly"/>
    <testcase time="0.304000000000002" classname="table_dort01" name="DORT01_variant_2_selecting_sectons_is_produced_correctly"/>
    <testcase time="0.0970000000000084" classname="table_dort01" name="DORT01_variant_2_selecting_sectons_is_produced_correctly"/>
    <testcase time="0.295999999999992" classname="table_dort01" name="DORT01_variant_3_modifying_conftype_and_alpha_level_is_produced_correctly"/>
    <testcase time="0.100000000000009" classname="table_dort01" name="DORT01_variant_3_modifying_conftype_and_alpha_level_is_produced_correctly"/>
    <testcase time="0.277000000000001" classname="table_dort01" name="DORT01_variant_4_modifying_time_point_for_the_xx_duration_is_produced_correctly"/>
    <testcase time="0.10299999999998" classname="table_dort01" name="DORT01_variant_4_modifying_time_point_for_the_xx_duration_is_produced_correctly"/>
  </testsuite>
  <testsuite name="table_dst01" timestamp="2026-03-06T13:54:51Z" hostname="f4fced406941" tests="6" skipped="0" failures="0" errors="0" time="0.79">
    <testcase time="0.166000000000025" classname="table_dst01" name="DST01_default_variant_is_produced_correctly"/>
    <testcase time="0.0739999999999839" classname="table_dst01" name="DST01_default_variant_is_produced_correctly"/>
    <testcase time="0.269000000000005" classname="table_dst01" name="DST01_variants_2_and_3_are_produced_correctly"/>
    <testcase time="0.0790000000000077" classname="table_dst01" name="DST01_variants_2_and_3_are_produced_correctly"/>
    <testcase time="0.0989999999999895" classname="table_dst01" name="DST01_variants_2_and_3_are_produced_correctly"/>
    <testcase time="0.103000000000009" classname="table_dst01" name="DST01_variants_2_and_3_are_produced_correctly"/>
  </testsuite>
  <testsuite name="table_dtht01" timestamp="2026-03-06T13:54:52Z" hostname="f4fced406941" tests="8" skipped="0" failures="0" errors="0" time="1.22">
    <testcase time="0.132999999999981" classname="table_dtht01" name="DTHT01_variant_1_is_produced_correctly"/>
    <testcase time="0.0790000000000077" classname="table_dtht01" name="DTHT01_variant_1_is_produced_correctly"/>
    <testcase time="0.305000000000007" classname="table_dtht01" name="DTHT01_variant_2_is_produced_correctly"/>
    <testcase time="0.132000000000005" classname="table_dtht01" name="DTHT01_variant_2_is_produced_correctly"/>
    <testcase time="0.174999999999983" classname="table_dtht01" name="DTHT01_variant_3_is_produced_correctly"/>
    <testcase time="0.0880000000000223" classname="table_dtht01" name="DTHT01_variant_3_is_produced_correctly"/>
    <testcase time="0.206999999999994" classname="table_dtht01" name="DTHT01_variant_4_is_produced_correctly"/>
    <testcase time="0.100999999999999" classname="table_dtht01" name="DTHT01_variant_4_is_produced_correctly"/>
  </testsuite>
  <testsuite name="table_egt01" timestamp="2026-03-06T13:54:55Z" hostname="f4fced406941" tests="2" skipped="0" failures="0" errors="0" time="3.713">
    <testcase time="2.87699999999998" classname="table_egt01" name="EGT01_default_variant_is_produced_correctly"/>
    <testcase time="0.836000000000013" classname="table_egt01" name="EGT01_default_variant_is_produced_correctly"/>
  </testsuite>
  <testsuite name="table_egt02" timestamp="2026-03-06T13:54:58Z" hostname="f4fced406941" tests="4" skipped="0" failures="0" errors="0" time="1.588">
    <testcase time="1.261" classname="table_egt02" name="_EGT02_1._Regardless_of_Abnormality_at_Baseline"/>
    <testcase time="0.0699999999999932" classname="table_egt02" name="_EGT02_1._Regardless_of_Abnormality_at_Baseline"/>
    <testcase time="0.195999999999998" classname="table_egt02" name="_EGT02_2._Among_Subjects_Without_Abnormality_at_Baseline"/>
    <testcase time="0.061000000000007" classname="table_egt02" name="_EGT02_2._Among_Subjects_Without_Abnormality_at_Baseline"/>
  </testsuite>
  <testsuite name="table_egt03" timestamp="2026-03-06T13:54:59Z" hostname="f4fced406941" tests="8" skipped="0" failures="0" errors="0" time="1.572">
    <testcase time="0.248999999999995" classname="table_egt03" name="EGT03_variant_1_is_produced_correctly"/>
    <testcase time="0.105000000000018" classname="table_egt03" name="EGT03_variant_1_is_produced_correctly"/>
    <testcase time="0.167999999999978" classname="table_egt03" name="EGT03_variant_2_is_produced_correctly"/>
    <testcase time="0.101000000000028" classname="table_egt03" name="EGT03_variant_2_is_produced_correctly"/>
    <testcase time="0.225999999999999" classname="table_egt03" name="EGT03_variant_3_is_produced_correctly"/>
    <testcase time="0.121999999999986" classname="table_egt03" name="EGT03_variant_3_is_produced_correctly"/>
    <testcase time="0.496000000000009" classname="table_egt03" name="EGT03_variant_4_is_produced_correctly"/>
    <testcase time="0.10499999999999" classname="table_egt03" name="EGT03_variant_4_is_produced_correctly"/>
  </testsuite>
  <testsuite name="table_egt04" timestamp="2026-03-06T13:55:01Z" hostname="f4fced406941" tests="2" skipped="0" failures="0" errors="0" time="0.999">
    <testcase time="0.930000000000007" classname="table_egt04" name="EGT04_default_variant_is_produced_correctly"/>
    <testcase time="0.0689999999999884" classname="table_egt04" name="EGT04_default_variant_is_produced_correctly"/>
  </testsuite>
  <testsuite name="table_egt05_qtcat" timestamp="2026-03-06T13:55:03Z" hostname="f4fced406941" tests="2" skipped="0" failures="0" errors="0" time="2.501">
    <testcase time="2.083" classname="table_egt05_qtcat" name="EGT05_QTCAT_default_variant_is_produced_correctly"/>
    <testcase time="0.418000000000006" classname="table_egt05_qtcat" name="EGT05_QTCAT_default_variant_is_produced_correctly"/>
  </testsuite>
  <testsuite name="table_ent" timestamp="2026-03-06T13:55:04Z" hostname="f4fced406941" tests="8" skipped="0" failures="0" errors="0" time="14.34">
    <testcase time="3.54300000000001" classname="table_ent" name="ENT01_IT_is_produced_correctly"/>
    <testcase time="0.557999999999993" classname="table_ent" name="ENT01_IT_is_produced_correctly"/>
    <testcase time="2.376" classname="table_ent" name="ENT01a_IT_is_produced_correctly"/>
    <testcase time="0.515999999999991" classname="table_ent" name="ENT01a_IT_is_produced_correctly"/>
    <testcase time="3.75700000000001" classname="table_ent" name="ENT02_IT_is_produced_correctly"/>
    <testcase time="0.568000000000012" classname="table_ent" name="ENT02_IT_is_produced_correctly"/>
    <testcase time="2.47" classname="table_ent" name="ENT02a_IT_is_produced_correctly"/>
    <testcase time="0.551999999999992" classname="table_ent" name="ENT02a_IT_is_produced_correctly"/>
  </testsuite>
  <testsuite name="table_eudrat01" timestamp="2026-03-06T13:55:18Z" hostname="f4fced406941" tests="2" skipped="0" failures="0" errors="0" time="0.656">
    <testcase time="0.540999999999997" classname="table_eudrat01" name="EUDRAT01_is_produced_correctly"/>
    <testcase time="0.115000000000009" classname="table_eudrat01" name="EUDRAT01_is_produced_correctly"/>
  </testsuite>
  <testsuite name="table_eudrat02" timestamp="2026-03-06T13:55:19Z" hostname="f4fced406941" tests="2" skipped="0" failures="0" errors="0" time="0.521">
    <testcase time="0.423000000000002" classname="table_eudrat02" name="EUDRAT02_is_produced_correctly"/>
    <testcase time="0.0979999999999848" classname="table_eudrat02" name="EUDRAT02_is_produced_correctly"/>
  </testsuite>
  <testsuite name="table_ext01" timestamp="2026-03-06T13:55:19Z" hostname="f4fced406941" tests="6" skipped="0" failures="0" errors="0" time="1.974">
    <testcase time="0.435000000000002" classname="table_ext01" name="EXT01_default_variant_with_numeric_parameters_is_produced_correctly"/>
    <testcase time="0.152999999999992" classname="table_ext01" name="EXT01_default_variant_with_numeric_parameters_is_produced_correctly"/>
    <testcase time="0.320000000000022" classname="table_ext01" name="EXT01_variant_with_both_numeric_and_categorical_parameters"/>
    <testcase time="0.185000000000002" classname="table_ext01" name="EXT01_variant_with_both_numeric_and_categorical_parameters"/>
    <testcase time="0.389999999999986" classname="table_ext01" name="EXT01_variant_with_user_specified_categories_for_missed_doses"/>
    <testcase time="0.491000000000014" classname="table_ext01" name="EXT01_variant_with_user_specified_categories_for_missed_doses"/>
  </testsuite>
  <testsuite name="table_jnj_tbl1" timestamp="2026-03-06T13:55:21Z" hostname="f4fced406941" tests="2" skipped="0" failures="0" errors="0" time="0.255">
    <testcase time="0.180999999999983" classname="table_jnj_tbl1" name="DMT01_variant_factor_with_only_Missing_values"/>
    <testcase time="0.0740000000000123" classname="table_jnj_tbl1" name="DMT01_variant_factor_with_only_Missing_values"/>
  </testsuite>
  <testsuite name="table_lbt01" timestamp="2026-03-06T13:55:22Z" hostname="f4fced406941" tests="2" skipped="0" failures="0" errors="0" time="1.964">
    <testcase time="1.50399999999999" classname="table_lbt01" name="LBT01_default_variant_is_produced_correctly"/>
    <testcase time="0.460000000000008" classname="table_lbt01" name="LBT01_default_variant_is_produced_correctly"/>
  </testsuite>
  <testsuite name="table_lbt02" timestamp="2026-03-06T13:55:24Z" hostname="f4fced406941" tests="2" skipped="0" failures="0" errors="0" time="1.373">
    <testcase time="0.924000000000007" classname="table_lbt02" name="LBT02_default_variant_is_produced_correctly"/>
    <testcase time="0.448999999999984" classname="table_lbt02" name="LBT02_default_variant_is_produced_correctly"/>
  </testsuite>
  <testsuite name="table_lbt03" timestamp="2026-03-06T13:55:25Z" hostname="f4fced406941" tests="2" skipped="0" failures="0" errors="0" time="0.257">
    <testcase time="0.170000000000016" classname="table_lbt03" name="LBT03_default_variant_is_produced_correctly"/>
    <testcase time="0.0869999999999891" classname="table_lbt03" name="LBT03_default_variant_is_produced_correctly"/>
  </testsuite>
  <testsuite name="table_lbt04" timestamp="2026-03-06T13:55:26Z" hostname="f4fced406941" tests="2" skipped="0" failures="0" errors="0" time="1.219">
    <testcase time="1.054" classname="table_lbt04" name="LBT04_default_variant_is_produced_correctly"/>
    <testcase time="0.164999999999992" classname="table_lbt04" name="LBT04_default_variant_is_produced_correctly"/>
  </testsuite>
  <testsuite name="table_lbt05" timestamp="2026-03-06T13:55:27Z" hostname="f4fced406941" tests="6" skipped="0" failures="0" errors="0" time="6.698">
    <testcase time="2.12700000000001" classname="table_lbt05" name="LBT05_variant_1_is_produced_correctly"/>
    <testcase time="0.341999999999985" classname="table_lbt05" name="LBT05_variant_1_is_produced_correctly"/>
    <testcase time="1.554" classname="table_lbt05" name="LBT05_variant_2_is_produced_correctly"/>
    <testcase time="0.456000000000017" classname="table_lbt05" name="LBT05_variant_2_is_produced_correctly"/>
    <testcase time="1.88999999999999" classname="table_lbt05" name="LBT05_variant_4_is_produced_correctly"/>
    <testcase time="0.329000000000008" classname="table_lbt05" name="LBT05_variant_4_is_produced_correctly"/>
  </testsuite>
  <testsuite name="table_lbt06" timestamp="2026-03-06T13:55:33Z" hostname="f4fced406941" tests="2" skipped="0" failures="0" errors="0" time="0.526">
    <testcase time="0.37299999999999" classname="table_lbt06" name="LBT06_default_variant_is_produced_correctly"/>
    <testcase time="0.15300000000002" classname="table_lbt06" name="LBT06_default_variant_is_produced_correctly"/>
  </testsuite>
  <testsuite name="table_lbt07" timestamp="2026-03-06T13:55:34Z" hostname="f4fced406941" tests="2" skipped="0" failures="0" errors="0" time="2.467">
    <testcase time="2.15799999999999" classname="table_lbt07" name="LBT07_is_produced_correctly"/>
    <testcase time="0.308999999999997" classname="table_lbt07" name="LBT07_is_produced_correctly"/>
  </testsuite>
  <testsuite name="table_lbt08" timestamp="2026-03-06T13:55:36Z" hostname="f4fced406941" tests="2" skipped="0" failures="0" errors="0" time="0.413">
    <testcase time="0.301999999999992" classname="table_lbt08" name="LBT08_produce_correctly"/>
    <testcase time="0.111000000000018" classname="table_lbt08" name="LBT08_produce_correctly"/>
  </testsuite>
  <testsuite name="table_lbt09" timestamp="2026-03-06T13:55:37Z" hostname="f4fced406941" tests="4" skipped="0" failures="0" errors="0" time="1.028">
    <testcase time="0.381" classname="table_lbt09" name="LBT09_variant_1_works_as_expected"/>
    <testcase time="0.147999999999996" classname="table_lbt09" name="LBT09_variant_1_works_as_expected"/>
    <testcase time="0.352000000000004" classname="table_lbt09" name="LBT09_variant_2_works_as_expected"/>
    <testcase time="0.146999999999991" classname="table_lbt09" name="LBT09_variant_2_works_as_expected"/>
  </testsuite>
  <testsuite name="table_lbt10" timestamp="2026-03-06T13:55:38Z" hostname="f4fced406941" tests="4" skipped="0" failures="0" errors="0" time="1.443">
    <testcase time="0.842999999999989" classname="table_lbt10" name="LBT10_variant_1_works_as_expected"/>
    <testcase time="0.0560000000000116" classname="table_lbt10" name="LBT10_variant_1_works_as_expected"/>
    <testcase time="0.479000000000013" classname="table_lbt10" name="LBT10_variant_2_works_as_expected"/>
    <testcase time="0.0649999999999977" classname="table_lbt10" name="LBT10_variant_2_works_as_expected"/>
  </testsuite>
  <testsuite name="table_lbt10_bl" timestamp="2026-03-06T13:55:39Z" hostname="f4fced406941" tests="4" skipped="0" failures="0" errors="0" time="0.556">
    <testcase time="0.272999999999996" classname="table_lbt10_bl" name="LBT10_BL_variant_1_works_as_expected"/>
    <testcase time="0.0759999999999934" classname="table_lbt10_bl" name="LBT10_BL_variant_1_works_as_expected"/>
    <testcase time="0.155000000000001" classname="table_lbt10_bl" name="LBT10_BL_variant_2_works_as_expected"/>
    <testcase time="0.0519999999999925" classname="table_lbt10_bl" name="LBT10_BL_variant_2_works_as_expected"/>
  </testsuite>
  <testsuite name="table_lbt11" timestamp="2026-03-06T13:55:40Z" hostname="f4fced406941" tests="6" skipped="0" failures="0" errors="0" time="0.779">
    <testcase time="0.212999999999994" classname="table_lbt11" name="LBT11_variant_1_works_as_expected"/>
    <testcase time="0.0980000000000132" classname="table_lbt11" name="LBT11_variant_1_works_as_expected"/>
    <testcase time="0.100999999999999" classname="table_lbt11" name="LBT11_variant_2_works_as_expected"/>
    <testcase time="0.0879999999999939" classname="table_lbt11" name="LBT11_variant_2_works_as_expected"/>
    <testcase time="0.183999999999997" classname="table_lbt11" name="LBT11_variant_3_works_as_expected"/>
    <testcase time="0.0949999999999989" classname="table_lbt11" name="LBT11_variant_3_works_as_expected"/>
  </testsuite>
  <testsuite name="table_lbt11_bl" timestamp="2026-03-06T13:55:40Z" hostname="f4fced406941" tests="6" skipped="0" failures="0" errors="0" time="0.868">
    <testcase time="0.247000000000014" classname="table_lbt11_bl" name="LBT11_BL_variant_1_works_as_expected"/>
    <testcase time="0.085000000000008" classname="table_lbt11_bl" name="LBT11_BL_variant_1_works_as_expected"/>
    <testcase time="0.131999999999977" classname="table_lbt11_bl" name="LBT11_BL_variant_2_works_as_expected"/>
    <testcase time="0.0649999999999977" classname="table_lbt11_bl" name="LBT11_BL_variant_2_works_as_expected"/>
    <testcase time="0.243000000000023" classname="table_lbt11_bl" name="LBT11_BL_variant_3_works_as_expected"/>
    <testcase time="0.0960000000000036" classname="table_lbt11_bl" name="LBT11_BL_variant_3_works_as_expected"/>
  </testsuite>
  <testsuite name="table_lbt12" timestamp="2026-03-06T13:55:41Z" hostname="f4fced406941" tests="2" skipped="0" failures="0" errors="0" time="0.448">
    <testcase time="0.356999999999999" classname="table_lbt12" name="LBT12_works_as_expected"/>
    <testcase time="0.0909999999999798" classname="table_lbt12" name="LBT12_works_as_expected"/>
  </testsuite>
  <testsuite name="table_lbt12_bl" timestamp="2026-03-06T13:55:42Z" hostname="f4fced406941" tests="2" skipped="0" failures="0" errors="0" time="0.406">
    <testcase time="0.340000000000003" classname="table_lbt12_bl" name="LBT12_BL_works_as_expected"/>
    <testcase time="0.0660000000000025" classname="table_lbt12_bl" name="LBT12_BL_works_as_expected"/>
  </testsuite>
  <testsuite name="table_lbt13" timestamp="2026-03-06T13:55:43Z" hostname="f4fced406941" tests="10" skipped="0" failures="0" errors="0" time="2.622">
    <testcase time="0.813999999999993" classname="table_lbt13" name="LBT13_variant_1_LOW_works_as_expected"/>
    <testcase time="0.099000000000018" classname="table_lbt13" name="LBT13_variant_1_LOW_works_as_expected"/>
    <testcase time="0.173000000000002" classname="table_lbt13" name="LBT13_variant_2_HIGH_works_as_expected"/>
    <testcase time="0.0519999999999925" classname="table_lbt13" name="LBT13_variant_2_HIGH_works_as_expected"/>
    <testcase time="0.289999999999992" classname="table_lbt13" name="LBT13_variant_3_LOW_without_baseline_missing_works_as_expected"/>
    <testcase time="0.0750000000000171" classname="table_lbt13" name="LBT13_variant_3_LOW_without_baseline_missing_works_as_expected"/>
    <testcase time="0.425999999999988" classname="table_lbt13" name="LBT13_variant_4_HIGH_with_missing_baseline_considered_as_grade_0_works_as_expected"/>
    <testcase time="0.0579999999999927" classname="table_lbt13" name="LBT13_variant_4_HIGH_with_missing_baseline_considered_as_grade_0_works_as_expected"/>
    <testcase time="0.433999999999997" classname="table_lbt13" name="LBT14_variant_5_HIGH_with_filled_in_grades_works_as_expected"/>
    <testcase time="0.201000000000022" classname="table_lbt13" name="LBT14_variant_5_HIGH_with_filled_in_grades_works_as_expected"/>
  </testsuite>
  <testsuite name="table_lbt14" timestamp="2026-03-06T13:55:45Z" hostname="f4fced406941" tests="10" skipped="0" failures="0" errors="0" time="30.935">
    <testcase time="6.06199999999998" classname="table_lbt14" name="LBT14_variant_1_HIGH_works_as_expected"/>
    <testcase time="0.453000000000003" classname="table_lbt14" name="LBT14_variant_1_HIGH_works_as_expected"/>
    <testcase time="5.77600000000001" classname="table_lbt14" name="LBT14_variant_2_LOW_works_as_expected"/>
    <testcase time="0.345999999999975" classname="table_lbt14" name="LBT14_variant_2_LOW_works_as_expected"/>
    <testcase time="3.95000000000002" classname="table_lbt14" name="LBT14_variant_3_LOW_without_baseline_missing_works_as_expected"/>
    <testcase time="0.417000000000002" classname="table_lbt14" name="LBT14_variant_3_LOW_without_baseline_missing_works_as_expected"/>
    <testcase time="5.31099999999998" classname="table_lbt14" name="LBT14_variant_4_LOW_and_force_1_missing_both_baseline_and_post_baseline_then_force_the_missing_baseline_as_0_as_expected"/>
    <testcase time="0.238" classname="table_lbt14" name="LBT14_variant_4_LOW_and_force_1_missing_both_baseline_and_post_baseline_then_force_the_missing_baseline_as_0_as_expected"/>
    <testcase time="5.69400000000002" classname="table_lbt14" name="LBT14_variant_5_HIGH_with_fillings_works_as_expected"/>
    <testcase time="2.68799999999999" classname="table_lbt14" name="LBT14_variant_5_HIGH_with_fillings_works_as_expected"/>
  </testsuite>
  <testsuite name="table_lbt15" timestamp="2026-03-06T13:56:16Z" hostname="f4fced406941" tests="4" skipped="0" failures="0" errors="0" time="1.612">
    <testcase time="0.652000000000015" classname="table_lbt15" name="LBT15_variant_1_works_as_expected"/>
    <testcase time="0.199999999999989" classname="table_lbt15" name="LBT15_variant_1_works_as_expected"/>
    <testcase time="0.569999999999993" classname="table_lbt15" name="LBT15_variant_2_works_as_expected"/>
    <testcase time="0.190000000000026" classname="table_lbt15" name="LBT15_variant_2_works_as_expected"/>
  </testsuite>
  <testsuite name="table_lgrt02" timestamp="2026-03-06T13:56:17Z" hostname="f4fced406941" tests="8" skipped="0" failures="0" errors="0" time="3.19">
    <testcase time="0.586999999999989" classname="table_lgrt02" name="LGRT02_without_interaction_term_is_produced_correctly"/>
    <testcase time="0.144000000000005" classname="table_lgrt02" name="LGRT02_without_interaction_term_is_produced_correctly"/>
    <testcase time="0.709000000000003" classname="table_lgrt02" name="LGRT02_with_categorical_interaction_is_produced_correctly"/>
    <testcase time="0.169999999999987" classname="table_lgrt02" name="LGRT02_with_categorical_interaction_is_produced_correctly"/>
    <testcase time="0.711999999999989" classname="table_lgrt02" name="LGRT02_with_continuous_interaction_is_produced_correctly"/>
    <testcase time="0.167000000000002" classname="table_lgrt02" name="LGRT02_with_continuous_interaction_is_produced_correctly"/>
    <testcase time="0.558000000000021" classname="table_lgrt02" name="LGRT02_with_setting_values_indicating_an_event_and_custom_alpha_level_is_produced_correctly"/>
    <testcase time="0.143000000000001" classname="table_lgrt02" name="LGRT02_with_setting_values_indicating_an_event_and_custom_alpha_level_is_produced_correctly"/>
  </testsuite>
  <testsuite name="table_mht01" timestamp="2026-03-06T13:56:20Z" hostname="f4fced406941" tests="8" skipped="0" failures="0" errors="0" time="1.696">
    <testcase time="0.619999999999976" classname="table_mht01" name="MHT01_variant_1_is_produced_accurately"/>
    <testcase time="0.111000000000018" classname="table_mht01" name="MHT01_variant_1_is_produced_accurately"/>
    <testcase time="0.105999999999995" classname="table_mht01" name="MHT01_variant_2_is_produced_accurately"/>
    <testcase time="0.0509999999999877" classname="table_mht01" name="MHT01_variant_2_is_produced_accurately"/>
    <testcase time="0.261000000000024" classname="table_mht01" name="MHT01_variant_3_is_produced_accurately"/>
    <testcase time="0.089999999999975" classname="table_mht01" name="MHT01_variant_3_is_produced_accurately"/>
    <testcase time="0.332999999999998" classname="table_mht01" name="MHT01_variant_5_is_produced_accurately"/>
    <testcase time="0.124000000000024" classname="table_mht01" name="MHT01_variant_5_is_produced_accurately"/>
  </testsuite>
  <testsuite name="table_onct05" timestamp="2026-03-06T13:56:22Z" hostname="f4fced406941" tests="10" skipped="0" failures="0" errors="0" time="2.626">
    <testcase time="0.486999999999995" classname="table_onct05" name="ONCT05_variant_1_Objective_Response_Rate_by_Subgroup_is_produced_correctly"/>
    <testcase time="0.100999999999999" classname="table_onct05" name="ONCT05_variant_1_Objective_Response_Rate_by_Subgroup_is_produced_correctly"/>
    <testcase time="0.478000000000009" classname="table_onct05" name="ONCT05_variant_2_Specifying_class_variables_is_produced_correctly"/>
    <testcase time="0.103999999999985" classname="table_onct05" name="ONCT05_variant_2_Specifying_class_variables_is_produced_correctly"/>
    <testcase time="0.213999999999999" classname="table_onct05" name="ONCT05_variant_3_selecting_columns_and_changing_the_alpha_level_is_produced_correctly"/>
    <testcase time="0.063999999999993" classname="table_onct05" name="ONCT05_variant_3_selecting_columns_and_changing_the_alpha_level_is_produced_correctly"/>
    <testcase time="0.453000000000003" classname="table_onct05" name="ONCT05_variant_4_setting_values_indicating_response_is_produced_correctly"/>
    <testcase time="0.0999999999999943" classname="table_onct05" name="ONCT05_variant_4_setting_values_indicating_response_is_produced_correctly"/>
    <testcase time="0.515000000000015" classname="table_onct05" name="ONCT05_with_risk_difference_column_is_produced_correctly"/>
    <testcase time="0.109999999999985" classname="table_onct05" name="ONCT05_with_risk_difference_column_is_produced_correctly"/>
  </testsuite>
  <testsuite name="table_pdt01" timestamp="2026-03-06T13:56:25Z" hostname="f4fced406941" tests="2" skipped="0" failures="0" errors="0" time="0.399">
    <testcase time="0.28400000000002" classname="table_pdt01" name="PDT01_is_produced_correctly"/>
    <testcase time="0.114999999999981" classname="table_pdt01" name="PDT01_is_produced_correctly"/>
  </testsuite>
  <testsuite name="table_pdt02" timestamp="2026-03-06T13:56:25Z" hostname="f4fced406941" tests="2" skipped="0" failures="0" errors="0" time="0.234">
    <testcase time="0.167000000000002" classname="table_pdt02" name="PDT02_is_produced_correctly"/>
    <testcase time="0.0670000000000073" classname="table_pdt02" name="PDT02_is_produced_correctly"/>
  </testsuite>
  <testsuite name="table_pkct01" timestamp="2026-03-06T13:56:25Z" hostname="f4fced406941" tests="10" skipped="0" failures="0" errors="0" time="3.16">
    <testcase time="0.275000000000006" classname="table_pkct01" name="PKCT01_is_produced_correctly"/>
    <testcase time="0.0809999999999889" classname="table_pkct01" name="PKCT01_is_produced_correctly"/>
    <testcase time="0.14500000000001" classname="table_pkct01" name="PKCT01_is_produced_correctly"/>
    <testcase time="0.0389999999999873" classname="table_pkct01" name="PKCT01_is_produced_correctly"/>
    <testcase time="0.989000000000004" classname="table_pkct01" name="Specific_PKCT01_features_are_present"/>
    <testcase time="0.207999999999998" classname="table_pkct01" name="Specific_PKCT01_features_are_present"/>
    <testcase time="0.192000000000007" classname="table_pkct01" name="Specific_PKCT01_features_are_present"/>
    <testcase time="0.0029999999999859" classname="table_pkct01" name="Specific_PKCT01_features_are_present"/>
    <testcase time="0.677000000000021" classname="table_pkct01" name="Specific_PKCT01_features_are_present"/>
    <testcase time="0.550999999999988" classname="table_pkct01" name="Specific_PKCT01_features_are_present"/>
  </testsuite>
  <testsuite name="table_pkpt02" timestamp="2026-03-06T13:56:29Z" hostname="f4fced406941" tests="2" skipped="0" failures="0" errors="0" time="0.563">
    <testcase time="0.364000000000004" classname="table_pkpt02" name="PKPT02_is_produced_correctly_for_Drug_X"/>
    <testcase time="0.199000000000012" classname="table_pkpt02" name="PKPT02_is_produced_correctly_for_Drug_X"/>
  </testsuite>
  <testsuite name="table_pkpt03" timestamp="2026-03-06T13:56:29Z" hostname="f4fced406941" tests="2" skipped="0" failures="0" errors="0" time="1.214">
    <testcase time="1.029" classname="table_pkpt03" name="PKPT03_Drug_X_is_produced_correctly"/>
    <testcase time="0.185000000000002" classname="table_pkpt03" name="PKPT03_Drug_X_is_produced_correctly"/>
  </testsuite>
  <testsuite name="table_pkpt04" timestamp="2026-03-06T13:56:30Z" hostname="f4fced406941" tests="2" skipped="0" failures="0" errors="0" time="0.196">
    <testcase time="0.129999999999995" classname="table_pkpt04" name="PKPT04_is_produced_correctly_for_Drug_X"/>
    <testcase time="0.0660000000000025" classname="table_pkpt04" name="PKPT04_is_produced_correctly_for_Drug_X"/>
  </testsuite>
  <testsuite name="table_pkpt05" timestamp="2026-03-06T13:56:30Z" hostname="f4fced406941" tests="2" skipped="0" failures="0" errors="0" time="0.443">
    <testcase time="0.317999999999984" classname="table_pkpt05" name="PKPT05_Drug_X_is_produced_correctly"/>
    <testcase time="0.125" classname="table_pkpt05" name="PKPT05_Drug_X_is_produced_correctly"/>
  </testsuite>
  <testsuite name="table_pkpt06" timestamp="2026-03-06T13:56:31Z" hostname="f4fced406941" tests="4" skipped="0" failures="0" errors="0" time="0.253">
    <testcase time="0.0960000000000036" classname="table_pkpt06" name="PKPT06_is_produced_correctly_for_Drug_X"/>
    <testcase time="0.061000000000007" classname="table_pkpt06" name="PKPT06_is_produced_correctly_for_Drug_X"/>
    <testcase time="0.0569999999999879" classname="table_pkpt06" name="PKPT06_is_produced_correctly_for_Drug_Y"/>
    <testcase time="0.0390000000000157" classname="table_pkpt06" name="PKPT06_is_produced_correctly_for_Drug_Y"/>
  </testsuite>
  <testsuite name="table_pkpt07" timestamp="2026-03-06T13:56:31Z" hostname="f4fced406941" tests="4" skipped="0" failures="0" errors="0" time="0.542">
    <testcase time="0.246999999999986" classname="table_pkpt07" name="PKPT07_Drug_X_is_produced_correctly"/>
    <testcase time="0.0860000000000127" classname="table_pkpt07" name="PKPT07_Drug_X_is_produced_correctly"/>
    <testcase time="0.135999999999996" classname="table_pkpt07" name="PKPT07_Drug_Y_is_produced_correctly"/>
    <testcase time="0.0730000000000075" classname="table_pkpt07" name="PKPT07_Drug_Y_is_produced_correctly"/>
[...]
    <testcase time="9.44999999999999" classname="tsfae22apart1" name="tsfae22apart1of4"/>
  </testsuite>
  <testsuite name="tsfae22apart2" timestamp="2026-03-06T14:01:05Z" hostname="f4fced406941" tests="1" skipped="0" failures="0" errors="0" time="9.182">
    <testcase time="9.18200000000002" classname="tsfae22apart2" name="tsfae22apart2of4"/>
  </testsuite>
  <testsuite name="tsfae22apart3" timestamp="2026-03-06T14:01:15Z" hostname="f4fced406941" tests="1" skipped="0" failures="0" errors="0" time="9.278">
    <testcase time="9.27800000000002" classname="tsfae22apart3" name="tsfae22apart3of4"/>
  </testsuite>
  <testsuite name="tsfae22apart4" timestamp="2026-03-06T14:01:24Z" hostname="f4fced406941" tests="1" skipped="0" failures="0" errors="0" time="9.365">
    <testcase time="9.36500000000001" classname="tsfae22apart4" name="tsfae22apart4of4"/>
  </testsuite>
  <testsuite name="tsfae22bpart1" timestamp="2026-03-06T14:01:33Z" hostname="f4fced406941" tests="1" skipped="0" failures="0" errors="0" time="5.912">
    <testcase time="5.91199999999992" classname="tsfae22bpart1" name="tsfae22bpart1of2"/>
  </testsuite>
  <testsuite name="tsfae22bpart2" timestamp="2026-03-06T14:01:39Z" hostname="f4fced406941" tests="1" skipped="0" failures="0" errors="0" time="5.623">
    <testcase time="5.62300000000005" classname="tsfae22bpart2" name="tsfae22bpart2of2"/>
  </testsuite>
  <testsuite name="tsfae22cpart1" timestamp="2026-03-06T14:01:45Z" hostname="f4fced406941" tests="1" skipped="0" failures="0" errors="0" time="8.083">
    <testcase time="8.08299999999997" classname="tsfae22cpart1" name="tsfae22cpart1of4"/>
  </testsuite>
  <testsuite name="tsfae22cpart2" timestamp="2026-03-06T14:01:53Z" hostname="f4fced406941" tests="1" skipped="0" failures="0" errors="0" time="8.17">
    <testcase time="8.17000000000007" classname="tsfae22cpart2" name="tsfae22cpart2of4"/>
  </testsuite>
  <testsuite name="tsfae22cpart3" timestamp="2026-03-06T14:02:01Z" hostname="f4fced406941" tests="1" skipped="0" failures="0" errors="0" time="8.256">
    <testcase time="8.25599999999997" classname="tsfae22cpart3" name="tsfae22cpart3of4"/>
  </testsuite>
  <testsuite name="tsfae22cpart4" timestamp="2026-03-06T14:02:09Z" hostname="f4fced406941" tests="1" skipped="0" failures="0" errors="0" time="8.359">
    <testcase time="8.35900000000004" classname="tsfae22cpart4" name="tsfae22cpart4of4"/>
  </testsuite>
  <testsuite name="tsfae23a" timestamp="2026-03-06T14:02:18Z" hostname="f4fced406941" tests="1" skipped="0" failures="0" errors="0" time="0.828">
    <testcase time="0.827999999999975" classname="tsfae23a" name="tsfae23a"/>
  </testsuite>
  <testsuite name="tsfae23b" timestamp="2026-03-06T14:02:19Z" hostname="f4fced406941" tests="1" skipped="0" failures="0" errors="0" time="0.389">
    <testcase time="0.38900000000001" classname="tsfae23b" name="tsfae23b"/>
  </testsuite>
  <testsuite name="tsfae23c" timestamp="2026-03-06T14:02:19Z" hostname="f4fced406941" tests="1" skipped="0" failures="0" errors="0" time="0.624">
    <testcase time="0.62399999999991" classname="tsfae23c" name="tsfae23c"/>
  </testsuite>
  <testsuite name="tsfae23d" timestamp="2026-03-06T14:02:20Z" hostname="f4fced406941" tests="1" skipped="0" failures="0" errors="0" time="0.854">
    <testcase time="0.854000000000042" classname="tsfae23d" name="tsfae23d"/>
  </testsuite>
  <testsuite name="tsfae24a" timestamp="2026-03-06T14:02:20Z" hostname="f4fced406941" tests="1" skipped="0" failures="0" errors="0" time="0.454">
    <testcase time="0.454000000000065" classname="tsfae24a" name="tsfae24a"/>
  </testsuite>
  <testsuite name="tsfae24b" timestamp="2026-03-06T14:02:21Z" hostname="f4fced406941" tests="1" skipped="0" failures="0" errors="0" time="0.496">
    <testcase time="0.495999999999981" classname="tsfae24b" name="tsfae24b"/>
  </testsuite>
  <testsuite name="tsfae24c" timestamp="2026-03-06T14:02:21Z" hostname="f4fced406941" tests="1" skipped="0" failures="0" errors="0" time="2.5">
    <testcase time="2.5" classname="tsfae24c" name="tsfae24c"/>
  </testsuite>
  <testsuite name="tsfae24d" timestamp="2026-03-06T14:02:24Z" hostname="f4fced406941" tests="1" skipped="0" failures="0" errors="0" time="2.676">
    <testcase time="2.67599999999993" classname="tsfae24d" name="tsfae24d"/>
  </testsuite>
  <testsuite name="tsfae24fpart1" timestamp="2026-03-06T14:02:27Z" hostname="f4fced406941" tests="1" skipped="0" failures="0" errors="0" time="11.84">
    <testcase time="11.84" classname="tsfae24fpart1" name="tsfae24fpart1of3"/>
  </testsuite>
  <testsuite name="tsfae24fpart2" timestamp="2026-03-06T14:02:38Z" hostname="f4fced406941" tests="1" skipped="0" failures="0" errors="0" time="12.039">
    <testcase time="12.039" classname="tsfae24fpart2" name="tsfae24fpart2of3"/>
  </testsuite>
  <testsuite name="tsfae24fpart3" timestamp="2026-03-06T14:02:50Z" hostname="f4fced406941" tests="1" skipped="0" failures="0" errors="0" time="11.445">
    <testcase time="11.4450000000001" classname="tsfae24fpart3" name="tsfae24fpart3of3"/>
  </testsuite>
  <testsuite name="tsfdth01" timestamp="2026-03-06T14:03:02Z" hostname="f4fced406941" tests="1" skipped="0" failures="0" errors="0" time="1.199">
    <testcase time="1.19899999999996" classname="tsfdth01" name="tsfdth01"/>
  </testsuite>
  <testsuite name="tsfecg01apart1" timestamp="2026-03-06T14:03:03Z" hostname="f4fced406941" tests="1" skipped="0" failures="0" errors="0" time="4.456">
    <testcase time="4.45600000000002" classname="tsfecg01apart1" name="tsfecg01a"/>
  </testsuite>
  <testsuite name="tsfecg01apart2" timestamp="2026-03-06T14:03:08Z" hostname="f4fced406941" tests="1" skipped="0" failures="0" errors="0" time="4.438">
    <testcase time="4.43799999999999" classname="tsfecg01apart2" name="tsfecg01a"/>
  </testsuite>
  <testsuite name="tsfecg01apart3" timestamp="2026-03-06T14:03:12Z" hostname="f4fced406941" tests="1" skipped="0" failures="0" errors="0" time="4.508">
    <testcase time="4.50800000000004" classname="tsfecg01apart3" name="tsfecg01a"/>
  </testsuite>
  <testsuite name="tsfecg01part1" timestamp="2026-03-06T14:03:16Z" hostname="f4fced406941" tests="1" skipped="0" failures="0" errors="0" time="8.836">
    <testcase time="8.83600000000001" classname="tsfecg01part1" name="tsfecg01"/>
  </testsuite>
  <testsuite name="tsfecg01part2" timestamp="2026-03-06T14:03:25Z" hostname="f4fced406941" tests="1" skipped="0" failures="0" errors="0" time="8.312">
    <testcase time="8.31200000000001" classname="tsfecg01part2" name="tsfecg01"/>
  </testsuite>
  <testsuite name="tsfecg02" timestamp="2026-03-06T14:03:34Z" hostname="f4fced406941" tests="1" skipped="0" failures="0" errors="0" time="2.93">
    <testcase time="2.92999999999995" classname="tsfecg02" name="tsfecg02"/>
  </testsuite>
  <testsuite name="tsfecg03" timestamp="2026-03-06T14:03:37Z" hostname="f4fced406941" tests="1" skipped="0" failures="0" errors="0" time="0.58">
    <testcase time="0.580000000000041" classname="tsfecg03" name="tsfecg03"/>
  </testsuite>
  <testsuite name="tsfecg04" timestamp="2026-03-06T14:03:37Z" hostname="f4fced406941" tests="1" skipped="0" failures="0" errors="0" time="2.25">
    <testcase time="2.25" classname="tsfecg04" name="tsfecg04"/>
  </testsuite>
  <testsuite name="tsfecg05" timestamp="2026-03-06T14:03:39Z" hostname="f4fced406941" tests="1" skipped="0" failures="0" errors="0" time="1.26">
    <testcase time="1.25999999999999" classname="tsfecg05" name="tsfecg05"/>
  </testsuite>
  <testsuite name="tsflab01apart1" timestamp="2026-03-06T14:03:41Z" hostname="f4fced406941" tests="1" skipped="0" failures="0" errors="0" time="14.399">
    <testcase time="14.399" classname="tsflab01apart1" name="tsflab01a"/>
  </testsuite>
  <testsuite name="tsflab01apart2" timestamp="2026-03-06T14:03:55Z" hostname="f4fced406941" tests="1" skipped="0" failures="0" errors="0" time="14.327">
    <testcase time="14.327" classname="tsflab01apart2" name="tsflab01a"/>
  </testsuite>
  <testsuite name="tsflab01apart3" timestamp="2026-03-06T14:04:09Z" hostname="f4fced406941" tests="1" skipped="0" failures="0" errors="0" time="14.176">
    <testcase time="14.1759999999999" classname="tsflab01apart3" name="tsflab01a"/>
  </testsuite>
  <testsuite name="tsflab01part1" timestamp="2026-03-06T14:04:24Z" hostname="f4fced406941" tests="1" skipped="0" failures="0" errors="0" time="6.514">
    <testcase time="6.51400000000001" classname="tsflab01part1" name="tsflab01"/>
  </testsuite>
  <testsuite name="tsflab01part2" timestamp="2026-03-06T14:04:30Z" hostname="f4fced406941" tests="1" skipped="0" failures="0" errors="0" time="5.985">
    <testcase time="5.98500000000001" classname="tsflab01part2" name="tsflab01"/>
  </testsuite>
  <testsuite name="tsflab02" timestamp="2026-03-06T14:04:36Z" hostname="f4fced406941" tests="1" skipped="0" failures="0" errors="0" time="0.955">
    <testcase time="0.955000000000041" classname="tsflab02" name="tsflab02"/>
  </testsuite>
  <testsuite name="tsflab02a" timestamp="2026-03-06T14:04:37Z" hostname="f4fced406941" tests="1" skipped="0" failures="0" errors="0" time="2.527">
    <testcase time="2.52699999999993" classname="tsflab02a" name="tsflab02a"/>
  </testsuite>
  <testsuite name="tsflab02b" timestamp="2026-03-06T14:04:40Z" hostname="f4fced406941" tests="1" skipped="0" failures="0" errors="0" time="2.103">
    <testcase time="2.10300000000007" classname="tsflab02b" name="tsflab02b"/>
  </testsuite>
  <testsuite name="tsflab03" timestamp="2026-03-06T14:04:42Z" hostname="f4fced406941" tests="1" skipped="0" failures="0" errors="0" time="3.289">
    <testcase time="3.28899999999999" classname="tsflab03" name="tsflab03"/>
  </testsuite>
  <testsuite name="tsflab03a" timestamp="2026-03-06T14:04:45Z" hostname="f4fced406941" tests="1" skipped="0" failures="0" errors="0" time="9.766">
    <testcase time="9.76599999999996" classname="tsflab03a" name="tsflab03a"/>
  </testsuite>
  <testsuite name="tsflab04a" timestamp="2026-03-06T14:04:55Z" hostname="f4fced406941" tests="1" skipped="0" failures="0" errors="0" time="2.661">
    <testcase time="2.66100000000006" classname="tsflab04a" name="tsflab04a"/>
  </testsuite>
  <testsuite name="tsflab04b" timestamp="2026-03-06T14:04:57Z" hostname="f4fced406941" tests="1" skipped="0" failures="0" errors="0" time="1.089">
    <testcase time="1.08899999999994" classname="tsflab04b" name="tsflab04b"/>
  </testsuite>
  <testsuite name="tsflab05" timestamp="2026-03-06T14:04:58Z" hostname="f4fced406941" tests="1" skipped="0" failures="0" errors="0" time="2.932">
    <testcase time="2.93200000000002" classname="tsflab05" name="tsflab05"/>
  </testsuite>
  <testsuite name="tsflab06" timestamp="2026-03-06T14:05:01Z" hostname="f4fced406941" tests="1" skipped="0" failures="0" errors="0" time="2.9">
    <testcase time="2.89999999999998" classname="tsflab06" name="tsflab06"/>
  </testsuite>
  <testsuite name="tsflab07" timestamp="2026-03-06T14:05:04Z" hostname="f4fced406941" tests="1" skipped="0" failures="0" errors="0" time="16.536">
    <testcase time="16.5360000000001" classname="tsflab07" name="tsflab07"/>
  </testsuite>
  <testsuite name="tsfvit01apart1" timestamp="2026-03-06T14:05:21Z" hostname="f4fced406941" tests="1" skipped="0" failures="0" errors="0" time="6.803">
    <testcase time="6.803" classname="tsfvit01apart1" name="tsfvit01a"/>
  </testsuite>
  <testsuite name="tsfvit01apart2" timestamp="2026-03-06T14:05:28Z" hostname="f4fced406941" tests="1" skipped="0" failures="0" errors="0" time="6.859">
    <testcase time="6.85900000000004" classname="tsfvit01apart2" name="tsfvit01a"/>
  </testsuite>
  <testsuite name="tsfvit01apart3" timestamp="2026-03-06T14:05:34Z" hostname="f4fced406941" tests="1" skipped="0" failures="0" errors="0" time="6.434">
    <testcase time="6.43399999999997" classname="tsfvit01apart3" name="tsfvit01a"/>
  </testsuite>
  <testsuite name="tsfvit01apart4" timestamp="2026-03-06T14:05:41Z" hostname="f4fced406941" tests="1" skipped="0" failures="0" errors="0" time="6.469">
    <testcase time="6.46900000000005" classname="tsfvit01apart4" name="tsfvit01a"/>
  </testsuite>
  <testsuite name="tsfvit01part1" timestamp="2026-03-06T14:05:47Z" hostname="f4fced406941" tests="1" skipped="0" failures="0" errors="0" time="3.401">
    <testcase time="3.40099999999995" classname="tsfvit01part1" name="tsfvit01"/>
  </testsuite>
  <testsuite name="tsfvit01part2" timestamp="2026-03-06T14:05:51Z" hostname="f4fced406941" tests="1" skipped="0" failures="0" errors="0" time="3.415">
    <testcase time="3.41499999999996" classname="tsfvit01part2" name="tsfvit01"/>
  </testsuite>
  <testsuite name="tsfvit01part3" timestamp="2026-03-06T14:05:54Z" hostname="f4fced406941" tests="1" skipped="0" failures="0" errors="0" time="3.445">
    <testcase time="3.44500000000005" classname="tsfvit01part3" name="tsfvit01"/>
  </testsuite>
  <testsuite name="tsfvit01part4" timestamp="2026-03-06T14:05:58Z" hostname="f4fced406941" tests="1" skipped="0" failures="0" errors="0" time="3.453">
    <testcase time="3.45299999999997" classname="tsfvit01part4" name="tsfvit01"/>
  </testsuite>
  <testsuite name="tsfvit02" timestamp="2026-03-06T14:06:01Z" hostname="f4fced406941" tests="1" skipped="0" failures="0" errors="0" time="0.652">
    <testcase time="0.652000000000044" classname="tsfvit02" name="tsfvit02"/>
  </testsuite>
  <testsuite name="tsfvit03" timestamp="2026-03-06T14:06:02Z" hostname="f4fced406941" tests="1" skipped="0" failures="0" errors="0" time="0.637">
    <testcase time="0.636999999999944" classname="tsfvit03" name="tsfvit03"/>
  </testsuite>
  <testsuite name="tsfvit04" timestamp="2026-03-06T14:06:02Z" hostname="f4fced406941" tests="1" skipped="0" failures="0" errors="0" time="0.639">
    <testcase time="0.63900000000001" classname="tsfvit04" name="tsfvit04"/>
  </testsuite>
  <testsuite name="tsfvit05" timestamp="2026-03-06T14:06:03Z" hostname="f4fced406941" tests="1" skipped="0" failures="0" errors="0" time="1.786">
    <testcase time="1.78600000000006" classname="tsfvit05" name="tsfvit05"/>
  </testsuite>
  <testsuite name="tsfvit06" timestamp="2026-03-06T14:06:05Z" hostname="f4fced406941" tests="1" skipped="0" failures="0" errors="0" time="0.576">
    <testcase time="0.575999999999908" classname="tsfvit06" name="tsfvit06"/>
  </testsuite>
  <testsuite name="tsicm01" timestamp="2026-03-06T14:06:05Z" hostname="f4fced406941" tests="1" skipped="0" failures="0" errors="0" time="5.413">
    <testcase time="5.41300000000001" classname="tsicm01" name="tsicm01"/>
  </testsuite>
  <testsuite name="tsicm02" timestamp="2026-03-06T14:06:11Z" hostname="f4fced406941" tests="1" skipped="0" failures="0" errors="0" time="5.198">
    <testcase time="5.19799999999998" classname="tsicm02" name="tsicm02"/>
  </testsuite>
  <testsuite name="tsicm03" timestamp="2026-03-06T14:06:16Z" hostname="f4fced406941" tests="1" skipped="0" failures="0" errors="0" time="4.063">
    <testcase time="4.0630000000001" classname="tsicm03" name="tsicm03"/>
  </testsuite>
  <testsuite name="tsicm04" timestamp="2026-03-06T14:06:20Z" hostname="f4fced406941" tests="1" skipped="0" failures="0" errors="0" time="4.109">
    <testcase time="4.10899999999992" classname="tsicm04" name="tsicm04"/>
  </testsuite>
  <testsuite name="tsicm05" timestamp="2026-03-06T14:06:24Z" hostname="f4fced406941" tests="1" skipped="0" failures="0" errors="0" time="6.736">
    <testcase time="6.73599999999999" classname="tsicm05" name="tsicm05"/>
  </testsuite>
  <testsuite name="tsicm06" timestamp="2026-03-06T14:06:31Z" hostname="f4fced406941" tests="1" skipped="0" failures="0" errors="0" time="6.856">
    <testcase time="6.85599999999999" classname="tsicm06" name="tsicm06"/>
  </testsuite>
  <testsuite name="tsicm07" timestamp="2026-03-06T14:06:38Z" hostname="f4fced406941" tests="1" skipped="0" failures="0" errors="0" time="0.679">
    <testcase time="0.679000000000087" classname="tsicm07" name="tsicm07"/>
  </testsuite>
  <testsuite name="tsicm08" timestamp="2026-03-06T14:06:38Z" hostname="f4fced406941" tests="1" skipped="0" failures="0" errors="0" time="0.66">
    <testcase time="0.659999999999968" classname="tsicm08" name="tsicm08"/>
  </testsuite>
  <testsuite name="tsidem01" timestamp="2026-03-06T14:06:39Z" hostname="f4fced406941" tests="1" skipped="0" failures="0" errors="0" time="2.607">
    <testcase time="2.60699999999997" classname="tsidem01" name="tsidem01"/>
  </testsuite>
  <testsuite name="tsidem02" timestamp="2026-03-06T14:06:42Z" hostname="f4fced406941" tests="1" skipped="0" failures="0" errors="0" time="0.707">
    <testcase time="0.706999999999994" classname="tsidem02" name="tsidem02"/>
  </testsuite>
  <testsuite name="tsids01" timestamp="2026-03-06T14:06:42Z" hostname="f4fced406941" tests="1" skipped="0" failures="0" errors="0" time="0.355">
    <testcase time="0.355000000000018" classname="tsids01" name="tsids01"/>
  </testsuite>
  <testsuite name="tsids02" timestamp="2026-03-06T14:06:43Z" hostname="f4fced406941" tests="1" skipped="0" failures="0" errors="0" time="1.415">
    <testcase time="1.41499999999996" classname="tsids02" name="tsids02"/>
  </testsuite>
  <testsuite name="tsids02a" timestamp="2026-03-06T14:06:44Z" hostname="f4fced406941" tests="1" skipped="0" failures="0" errors="0" time="7.158">
    <testcase time="7.15800000000002" classname="tsids02a" name="tsids02a"/>
  </testsuite>
  <testsuite name="tsiex01" timestamp="2026-03-06T14:06:51Z" hostname="f4fced406941" tests="1" skipped="0" failures="0" errors="0" time="1.424">
    <testcase time="1.42399999999998" classname="tsiex01" name="tsiex01"/>
  </testsuite>
  <testsuite name="tsiex02" timestamp="2026-03-06T14:06:53Z" hostname="f4fced406941" tests="1" skipped="0" failures="0" errors="0" time="1.308">
    <testcase time="1.30799999999999" classname="tsiex02" name="tsiex02"/>
  </testsuite>
  <testsuite name="tsiex03" timestamp="2026-03-06T14:06:54Z" hostname="f4fced406941" tests="1" skipped="0" failures="0" errors="0" time="0.996">
    <testcase time="0.996000000000095" classname="tsiex03" name="tsiex03"/>
  </testsuite>
  <testsuite name="tsiex04" timestamp="2026-03-06T14:06:55Z" hostname="f4fced406941" tests="1" skipped="0" failures="0" errors="0" time="0.829">
    <testcase time="0.828999999999951" classname="tsiex04" name="tsiex04"/>
  </testsuite>
  <testsuite name="tsiex06" timestamp="2026-03-06T14:06:56Z" hostname="f4fced406941" tests="1" skipped="0" failures="0" errors="0" time="0.391">
    <testcase time="0.391000000000076" classname="tsiex06" name="tsiex06"/>
  </testsuite>
  <testsuite name="tsiex07" timestamp="2026-03-06T14:06:56Z" hostname="f4fced406941" tests="1" skipped="0" failures="0" errors="0" time="0.575">
    <testcase time="0.574999999999932" classname="tsiex07" name="tsiex07"/>
  </testsuite>
  <testsuite name="tsiex08" timestamp="2026-03-06T14:06:57Z" hostname="f4fced406941" tests="1" skipped="0" failures="0" errors="0" time="1.262">
    <testcase time="1.26200000000006" classname="tsiex08" name="tsiex08"/>
  </testsuite>
  <testsuite name="tsiex09" timestamp="2026-03-06T14:06:58Z" hostname="f4fced406941" tests="1" skipped="0" failures="0" errors="0" time="0.63">
    <testcase time="0.629999999999995" classname="tsiex09" name="tsiex09"/>
  </testsuite>
  <testsuite name="tsiex10" timestamp="2026-03-06T14:06:59Z" hostname="f4fced406941" tests="1" skipped="0" failures="0" errors="0" time="0.58">
    <testcase time="0.579999999999927" classname="tsiex10" name="tsiex10"/>
  </testsuite>
  <testsuite name="tsiex11" timestamp="2026-03-06T14:06:59Z" hostname="f4fced406941" tests="1" skipped="0" failures="0" errors="0" time="3.085">
    <testcase time="3.08500000000004" classname="tsiex11" name="tsiex11"/>
  </testsuite>
  <testsuite name="tsimh01" timestamp="2026-03-06T14:07:02Z" hostname="f4fced406941" tests="1" skipped="0" failures="0" errors="0" time="1.13">
    <testcase time="1.13" classname="tsimh01" name="tsimh01"/>
  </testsuite>
</testsuites>
